[2022-12-05T07:46:18.476+0000] {taskinstance.py:1165} INFO - Dependencies all met for <TaskInstance: traffy_fondue_data_analyst.extract_data manual__2022-12-05T07:46:14.534241+00:00 [queued]>
[2022-12-05T07:46:18.482+0000] {taskinstance.py:1165} INFO - Dependencies all met for <TaskInstance: traffy_fondue_data_analyst.extract_data manual__2022-12-05T07:46:14.534241+00:00 [queued]>
[2022-12-05T07:46:18.483+0000] {taskinstance.py:1362} INFO - 
--------------------------------------------------------------------------------
[2022-12-05T07:46:18.484+0000] {taskinstance.py:1363} INFO - Starting attempt 1 of 1
[2022-12-05T07:46:18.485+0000] {taskinstance.py:1364} INFO - 
--------------------------------------------------------------------------------
[2022-12-05T07:46:18.492+0000] {taskinstance.py:1383} INFO - Executing <Task(PythonOperator): extract_data> on 2022-12-05 07:46:14.534241+00:00
[2022-12-05T07:46:18.500+0000] {standard_task_runner.py:55} INFO - Started process 1173 to run task
[2022-12-05T07:46:18.504+0000] {standard_task_runner.py:82} INFO - Running: ['***', 'tasks', 'run', 'traffy_fondue_data_analyst', 'extract_data', 'manual__2022-12-05T07:46:14.534241+00:00', '--job-id', '156', '--raw', '--subdir', 'DAGS_FOLDER/data_tools_final._oprator.py', '--cfg-path', '/tmp/tmpirpso3rn']
[2022-12-05T07:46:18.506+0000] {standard_task_runner.py:83} INFO - Job 156: Subtask extract_data
[2022-12-05T07:46:18.546+0000] {task_command.py:376} INFO - Running <TaskInstance: traffy_fondue_data_analyst.extract_data manual__2022-12-05T07:46:14.534241+00:00 [running]> on host 0bd7e010c569
[2022-12-05T07:46:18.585+0000] {taskinstance.py:1592} INFO - Exporting the following env vars:
AIRFLOW_CTX_DAG_OWNER=***
AIRFLOW_CTX_DAG_ID=traffy_fondue_data_analyst
AIRFLOW_CTX_TASK_ID=extract_data
AIRFLOW_CTX_EXECUTION_DATE=2022-12-05T07:46:14.534241+00:00
AIRFLOW_CTX_TRY_NUMBER=1
AIRFLOW_CTX_DAG_RUN_ID=manual__2022-12-05T07:46:14.534241+00:00
[2022-12-05T07:46:19.024+0000] {logging_mixin.py:137} INFO - start extract data
[2022-12-05T07:46:19.604+0000] {logging_mixin.py:137} INFO - start call api data
[2022-12-05T07:46:20.144+0000] {logging_mixin.py:137} INFO - start call api data
[2022-12-05T07:46:20.778+0000] {logging_mixin.py:137} INFO - start call api data
[2022-12-05T07:46:21.328+0000] {logging_mixin.py:137} INFO - start call api data
[2022-12-05T07:46:21.891+0000] {logging_mixin.py:137} INFO - start call api data
[2022-12-05T07:46:22.416+0000] {logging_mixin.py:137} INFO - start call api data
[2022-12-05T07:46:22.971+0000] {logging_mixin.py:137} INFO - start call api data
[2022-12-05T07:46:23.608+0000] {logging_mixin.py:137} INFO - start call api data
[2022-12-05T07:46:24.229+0000] {logging_mixin.py:137} INFO - start call api data
[2022-12-05T07:46:25.099+0000] {logging_mixin.py:137} INFO - start call api data
[2022-12-05T07:46:25.974+0000] {logging_mixin.py:137} INFO - start call api data
[2022-12-05T07:46:27.961+0000] {python.py:177} INFO - Done. Returned value was: None
[2022-12-05T07:46:27.969+0000] {taskinstance.py:1406} INFO - Marking task as SUCCESS. dag_id=traffy_fondue_data_analyst, task_id=extract_data, execution_date=20221205T074614, start_date=20221205T074618, end_date=20221205T074627
[2022-12-05T07:46:28.017+0000] {local_task_job.py:159} INFO - Task exited with return code 0
[2022-12-05T07:46:28.032+0000] {taskinstance.py:2623} INFO - 1 downstream tasks scheduled from follow-on schedule check
