[2022-12-05T10:41:45.407+0000] {taskinstance.py:1165} INFO - Dependencies all met for <TaskInstance: traffy_fondue_data_analyst.model_processing manual__2022-12-05T10:41:30.816280+00:00 [queued]>
[2022-12-05T10:41:45.417+0000] {taskinstance.py:1165} INFO - Dependencies all met for <TaskInstance: traffy_fondue_data_analyst.model_processing manual__2022-12-05T10:41:30.816280+00:00 [queued]>
[2022-12-05T10:41:45.418+0000] {taskinstance.py:1362} INFO - 
--------------------------------------------------------------------------------
[2022-12-05T10:41:45.421+0000] {taskinstance.py:1363} INFO - Starting attempt 1 of 1
[2022-12-05T10:41:45.422+0000] {taskinstance.py:1364} INFO - 
--------------------------------------------------------------------------------
[2022-12-05T10:41:45.437+0000] {taskinstance.py:1383} INFO - Executing <Task(PythonOperator): model_processing> on 2022-12-05 10:41:30.816280+00:00
[2022-12-05T10:41:45.451+0000] {standard_task_runner.py:55} INFO - Started process 1389 to run task
[2022-12-05T10:41:45.454+0000] {standard_task_runner.py:82} INFO - Running: ['***', 'tasks', 'run', 'traffy_fondue_data_analyst', 'model_processing', 'manual__2022-12-05T10:41:30.816280+00:00', '--job-id', '170', '--raw', '--subdir', 'DAGS_FOLDER/data_tools_final_oprator.py', '--cfg-path', '/tmp/tmpiwfox50x']
[2022-12-05T10:41:45.456+0000] {standard_task_runner.py:83} INFO - Job 170: Subtask model_processing
[2022-12-05T10:41:45.500+0000] {task_command.py:376} INFO - Running <TaskInstance: traffy_fondue_data_analyst.model_processing manual__2022-12-05T10:41:30.816280+00:00 [running]> on host 804f865bf5b9
[2022-12-05T10:41:45.538+0000] {taskinstance.py:1592} INFO - Exporting the following env vars:
AIRFLOW_CTX_DAG_OWNER=***
AIRFLOW_CTX_DAG_ID=traffy_fondue_data_analyst
AIRFLOW_CTX_TASK_ID=model_processing
AIRFLOW_CTX_EXECUTION_DATE=2022-12-05T10:41:30.816280+00:00
AIRFLOW_CTX_TRY_NUMBER=1
AIRFLOW_CTX_DAG_RUN_ID=manual__2022-12-05T10:41:30.816280+00:00
[2022-12-05T10:41:52.015+0000] {warnings.py:110} WARNING - /home/***/.local/lib/python3.7/site-packages/sklearn/model_selection/_split.py:680: UserWarning: The least populated class in y has only 4 members, which is less than n_splits=5.
  UserWarning,

[2022-12-05T10:42:09.093+0000] {logging_mixin.py:137} INFO -  LogisticRegression(random_state=42) 
[2022-12-05T10:42:09.095+0000] {logging_mixin.py:137} INFO - Train Accuracy Rate           = 0.9905
[2022-12-05T10:42:09.096+0000] {logging_mixin.py:137} INFO - Validataion Accuracy Rate    = 0.7179
[2022-12-05T10:42:09.097+0000] {logging_mixin.py:137} INFO - Test Accuracy Rate      = 0.7161
[2022-12-05T10:42:09.097+0000] {logging_mixin.py:137} INFO - ['แสงสว่าง' 'ความสะอาด' 'กีดขวาง' ... 'ถนน' 'ทางเท้า' 'ต้นไม้']
[2022-12-05T10:42:09.098+0000] {python.py:177} INFO - Done. Returned value was: None
[2022-12-05T10:42:09.106+0000] {taskinstance.py:1406} INFO - Marking task as SUCCESS. dag_id=traffy_fondue_data_analyst, task_id=model_processing, execution_date=20221205T104130, start_date=20221205T104145, end_date=20221205T104209
[2022-12-05T10:42:09.179+0000] {local_task_job.py:159} INFO - Task exited with return code 0
[2022-12-05T10:42:09.192+0000] {taskinstance.py:2623} INFO - 0 downstream tasks scheduled from follow-on schedule check
