[2022-11-17T14:09:58.569+0000] {processor.py:154} INFO - Started process (PID=41) to work on /home/airflow/.local/lib/python3.7/site-packages/airflow/example_dags/example_external_task_marker_dag.py
[2022-11-17T14:09:58.571+0000] {processor.py:756} INFO - Processing file /home/airflow/.local/lib/python3.7/site-packages/airflow/example_dags/example_external_task_marker_dag.py for tasks to queue
[2022-11-17T14:09:58.573+0000] {logging_mixin.py:137} INFO - [2022-11-17T14:09:58.572+0000] {dagbag.py:537} INFO - Filling up the DagBag from /home/airflow/.local/lib/python3.7/site-packages/airflow/example_dags/example_external_task_marker_dag.py
[2022-11-17T14:09:58.603+0000] {processor.py:766} INFO - DAG(s) dict_keys(['example_external_task_marker_child', 'example_external_task_marker_parent']) retrieved from /home/airflow/.local/lib/python3.7/site-packages/airflow/example_dags/example_external_task_marker_dag.py
[2022-11-17T14:09:58.671+0000] {logging_mixin.py:137} INFO - [2022-11-17T14:09:58.671+0000] {dag.py:2585} INFO - Sync 2 DAGs
[2022-11-17T14:09:58.711+0000] {logging_mixin.py:137} INFO - [2022-11-17T14:09:58.711+0000] {dag.py:3340} INFO - Setting next_dagrun for example_external_task_marker_child to None, run_after=None
[2022-11-17T14:09:58.847+0000] {logging_mixin.py:137} INFO - [2022-11-17T14:09:58.847+0000] {dag.py:3340} INFO - Setting next_dagrun for example_external_task_marker_parent to None, run_after=None
[2022-11-17T14:09:58.906+0000] {processor.py:176} INFO - Processing /home/airflow/.local/lib/python3.7/site-packages/airflow/example_dags/example_external_task_marker_dag.py took 0.341 seconds
[2022-11-17T14:10:29.602+0000] {processor.py:154} INFO - Started process (PID=103) to work on /home/airflow/.local/lib/python3.7/site-packages/airflow/example_dags/example_external_task_marker_dag.py
[2022-11-17T14:10:29.603+0000] {processor.py:756} INFO - Processing file /home/airflow/.local/lib/python3.7/site-packages/airflow/example_dags/example_external_task_marker_dag.py for tasks to queue
[2022-11-17T14:10:29.604+0000] {logging_mixin.py:137} INFO - [2022-11-17T14:10:29.604+0000] {dagbag.py:537} INFO - Filling up the DagBag from /home/airflow/.local/lib/python3.7/site-packages/airflow/example_dags/example_external_task_marker_dag.py
[2022-11-17T14:10:29.614+0000] {processor.py:766} INFO - DAG(s) dict_keys(['example_external_task_marker_child', 'example_external_task_marker_parent']) retrieved from /home/airflow/.local/lib/python3.7/site-packages/airflow/example_dags/example_external_task_marker_dag.py
[2022-11-17T14:10:29.718+0000] {logging_mixin.py:137} INFO - [2022-11-17T14:10:29.718+0000] {dag.py:2585} INFO - Sync 2 DAGs
[2022-11-17T14:10:29.734+0000] {logging_mixin.py:137} INFO - [2022-11-17T14:10:29.734+0000] {dag.py:3340} INFO - Setting next_dagrun for example_external_task_marker_child to None, run_after=None
[2022-11-17T14:10:29.736+0000] {logging_mixin.py:137} INFO - [2022-11-17T14:10:29.736+0000] {dag.py:3340} INFO - Setting next_dagrun for example_external_task_marker_parent to None, run_after=None
[2022-11-17T14:10:29.748+0000] {processor.py:176} INFO - Processing /home/airflow/.local/lib/python3.7/site-packages/airflow/example_dags/example_external_task_marker_dag.py took 0.148 seconds
[2022-11-17T14:11:00.411+0000] {processor.py:154} INFO - Started process (PID=168) to work on /home/airflow/.local/lib/python3.7/site-packages/airflow/example_dags/example_external_task_marker_dag.py
[2022-11-17T14:11:00.413+0000] {processor.py:756} INFO - Processing file /home/airflow/.local/lib/python3.7/site-packages/airflow/example_dags/example_external_task_marker_dag.py for tasks to queue
[2022-11-17T14:11:00.414+0000] {logging_mixin.py:137} INFO - [2022-11-17T14:11:00.414+0000] {dagbag.py:537} INFO - Filling up the DagBag from /home/airflow/.local/lib/python3.7/site-packages/airflow/example_dags/example_external_task_marker_dag.py
[2022-11-17T14:11:00.425+0000] {processor.py:766} INFO - DAG(s) dict_keys(['example_external_task_marker_parent', 'example_external_task_marker_child']) retrieved from /home/airflow/.local/lib/python3.7/site-packages/airflow/example_dags/example_external_task_marker_dag.py
[2022-11-17T14:11:00.532+0000] {logging_mixin.py:137} INFO - [2022-11-17T14:11:00.532+0000] {dag.py:2585} INFO - Sync 2 DAGs
[2022-11-17T14:11:00.548+0000] {logging_mixin.py:137} INFO - [2022-11-17T14:11:00.548+0000] {dag.py:3340} INFO - Setting next_dagrun for example_external_task_marker_child to None, run_after=None
[2022-11-17T14:11:00.551+0000] {logging_mixin.py:137} INFO - [2022-11-17T14:11:00.551+0000] {dag.py:3340} INFO - Setting next_dagrun for example_external_task_marker_parent to None, run_after=None
[2022-11-17T14:11:00.563+0000] {processor.py:176} INFO - Processing /home/airflow/.local/lib/python3.7/site-packages/airflow/example_dags/example_external_task_marker_dag.py took 0.154 seconds
[2022-11-17T14:11:30.773+0000] {processor.py:154} INFO - Started process (PID=232) to work on /home/airflow/.local/lib/python3.7/site-packages/airflow/example_dags/example_external_task_marker_dag.py
[2022-11-17T14:11:30.775+0000] {processor.py:756} INFO - Processing file /home/airflow/.local/lib/python3.7/site-packages/airflow/example_dags/example_external_task_marker_dag.py for tasks to queue
[2022-11-17T14:11:30.776+0000] {logging_mixin.py:137} INFO - [2022-11-17T14:11:30.776+0000] {dagbag.py:537} INFO - Filling up the DagBag from /home/airflow/.local/lib/python3.7/site-packages/airflow/example_dags/example_external_task_marker_dag.py
[2022-11-17T14:11:30.786+0000] {processor.py:766} INFO - DAG(s) dict_keys(['example_external_task_marker_parent', 'example_external_task_marker_child']) retrieved from /home/airflow/.local/lib/python3.7/site-packages/airflow/example_dags/example_external_task_marker_dag.py
[2022-11-17T14:11:30.896+0000] {logging_mixin.py:137} INFO - [2022-11-17T14:11:30.896+0000] {dag.py:2585} INFO - Sync 2 DAGs
[2022-11-17T14:11:30.912+0000] {logging_mixin.py:137} INFO - [2022-11-17T14:11:30.912+0000] {dag.py:3340} INFO - Setting next_dagrun for example_external_task_marker_child to None, run_after=None
[2022-11-17T14:11:30.915+0000] {logging_mixin.py:137} INFO - [2022-11-17T14:11:30.915+0000] {dag.py:3340} INFO - Setting next_dagrun for example_external_task_marker_parent to None, run_after=None
[2022-11-17T14:11:30.924+0000] {processor.py:176} INFO - Processing /home/airflow/.local/lib/python3.7/site-packages/airflow/example_dags/example_external_task_marker_dag.py took 0.154 seconds
[2022-11-17T14:12:01.717+0000] {processor.py:154} INFO - Started process (PID=286) to work on /home/airflow/.local/lib/python3.7/site-packages/airflow/example_dags/example_external_task_marker_dag.py
[2022-11-17T14:12:01.719+0000] {processor.py:756} INFO - Processing file /home/airflow/.local/lib/python3.7/site-packages/airflow/example_dags/example_external_task_marker_dag.py for tasks to queue
[2022-11-17T14:12:01.721+0000] {logging_mixin.py:137} INFO - [2022-11-17T14:12:01.720+0000] {dagbag.py:537} INFO - Filling up the DagBag from /home/airflow/.local/lib/python3.7/site-packages/airflow/example_dags/example_external_task_marker_dag.py
[2022-11-17T14:12:01.731+0000] {processor.py:766} INFO - DAG(s) dict_keys(['example_external_task_marker_parent', 'example_external_task_marker_child']) retrieved from /home/airflow/.local/lib/python3.7/site-packages/airflow/example_dags/example_external_task_marker_dag.py
[2022-11-17T14:12:01.848+0000] {logging_mixin.py:137} INFO - [2022-11-17T14:12:01.848+0000] {dag.py:2585} INFO - Sync 2 DAGs
[2022-11-17T14:12:01.864+0000] {logging_mixin.py:137} INFO - [2022-11-17T14:12:01.864+0000] {dag.py:3340} INFO - Setting next_dagrun for example_external_task_marker_child to None, run_after=None
[2022-11-17T14:12:01.867+0000] {logging_mixin.py:137} INFO - [2022-11-17T14:12:01.867+0000] {dag.py:3340} INFO - Setting next_dagrun for example_external_task_marker_parent to None, run_after=None
[2022-11-17T14:12:01.881+0000] {processor.py:176} INFO - Processing /home/airflow/.local/lib/python3.7/site-packages/airflow/example_dags/example_external_task_marker_dag.py took 0.167 seconds
