[2022-11-17T14:10:01.093+0000] {processor.py:154} INFO - Started process (PID=62) to work on /home/airflow/.local/lib/python3.7/site-packages/airflow/example_dags/example_short_circuit_operator.py
[2022-11-17T14:10:01.096+0000] {processor.py:756} INFO - Processing file /home/airflow/.local/lib/python3.7/site-packages/airflow/example_dags/example_short_circuit_operator.py for tasks to queue
[2022-11-17T14:10:01.102+0000] {logging_mixin.py:137} INFO - [2022-11-17T14:10:01.102+0000] {dagbag.py:537} INFO - Filling up the DagBag from /home/airflow/.local/lib/python3.7/site-packages/airflow/example_dags/example_short_circuit_operator.py
[2022-11-17T14:10:01.135+0000] {processor.py:766} INFO - DAG(s) dict_keys(['example_short_circuit_operator']) retrieved from /home/airflow/.local/lib/python3.7/site-packages/airflow/example_dags/example_short_circuit_operator.py
[2022-11-17T14:10:01.166+0000] {logging_mixin.py:137} INFO - [2022-11-17T14:10:01.166+0000] {dag.py:2585} INFO - Sync 1 DAGs
[2022-11-17T14:10:01.191+0000] {logging_mixin.py:137} INFO - [2022-11-17T14:10:01.190+0000] {dag.py:3340} INFO - Setting next_dagrun for example_short_circuit_operator to 2022-11-16T14:10:01.190745+00:00, run_after=2022-11-17T14:10:01.190745+00:00
[2022-11-17T14:10:01.207+0000] {processor.py:176} INFO - Processing /home/airflow/.local/lib/python3.7/site-packages/airflow/example_dags/example_short_circuit_operator.py took 0.118 seconds
[2022-11-17T14:10:32.190+0000] {processor.py:154} INFO - Started process (PID=124) to work on /home/airflow/.local/lib/python3.7/site-packages/airflow/example_dags/example_short_circuit_operator.py
[2022-11-17T14:10:32.192+0000] {processor.py:756} INFO - Processing file /home/airflow/.local/lib/python3.7/site-packages/airflow/example_dags/example_short_circuit_operator.py for tasks to queue
[2022-11-17T14:10:32.193+0000] {logging_mixin.py:137} INFO - [2022-11-17T14:10:32.193+0000] {dagbag.py:537} INFO - Filling up the DagBag from /home/airflow/.local/lib/python3.7/site-packages/airflow/example_dags/example_short_circuit_operator.py
[2022-11-17T14:10:32.205+0000] {processor.py:766} INFO - DAG(s) dict_keys(['example_short_circuit_operator']) retrieved from /home/airflow/.local/lib/python3.7/site-packages/airflow/example_dags/example_short_circuit_operator.py
[2022-11-17T14:10:32.245+0000] {logging_mixin.py:137} INFO - [2022-11-17T14:10:32.245+0000] {dag.py:2585} INFO - Sync 1 DAGs
[2022-11-17T14:10:32.260+0000] {logging_mixin.py:137} INFO - [2022-11-17T14:10:32.260+0000] {dag.py:3340} INFO - Setting next_dagrun for example_short_circuit_operator to 2022-11-16T14:10:32.260387+00:00, run_after=2022-11-17T14:10:32.260387+00:00
[2022-11-17T14:10:32.313+0000] {processor.py:176} INFO - Processing /home/airflow/.local/lib/python3.7/site-packages/airflow/example_dags/example_short_circuit_operator.py took 0.125 seconds
[2022-11-17T14:11:02.602+0000] {processor.py:154} INFO - Started process (PID=189) to work on /home/airflow/.local/lib/python3.7/site-packages/airflow/example_dags/example_short_circuit_operator.py
[2022-11-17T14:11:02.604+0000] {processor.py:756} INFO - Processing file /home/airflow/.local/lib/python3.7/site-packages/airflow/example_dags/example_short_circuit_operator.py for tasks to queue
[2022-11-17T14:11:02.605+0000] {logging_mixin.py:137} INFO - [2022-11-17T14:11:02.605+0000] {dagbag.py:537} INFO - Filling up the DagBag from /home/airflow/.local/lib/python3.7/site-packages/airflow/example_dags/example_short_circuit_operator.py
[2022-11-17T14:11:02.618+0000] {processor.py:766} INFO - DAG(s) dict_keys(['example_short_circuit_operator']) retrieved from /home/airflow/.local/lib/python3.7/site-packages/airflow/example_dags/example_short_circuit_operator.py
[2022-11-17T14:11:02.646+0000] {logging_mixin.py:137} INFO - [2022-11-17T14:11:02.646+0000] {dag.py:2585} INFO - Sync 1 DAGs
[2022-11-17T14:11:02.663+0000] {logging_mixin.py:137} INFO - [2022-11-17T14:11:02.663+0000] {dag.py:3340} INFO - Setting next_dagrun for example_short_circuit_operator to 2022-11-16T14:11:02.663115+00:00, run_after=2022-11-17T14:11:02.663115+00:00
[2022-11-17T14:11:02.678+0000] {processor.py:176} INFO - Processing /home/airflow/.local/lib/python3.7/site-packages/airflow/example_dags/example_short_circuit_operator.py took 0.077 seconds
[2022-11-17T14:11:32.962+0000] {processor.py:154} INFO - Started process (PID=253) to work on /home/airflow/.local/lib/python3.7/site-packages/airflow/example_dags/example_short_circuit_operator.py
[2022-11-17T14:11:32.963+0000] {processor.py:756} INFO - Processing file /home/airflow/.local/lib/python3.7/site-packages/airflow/example_dags/example_short_circuit_operator.py for tasks to queue
[2022-11-17T14:11:32.965+0000] {logging_mixin.py:137} INFO - [2022-11-17T14:11:32.965+0000] {dagbag.py:537} INFO - Filling up the DagBag from /home/airflow/.local/lib/python3.7/site-packages/airflow/example_dags/example_short_circuit_operator.py
[2022-11-17T14:11:32.975+0000] {processor.py:766} INFO - DAG(s) dict_keys(['example_short_circuit_operator']) retrieved from /home/airflow/.local/lib/python3.7/site-packages/airflow/example_dags/example_short_circuit_operator.py
[2022-11-17T14:11:33.000+0000] {logging_mixin.py:137} INFO - [2022-11-17T14:11:33.000+0000] {dag.py:2585} INFO - Sync 1 DAGs
[2022-11-17T14:11:33.014+0000] {logging_mixin.py:137} INFO - [2022-11-17T14:11:33.014+0000] {dag.py:3340} INFO - Setting next_dagrun for example_short_circuit_operator to 2022-11-16T14:11:33.014557+00:00, run_after=2022-11-17T14:11:33.014557+00:00
[2022-11-17T14:11:33.026+0000] {processor.py:176} INFO - Processing /home/airflow/.local/lib/python3.7/site-packages/airflow/example_dags/example_short_circuit_operator.py took 0.068 seconds
[2022-11-17T14:12:04.013+0000] {processor.py:154} INFO - Started process (PID=307) to work on /home/airflow/.local/lib/python3.7/site-packages/airflow/example_dags/example_short_circuit_operator.py
[2022-11-17T14:12:04.015+0000] {processor.py:756} INFO - Processing file /home/airflow/.local/lib/python3.7/site-packages/airflow/example_dags/example_short_circuit_operator.py for tasks to queue
[2022-11-17T14:12:04.016+0000] {logging_mixin.py:137} INFO - [2022-11-17T14:12:04.015+0000] {dagbag.py:537} INFO - Filling up the DagBag from /home/airflow/.local/lib/python3.7/site-packages/airflow/example_dags/example_short_circuit_operator.py
[2022-11-17T14:12:04.026+0000] {processor.py:766} INFO - DAG(s) dict_keys(['example_short_circuit_operator']) retrieved from /home/airflow/.local/lib/python3.7/site-packages/airflow/example_dags/example_short_circuit_operator.py
[2022-11-17T14:12:04.051+0000] {logging_mixin.py:137} INFO - [2022-11-17T14:12:04.051+0000] {dag.py:2585} INFO - Sync 1 DAGs
[2022-11-17T14:12:04.067+0000] {logging_mixin.py:137} INFO - [2022-11-17T14:12:04.067+0000] {dag.py:3340} INFO - Setting next_dagrun for example_short_circuit_operator to 2022-11-16T14:12:04.067143+00:00, run_after=2022-11-17T14:12:04.067143+00:00
[2022-11-17T14:12:04.080+0000] {processor.py:176} INFO - Processing /home/airflow/.local/lib/python3.7/site-packages/airflow/example_dags/example_short_circuit_operator.py took 0.068 seconds
