[2022-11-17T14:09:59.339+0000] {processor.py:154} INFO - Started process (PID=47) to work on /home/airflow/.local/lib/python3.7/site-packages/airflow/example_dags/example_trigger_controller_dag.py
[2022-11-17T14:09:59.348+0000] {processor.py:756} INFO - Processing file /home/airflow/.local/lib/python3.7/site-packages/airflow/example_dags/example_trigger_controller_dag.py for tasks to queue
[2022-11-17T14:09:59.350+0000] {logging_mixin.py:137} INFO - [2022-11-17T14:09:59.350+0000] {dagbag.py:537} INFO - Filling up the DagBag from /home/airflow/.local/lib/python3.7/site-packages/airflow/example_dags/example_trigger_controller_dag.py
[2022-11-17T14:09:59.372+0000] {processor.py:766} INFO - DAG(s) dict_keys(['example_trigger_controller_dag']) retrieved from /home/airflow/.local/lib/python3.7/site-packages/airflow/example_dags/example_trigger_controller_dag.py
[2022-11-17T14:09:59.419+0000] {logging_mixin.py:137} INFO - [2022-11-17T14:09:59.419+0000] {dag.py:2585} INFO - Sync 1 DAGs
[2022-11-17T14:09:59.485+0000] {logging_mixin.py:137} INFO - [2022-11-17T14:09:59.485+0000] {dag.py:3340} INFO - Setting next_dagrun for example_trigger_controller_dag to 2021-01-01T00:00:00+00:00, run_after=2021-01-01T00:00:00+00:00
[2022-11-17T14:09:59.515+0000] {processor.py:176} INFO - Processing /home/airflow/.local/lib/python3.7/site-packages/airflow/example_dags/example_trigger_controller_dag.py took 0.184 seconds
[2022-11-17T14:10:29.971+0000] {processor.py:154} INFO - Started process (PID=109) to work on /home/airflow/.local/lib/python3.7/site-packages/airflow/example_dags/example_trigger_controller_dag.py
[2022-11-17T14:10:29.973+0000] {processor.py:756} INFO - Processing file /home/airflow/.local/lib/python3.7/site-packages/airflow/example_dags/example_trigger_controller_dag.py for tasks to queue
[2022-11-17T14:10:29.974+0000] {logging_mixin.py:137} INFO - [2022-11-17T14:10:29.974+0000] {dagbag.py:537} INFO - Filling up the DagBag from /home/airflow/.local/lib/python3.7/site-packages/airflow/example_dags/example_trigger_controller_dag.py
[2022-11-17T14:10:29.982+0000] {processor.py:766} INFO - DAG(s) dict_keys(['example_trigger_controller_dag']) retrieved from /home/airflow/.local/lib/python3.7/site-packages/airflow/example_dags/example_trigger_controller_dag.py
[2022-11-17T14:10:30.010+0000] {logging_mixin.py:137} INFO - [2022-11-17T14:10:30.010+0000] {dag.py:2585} INFO - Sync 1 DAGs
[2022-11-17T14:10:30.025+0000] {logging_mixin.py:137} INFO - [2022-11-17T14:10:30.024+0000] {dag.py:3340} INFO - Setting next_dagrun for example_trigger_controller_dag to 2021-01-01T00:00:00+00:00, run_after=2021-01-01T00:00:00+00:00
[2022-11-17T14:10:30.037+0000] {processor.py:176} INFO - Processing /home/airflow/.local/lib/python3.7/site-packages/airflow/example_dags/example_trigger_controller_dag.py took 0.068 seconds
[2022-11-17T14:11:00.778+0000] {processor.py:154} INFO - Started process (PID=174) to work on /home/airflow/.local/lib/python3.7/site-packages/airflow/example_dags/example_trigger_controller_dag.py
[2022-11-17T14:11:00.781+0000] {processor.py:756} INFO - Processing file /home/airflow/.local/lib/python3.7/site-packages/airflow/example_dags/example_trigger_controller_dag.py for tasks to queue
[2022-11-17T14:11:00.783+0000] {logging_mixin.py:137} INFO - [2022-11-17T14:11:00.783+0000] {dagbag.py:537} INFO - Filling up the DagBag from /home/airflow/.local/lib/python3.7/site-packages/airflow/example_dags/example_trigger_controller_dag.py
[2022-11-17T14:11:00.792+0000] {processor.py:766} INFO - DAG(s) dict_keys(['example_trigger_controller_dag']) retrieved from /home/airflow/.local/lib/python3.7/site-packages/airflow/example_dags/example_trigger_controller_dag.py
[2022-11-17T14:11:00.819+0000] {logging_mixin.py:137} INFO - [2022-11-17T14:11:00.819+0000] {dag.py:2585} INFO - Sync 1 DAGs
[2022-11-17T14:11:00.835+0000] {logging_mixin.py:137} INFO - [2022-11-17T14:11:00.835+0000] {dag.py:3340} INFO - Setting next_dagrun for example_trigger_controller_dag to 2021-01-01T00:00:00+00:00, run_after=2021-01-01T00:00:00+00:00
[2022-11-17T14:11:00.848+0000] {processor.py:176} INFO - Processing /home/airflow/.local/lib/python3.7/site-packages/airflow/example_dags/example_trigger_controller_dag.py took 0.072 seconds
[2022-11-17T14:11:31.057+0000] {processor.py:154} INFO - Started process (PID=238) to work on /home/airflow/.local/lib/python3.7/site-packages/airflow/example_dags/example_trigger_controller_dag.py
[2022-11-17T14:11:31.059+0000] {processor.py:756} INFO - Processing file /home/airflow/.local/lib/python3.7/site-packages/airflow/example_dags/example_trigger_controller_dag.py for tasks to queue
[2022-11-17T14:11:31.060+0000] {logging_mixin.py:137} INFO - [2022-11-17T14:11:31.060+0000] {dagbag.py:537} INFO - Filling up the DagBag from /home/airflow/.local/lib/python3.7/site-packages/airflow/example_dags/example_trigger_controller_dag.py
[2022-11-17T14:11:31.069+0000] {processor.py:766} INFO - DAG(s) dict_keys(['example_trigger_controller_dag']) retrieved from /home/airflow/.local/lib/python3.7/site-packages/airflow/example_dags/example_trigger_controller_dag.py
[2022-11-17T14:11:31.094+0000] {logging_mixin.py:137} INFO - [2022-11-17T14:11:31.094+0000] {dag.py:2585} INFO - Sync 1 DAGs
[2022-11-17T14:11:31.109+0000] {logging_mixin.py:137} INFO - [2022-11-17T14:11:31.109+0000] {dag.py:3340} INFO - Setting next_dagrun for example_trigger_controller_dag to 2021-01-01T00:00:00+00:00, run_after=2021-01-01T00:00:00+00:00
[2022-11-17T14:11:31.123+0000] {processor.py:176} INFO - Processing /home/airflow/.local/lib/python3.7/site-packages/airflow/example_dags/example_trigger_controller_dag.py took 0.068 seconds
[2022-11-17T14:12:02.139+0000] {processor.py:154} INFO - Started process (PID=292) to work on /home/airflow/.local/lib/python3.7/site-packages/airflow/example_dags/example_trigger_controller_dag.py
[2022-11-17T14:12:02.141+0000] {processor.py:756} INFO - Processing file /home/airflow/.local/lib/python3.7/site-packages/airflow/example_dags/example_trigger_controller_dag.py for tasks to queue
[2022-11-17T14:12:02.143+0000] {logging_mixin.py:137} INFO - [2022-11-17T14:12:02.143+0000] {dagbag.py:537} INFO - Filling up the DagBag from /home/airflow/.local/lib/python3.7/site-packages/airflow/example_dags/example_trigger_controller_dag.py
[2022-11-17T14:12:02.152+0000] {processor.py:766} INFO - DAG(s) dict_keys(['example_trigger_controller_dag']) retrieved from /home/airflow/.local/lib/python3.7/site-packages/airflow/example_dags/example_trigger_controller_dag.py
[2022-11-17T14:12:02.182+0000] {logging_mixin.py:137} INFO - [2022-11-17T14:12:02.182+0000] {dag.py:2585} INFO - Sync 1 DAGs
[2022-11-17T14:12:02.198+0000] {logging_mixin.py:137} INFO - [2022-11-17T14:12:02.198+0000] {dag.py:3340} INFO - Setting next_dagrun for example_trigger_controller_dag to 2021-01-01T00:00:00+00:00, run_after=2021-01-01T00:00:00+00:00
[2022-11-17T14:12:02.212+0000] {processor.py:176} INFO - Processing /home/airflow/.local/lib/python3.7/site-packages/airflow/example_dags/example_trigger_controller_dag.py took 0.076 seconds
