[2022-11-17T14:10:01.237+0000] {processor.py:154} INFO - Started process (PID=64) to work on /home/airflow/.local/lib/python3.7/site-packages/airflow/example_dags/example_dag_decorator.py
[2022-11-17T14:10:01.238+0000] {processor.py:756} INFO - Processing file /home/airflow/.local/lib/python3.7/site-packages/airflow/example_dags/example_dag_decorator.py for tasks to queue
[2022-11-17T14:10:01.239+0000] {logging_mixin.py:137} INFO - [2022-11-17T14:10:01.239+0000] {dagbag.py:537} INFO - Filling up the DagBag from /home/airflow/.local/lib/python3.7/site-packages/airflow/example_dags/example_dag_decorator.py
[2022-11-17T14:10:01.254+0000] {logging_mixin.py:137} INFO - [2022-11-17T14:10:01.254+0000] {taskmixin.py:205} WARNING - Dependency <Task(_PythonDecoratedOperator): prepare_email>, send_email already registered for DAG: example_dag_decorator
[2022-11-17T14:10:01.256+0000] {logging_mixin.py:137} INFO - [2022-11-17T14:10:01.256+0000] {taskmixin.py:205} WARNING - Dependency <Task(EmailOperator): send_email>, prepare_email already registered for DAG: example_dag_decorator
[2022-11-17T14:10:01.274+0000] {processor.py:766} INFO - DAG(s) dict_keys(['example_dag_decorator']) retrieved from /home/airflow/.local/lib/python3.7/site-packages/airflow/example_dags/example_dag_decorator.py
[2022-11-17T14:10:01.294+0000] {logging_mixin.py:137} INFO - [2022-11-17T14:10:01.294+0000] {dag.py:2585} INFO - Sync 1 DAGs
[2022-11-17T14:10:01.310+0000] {logging_mixin.py:137} INFO - [2022-11-17T14:10:01.310+0000] {dag.py:3340} INFO - Setting next_dagrun for example_dag_decorator to None, run_after=None
[2022-11-17T14:10:01.322+0000] {processor.py:176} INFO - Processing /home/airflow/.local/lib/python3.7/site-packages/airflow/example_dags/example_dag_decorator.py took 0.088 seconds
[2022-11-17T14:10:32.333+0000] {processor.py:154} INFO - Started process (PID=126) to work on /home/airflow/.local/lib/python3.7/site-packages/airflow/example_dags/example_dag_decorator.py
[2022-11-17T14:10:32.335+0000] {processor.py:756} INFO - Processing file /home/airflow/.local/lib/python3.7/site-packages/airflow/example_dags/example_dag_decorator.py for tasks to queue
[2022-11-17T14:10:32.336+0000] {logging_mixin.py:137} INFO - [2022-11-17T14:10:32.336+0000] {dagbag.py:537} INFO - Filling up the DagBag from /home/airflow/.local/lib/python3.7/site-packages/airflow/example_dags/example_dag_decorator.py
[2022-11-17T14:10:32.346+0000] {logging_mixin.py:137} INFO - [2022-11-17T14:10:32.345+0000] {taskmixin.py:205} WARNING - Dependency <Task(_PythonDecoratedOperator): prepare_email>, send_email already registered for DAG: example_dag_decorator
[2022-11-17T14:10:32.347+0000] {logging_mixin.py:137} INFO - [2022-11-17T14:10:32.347+0000] {taskmixin.py:205} WARNING - Dependency <Task(EmailOperator): send_email>, prepare_email already registered for DAG: example_dag_decorator
[2022-11-17T14:10:32.356+0000] {processor.py:766} INFO - DAG(s) dict_keys(['example_dag_decorator']) retrieved from /home/airflow/.local/lib/python3.7/site-packages/airflow/example_dags/example_dag_decorator.py
[2022-11-17T14:10:32.397+0000] {logging_mixin.py:137} INFO - [2022-11-17T14:10:32.397+0000] {dag.py:2585} INFO - Sync 1 DAGs
[2022-11-17T14:10:32.410+0000] {logging_mixin.py:137} INFO - [2022-11-17T14:10:32.410+0000] {dag.py:3340} INFO - Setting next_dagrun for example_dag_decorator to None, run_after=None
[2022-11-17T14:10:32.421+0000] {processor.py:176} INFO - Processing /home/airflow/.local/lib/python3.7/site-packages/airflow/example_dags/example_dag_decorator.py took 0.090 seconds
[2022-11-17T14:11:02.700+0000] {processor.py:154} INFO - Started process (PID=191) to work on /home/airflow/.local/lib/python3.7/site-packages/airflow/example_dags/example_dag_decorator.py
[2022-11-17T14:11:02.701+0000] {processor.py:756} INFO - Processing file /home/airflow/.local/lib/python3.7/site-packages/airflow/example_dags/example_dag_decorator.py for tasks to queue
[2022-11-17T14:11:02.702+0000] {logging_mixin.py:137} INFO - [2022-11-17T14:11:02.702+0000] {dagbag.py:537} INFO - Filling up the DagBag from /home/airflow/.local/lib/python3.7/site-packages/airflow/example_dags/example_dag_decorator.py
[2022-11-17T14:11:02.714+0000] {logging_mixin.py:137} INFO - [2022-11-17T14:11:02.714+0000] {taskmixin.py:205} WARNING - Dependency <Task(_PythonDecoratedOperator): prepare_email>, send_email already registered for DAG: example_dag_decorator
[2022-11-17T14:11:02.715+0000] {logging_mixin.py:137} INFO - [2022-11-17T14:11:02.715+0000] {taskmixin.py:205} WARNING - Dependency <Task(EmailOperator): send_email>, prepare_email already registered for DAG: example_dag_decorator
[2022-11-17T14:11:02.727+0000] {processor.py:766} INFO - DAG(s) dict_keys(['example_dag_decorator']) retrieved from /home/airflow/.local/lib/python3.7/site-packages/airflow/example_dags/example_dag_decorator.py
[2022-11-17T14:11:02.786+0000] {logging_mixin.py:137} INFO - [2022-11-17T14:11:02.786+0000] {dag.py:2585} INFO - Sync 1 DAGs
[2022-11-17T14:11:02.800+0000] {logging_mixin.py:137} INFO - [2022-11-17T14:11:02.800+0000] {dag.py:3340} INFO - Setting next_dagrun for example_dag_decorator to None, run_after=None
[2022-11-17T14:11:02.814+0000] {processor.py:176} INFO - Processing /home/airflow/.local/lib/python3.7/site-packages/airflow/example_dags/example_dag_decorator.py took 0.116 seconds
[2022-11-17T14:11:33.045+0000] {processor.py:154} INFO - Started process (PID=255) to work on /home/airflow/.local/lib/python3.7/site-packages/airflow/example_dags/example_dag_decorator.py
[2022-11-17T14:11:33.047+0000] {processor.py:756} INFO - Processing file /home/airflow/.local/lib/python3.7/site-packages/airflow/example_dags/example_dag_decorator.py for tasks to queue
[2022-11-17T14:11:33.048+0000] {logging_mixin.py:137} INFO - [2022-11-17T14:11:33.048+0000] {dagbag.py:537} INFO - Filling up the DagBag from /home/airflow/.local/lib/python3.7/site-packages/airflow/example_dags/example_dag_decorator.py
[2022-11-17T14:11:33.058+0000] {logging_mixin.py:137} INFO - [2022-11-17T14:11:33.058+0000] {taskmixin.py:205} WARNING - Dependency <Task(_PythonDecoratedOperator): prepare_email>, send_email already registered for DAG: example_dag_decorator
[2022-11-17T14:11:33.059+0000] {logging_mixin.py:137} INFO - [2022-11-17T14:11:33.059+0000] {taskmixin.py:205} WARNING - Dependency <Task(EmailOperator): send_email>, prepare_email already registered for DAG: example_dag_decorator
[2022-11-17T14:11:33.067+0000] {processor.py:766} INFO - DAG(s) dict_keys(['example_dag_decorator']) retrieved from /home/airflow/.local/lib/python3.7/site-packages/airflow/example_dags/example_dag_decorator.py
[2022-11-17T14:11:33.114+0000] {logging_mixin.py:137} INFO - [2022-11-17T14:11:33.114+0000] {dag.py:2585} INFO - Sync 1 DAGs
[2022-11-17T14:11:33.132+0000] {logging_mixin.py:137} INFO - [2022-11-17T14:11:33.132+0000] {dag.py:3340} INFO - Setting next_dagrun for example_dag_decorator to None, run_after=None
[2022-11-17T14:11:33.146+0000] {processor.py:176} INFO - Processing /home/airflow/.local/lib/python3.7/site-packages/airflow/example_dags/example_dag_decorator.py took 0.103 seconds
[2022-11-17T14:12:04.124+0000] {processor.py:154} INFO - Started process (PID=309) to work on /home/airflow/.local/lib/python3.7/site-packages/airflow/example_dags/example_dag_decorator.py
[2022-11-17T14:12:04.125+0000] {processor.py:756} INFO - Processing file /home/airflow/.local/lib/python3.7/site-packages/airflow/example_dags/example_dag_decorator.py for tasks to queue
[2022-11-17T14:12:04.127+0000] {logging_mixin.py:137} INFO - [2022-11-17T14:12:04.126+0000] {dagbag.py:537} INFO - Filling up the DagBag from /home/airflow/.local/lib/python3.7/site-packages/airflow/example_dags/example_dag_decorator.py
[2022-11-17T14:12:04.137+0000] {logging_mixin.py:137} INFO - [2022-11-17T14:12:04.137+0000] {taskmixin.py:205} WARNING - Dependency <Task(_PythonDecoratedOperator): prepare_email>, send_email already registered for DAG: example_dag_decorator
[2022-11-17T14:12:04.138+0000] {logging_mixin.py:137} INFO - [2022-11-17T14:12:04.138+0000] {taskmixin.py:205} WARNING - Dependency <Task(EmailOperator): send_email>, prepare_email already registered for DAG: example_dag_decorator
[2022-11-17T14:12:04.147+0000] {processor.py:766} INFO - DAG(s) dict_keys(['example_dag_decorator']) retrieved from /home/airflow/.local/lib/python3.7/site-packages/airflow/example_dags/example_dag_decorator.py
[2022-11-17T14:12:04.196+0000] {logging_mixin.py:137} INFO - [2022-11-17T14:12:04.196+0000] {dag.py:2585} INFO - Sync 1 DAGs
[2022-11-17T14:12:04.210+0000] {logging_mixin.py:137} INFO - [2022-11-17T14:12:04.210+0000] {dag.py:3340} INFO - Setting next_dagrun for example_dag_decorator to None, run_after=None
[2022-11-17T14:12:04.223+0000] {processor.py:176} INFO - Processing /home/airflow/.local/lib/python3.7/site-packages/airflow/example_dags/example_dag_decorator.py took 0.102 seconds
