[2022-11-17T14:10:00.313+0000] {processor.py:154} INFO - Started process (PID=55) to work on /home/airflow/.local/lib/python3.7/site-packages/airflow/example_dags/example_complex.py
[2022-11-17T14:10:00.318+0000] {processor.py:756} INFO - Processing file /home/airflow/.local/lib/python3.7/site-packages/airflow/example_dags/example_complex.py for tasks to queue
[2022-11-17T14:10:00.321+0000] {logging_mixin.py:137} INFO - [2022-11-17T14:10:00.321+0000] {dagbag.py:537} INFO - Filling up the DagBag from /home/airflow/.local/lib/python3.7/site-packages/airflow/example_dags/example_complex.py
[2022-11-17T14:10:00.343+0000] {logging_mixin.py:137} INFO - [2022-11-17T14:10:00.343+0000] {taskmixin.py:205} WARNING - Dependency <Task(BashOperator): create_entry_group>, delete_entry_group already registered for DAG: example_complex
[2022-11-17T14:10:00.345+0000] {logging_mixin.py:137} INFO - [2022-11-17T14:10:00.344+0000] {taskmixin.py:205} WARNING - Dependency <Task(BashOperator): delete_entry_group>, create_entry_group already registered for DAG: example_complex
[2022-11-17T14:10:00.347+0000] {logging_mixin.py:137} INFO - [2022-11-17T14:10:00.347+0000] {taskmixin.py:205} WARNING - Dependency <Task(BashOperator): create_entry_gcs>, delete_entry already registered for DAG: example_complex
[2022-11-17T14:10:00.348+0000] {logging_mixin.py:137} INFO - [2022-11-17T14:10:00.348+0000] {taskmixin.py:205} WARNING - Dependency <Task(BashOperator): delete_entry>, create_entry_gcs already registered for DAG: example_complex
[2022-11-17T14:10:00.350+0000] {logging_mixin.py:137} INFO - [2022-11-17T14:10:00.350+0000] {taskmixin.py:205} WARNING - Dependency <Task(BashOperator): create_tag>, delete_tag already registered for DAG: example_complex
[2022-11-17T14:10:00.352+0000] {logging_mixin.py:137} INFO - [2022-11-17T14:10:00.352+0000] {taskmixin.py:205} WARNING - Dependency <Task(BashOperator): delete_tag>, create_tag already registered for DAG: example_complex
[2022-11-17T14:10:00.360+0000] {processor.py:766} INFO - DAG(s) dict_keys(['example_complex']) retrieved from /home/airflow/.local/lib/python3.7/site-packages/airflow/example_dags/example_complex.py
[2022-11-17T14:10:00.401+0000] {logging_mixin.py:137} INFO - [2022-11-17T14:10:00.401+0000] {dag.py:2585} INFO - Sync 1 DAGs
[2022-11-17T14:10:00.436+0000] {logging_mixin.py:137} INFO - [2022-11-17T14:10:00.436+0000] {dag.py:3340} INFO - Setting next_dagrun for example_complex to None, run_after=None
[2022-11-17T14:10:00.459+0000] {processor.py:176} INFO - Processing /home/airflow/.local/lib/python3.7/site-packages/airflow/example_dags/example_complex.py took 0.148 seconds
[2022-11-17T14:10:30.519+0000] {processor.py:154} INFO - Started process (PID=117) to work on /home/airflow/.local/lib/python3.7/site-packages/airflow/example_dags/example_complex.py
[2022-11-17T14:10:30.521+0000] {processor.py:756} INFO - Processing file /home/airflow/.local/lib/python3.7/site-packages/airflow/example_dags/example_complex.py for tasks to queue
[2022-11-17T14:10:30.522+0000] {logging_mixin.py:137} INFO - [2022-11-17T14:10:30.522+0000] {dagbag.py:537} INFO - Filling up the DagBag from /home/airflow/.local/lib/python3.7/site-packages/airflow/example_dags/example_complex.py
[2022-11-17T14:10:30.529+0000] {logging_mixin.py:137} INFO - [2022-11-17T14:10:30.529+0000] {taskmixin.py:205} WARNING - Dependency <Task(BashOperator): create_entry_group>, delete_entry_group already registered for DAG: example_complex
[2022-11-17T14:10:30.531+0000] {logging_mixin.py:137} INFO - [2022-11-17T14:10:30.531+0000] {taskmixin.py:205} WARNING - Dependency <Task(BashOperator): delete_entry_group>, create_entry_group already registered for DAG: example_complex
[2022-11-17T14:10:30.532+0000] {logging_mixin.py:137} INFO - [2022-11-17T14:10:30.532+0000] {taskmixin.py:205} WARNING - Dependency <Task(BashOperator): create_entry_gcs>, delete_entry already registered for DAG: example_complex
[2022-11-17T14:10:30.533+0000] {logging_mixin.py:137} INFO - [2022-11-17T14:10:30.532+0000] {taskmixin.py:205} WARNING - Dependency <Task(BashOperator): delete_entry>, create_entry_gcs already registered for DAG: example_complex
[2022-11-17T14:10:30.534+0000] {logging_mixin.py:137} INFO - [2022-11-17T14:10:30.534+0000] {taskmixin.py:205} WARNING - Dependency <Task(BashOperator): create_tag>, delete_tag already registered for DAG: example_complex
[2022-11-17T14:10:30.535+0000] {logging_mixin.py:137} INFO - [2022-11-17T14:10:30.535+0000] {taskmixin.py:205} WARNING - Dependency <Task(BashOperator): delete_tag>, create_tag already registered for DAG: example_complex
[2022-11-17T14:10:30.540+0000] {processor.py:766} INFO - DAG(s) dict_keys(['example_complex']) retrieved from /home/airflow/.local/lib/python3.7/site-packages/airflow/example_dags/example_complex.py
[2022-11-17T14:10:30.568+0000] {logging_mixin.py:137} INFO - [2022-11-17T14:10:30.568+0000] {dag.py:2585} INFO - Sync 1 DAGs
[2022-11-17T14:10:30.582+0000] {logging_mixin.py:137} INFO - [2022-11-17T14:10:30.582+0000] {dag.py:3340} INFO - Setting next_dagrun for example_complex to None, run_after=None
[2022-11-17T14:10:30.593+0000] {processor.py:176} INFO - Processing /home/airflow/.local/lib/python3.7/site-packages/airflow/example_dags/example_complex.py took 0.077 seconds
[2022-11-17T14:11:01.197+0000] {processor.py:154} INFO - Started process (PID=182) to work on /home/airflow/.local/lib/python3.7/site-packages/airflow/example_dags/example_complex.py
[2022-11-17T14:11:01.200+0000] {processor.py:756} INFO - Processing file /home/airflow/.local/lib/python3.7/site-packages/airflow/example_dags/example_complex.py for tasks to queue
[2022-11-17T14:11:01.201+0000] {logging_mixin.py:137} INFO - [2022-11-17T14:11:01.201+0000] {dagbag.py:537} INFO - Filling up the DagBag from /home/airflow/.local/lib/python3.7/site-packages/airflow/example_dags/example_complex.py
[2022-11-17T14:11:01.209+0000] {logging_mixin.py:137} INFO - [2022-11-17T14:11:01.209+0000] {taskmixin.py:205} WARNING - Dependency <Task(BashOperator): create_entry_group>, delete_entry_group already registered for DAG: example_complex
[2022-11-17T14:11:01.210+0000] {logging_mixin.py:137} INFO - [2022-11-17T14:11:01.210+0000] {taskmixin.py:205} WARNING - Dependency <Task(BashOperator): delete_entry_group>, create_entry_group already registered for DAG: example_complex
[2022-11-17T14:11:01.211+0000] {logging_mixin.py:137} INFO - [2022-11-17T14:11:01.211+0000] {taskmixin.py:205} WARNING - Dependency <Task(BashOperator): create_entry_gcs>, delete_entry already registered for DAG: example_complex
[2022-11-17T14:11:01.212+0000] {logging_mixin.py:137} INFO - [2022-11-17T14:11:01.212+0000] {taskmixin.py:205} WARNING - Dependency <Task(BashOperator): delete_entry>, create_entry_gcs already registered for DAG: example_complex
[2022-11-17T14:11:01.213+0000] {logging_mixin.py:137} INFO - [2022-11-17T14:11:01.213+0000] {taskmixin.py:205} WARNING - Dependency <Task(BashOperator): create_tag>, delete_tag already registered for DAG: example_complex
[2022-11-17T14:11:01.214+0000] {logging_mixin.py:137} INFO - [2022-11-17T14:11:01.214+0000] {taskmixin.py:205} WARNING - Dependency <Task(BashOperator): delete_tag>, create_tag already registered for DAG: example_complex
[2022-11-17T14:11:01.219+0000] {processor.py:766} INFO - DAG(s) dict_keys(['example_complex']) retrieved from /home/airflow/.local/lib/python3.7/site-packages/airflow/example_dags/example_complex.py
[2022-11-17T14:11:01.249+0000] {logging_mixin.py:137} INFO - [2022-11-17T14:11:01.249+0000] {dag.py:2585} INFO - Sync 1 DAGs
[2022-11-17T14:11:01.265+0000] {logging_mixin.py:137} INFO - [2022-11-17T14:11:01.265+0000] {dag.py:3340} INFO - Setting next_dagrun for example_complex to None, run_after=None
[2022-11-17T14:11:01.280+0000] {processor.py:176} INFO - Processing /home/airflow/.local/lib/python3.7/site-packages/airflow/example_dags/example_complex.py took 0.085 seconds
[2022-11-17T14:11:31.473+0000] {processor.py:154} INFO - Started process (PID=246) to work on /home/airflow/.local/lib/python3.7/site-packages/airflow/example_dags/example_complex.py
[2022-11-17T14:11:31.475+0000] {processor.py:756} INFO - Processing file /home/airflow/.local/lib/python3.7/site-packages/airflow/example_dags/example_complex.py for tasks to queue
[2022-11-17T14:11:31.476+0000] {logging_mixin.py:137} INFO - [2022-11-17T14:11:31.476+0000] {dagbag.py:537} INFO - Filling up the DagBag from /home/airflow/.local/lib/python3.7/site-packages/airflow/example_dags/example_complex.py
[2022-11-17T14:11:31.484+0000] {logging_mixin.py:137} INFO - [2022-11-17T14:11:31.484+0000] {taskmixin.py:205} WARNING - Dependency <Task(BashOperator): create_entry_group>, delete_entry_group already registered for DAG: example_complex
[2022-11-17T14:11:31.485+0000] {logging_mixin.py:137} INFO - [2022-11-17T14:11:31.485+0000] {taskmixin.py:205} WARNING - Dependency <Task(BashOperator): delete_entry_group>, create_entry_group already registered for DAG: example_complex
[2022-11-17T14:11:31.486+0000] {logging_mixin.py:137} INFO - [2022-11-17T14:11:31.486+0000] {taskmixin.py:205} WARNING - Dependency <Task(BashOperator): create_entry_gcs>, delete_entry already registered for DAG: example_complex
[2022-11-17T14:11:31.487+0000] {logging_mixin.py:137} INFO - [2022-11-17T14:11:31.487+0000] {taskmixin.py:205} WARNING - Dependency <Task(BashOperator): delete_entry>, create_entry_gcs already registered for DAG: example_complex
[2022-11-17T14:11:31.488+0000] {logging_mixin.py:137} INFO - [2022-11-17T14:11:31.488+0000] {taskmixin.py:205} WARNING - Dependency <Task(BashOperator): create_tag>, delete_tag already registered for DAG: example_complex
[2022-11-17T14:11:31.488+0000] {logging_mixin.py:137} INFO - [2022-11-17T14:11:31.488+0000] {taskmixin.py:205} WARNING - Dependency <Task(BashOperator): delete_tag>, create_tag already registered for DAG: example_complex
[2022-11-17T14:11:31.493+0000] {processor.py:766} INFO - DAG(s) dict_keys(['example_complex']) retrieved from /home/airflow/.local/lib/python3.7/site-packages/airflow/example_dags/example_complex.py
[2022-11-17T14:11:31.525+0000] {logging_mixin.py:137} INFO - [2022-11-17T14:11:31.525+0000] {dag.py:2585} INFO - Sync 1 DAGs
[2022-11-17T14:11:31.541+0000] {logging_mixin.py:137} INFO - [2022-11-17T14:11:31.541+0000] {dag.py:3340} INFO - Setting next_dagrun for example_complex to None, run_after=None
[2022-11-17T14:11:31.553+0000] {processor.py:176} INFO - Processing /home/airflow/.local/lib/python3.7/site-packages/airflow/example_dags/example_complex.py took 0.082 seconds
[2022-11-17T14:12:02.542+0000] {processor.py:154} INFO - Started process (PID=300) to work on /home/airflow/.local/lib/python3.7/site-packages/airflow/example_dags/example_complex.py
[2022-11-17T14:12:02.544+0000] {processor.py:756} INFO - Processing file /home/airflow/.local/lib/python3.7/site-packages/airflow/example_dags/example_complex.py for tasks to queue
[2022-11-17T14:12:02.545+0000] {logging_mixin.py:137} INFO - [2022-11-17T14:12:02.545+0000] {dagbag.py:537} INFO - Filling up the DagBag from /home/airflow/.local/lib/python3.7/site-packages/airflow/example_dags/example_complex.py
[2022-11-17T14:12:02.553+0000] {logging_mixin.py:137} INFO - [2022-11-17T14:12:02.553+0000] {taskmixin.py:205} WARNING - Dependency <Task(BashOperator): create_entry_group>, delete_entry_group already registered for DAG: example_complex
[2022-11-17T14:12:02.554+0000] {logging_mixin.py:137} INFO - [2022-11-17T14:12:02.554+0000] {taskmixin.py:205} WARNING - Dependency <Task(BashOperator): delete_entry_group>, create_entry_group already registered for DAG: example_complex
[2022-11-17T14:12:02.556+0000] {logging_mixin.py:137} INFO - [2022-11-17T14:12:02.556+0000] {taskmixin.py:205} WARNING - Dependency <Task(BashOperator): create_entry_gcs>, delete_entry already registered for DAG: example_complex
[2022-11-17T14:12:02.556+0000] {logging_mixin.py:137} INFO - [2022-11-17T14:12:02.556+0000] {taskmixin.py:205} WARNING - Dependency <Task(BashOperator): delete_entry>, create_entry_gcs already registered for DAG: example_complex
[2022-11-17T14:12:02.557+0000] {logging_mixin.py:137} INFO - [2022-11-17T14:12:02.557+0000] {taskmixin.py:205} WARNING - Dependency <Task(BashOperator): create_tag>, delete_tag already registered for DAG: example_complex
[2022-11-17T14:12:02.559+0000] {logging_mixin.py:137} INFO - [2022-11-17T14:12:02.559+0000] {taskmixin.py:205} WARNING - Dependency <Task(BashOperator): delete_tag>, create_tag already registered for DAG: example_complex
[2022-11-17T14:12:02.564+0000] {processor.py:766} INFO - DAG(s) dict_keys(['example_complex']) retrieved from /home/airflow/.local/lib/python3.7/site-packages/airflow/example_dags/example_complex.py
[2022-11-17T14:12:02.593+0000] {logging_mixin.py:137} INFO - [2022-11-17T14:12:02.593+0000] {dag.py:2585} INFO - Sync 1 DAGs
[2022-11-17T14:12:02.609+0000] {logging_mixin.py:137} INFO - [2022-11-17T14:12:02.609+0000] {dag.py:3340} INFO - Setting next_dagrun for example_complex to None, run_after=None
[2022-11-17T14:12:02.621+0000] {processor.py:176} INFO - Processing /home/airflow/.local/lib/python3.7/site-packages/airflow/example_dags/example_complex.py took 0.081 seconds
