[2022-11-17T14:09:59.468+0000] {processor.py:154} INFO - Started process (PID=48) to work on /home/airflow/.local/lib/python3.7/site-packages/airflow/example_dags/example_latest_only_with_trigger.py
[2022-11-17T14:09:59.475+0000] {processor.py:756} INFO - Processing file /home/airflow/.local/lib/python3.7/site-packages/airflow/example_dags/example_latest_only_with_trigger.py for tasks to queue
[2022-11-17T14:09:59.477+0000] {logging_mixin.py:137} INFO - [2022-11-17T14:09:59.477+0000] {dagbag.py:537} INFO - Filling up the DagBag from /home/airflow/.local/lib/python3.7/site-packages/airflow/example_dags/example_latest_only_with_trigger.py
[2022-11-17T14:09:59.507+0000] {processor.py:766} INFO - DAG(s) dict_keys(['latest_only_with_trigger']) retrieved from /home/airflow/.local/lib/python3.7/site-packages/airflow/example_dags/example_latest_only_with_trigger.py
[2022-11-17T14:09:59.548+0000] {logging_mixin.py:137} INFO - [2022-11-17T14:09:59.547+0000] {dag.py:2585} INFO - Sync 1 DAGs
[2022-11-17T14:09:59.582+0000] {logging_mixin.py:137} INFO - [2022-11-17T14:09:59.582+0000] {dag.py:3340} INFO - Setting next_dagrun for latest_only_with_trigger to 2022-11-17T10:09:59.582202+00:00, run_after=2022-11-17T14:09:59.582202+00:00
[2022-11-17T14:09:59.627+0000] {processor.py:176} INFO - Processing /home/airflow/.local/lib/python3.7/site-packages/airflow/example_dags/example_latest_only_with_trigger.py took 0.166 seconds
[2022-11-17T14:10:29.992+0000] {processor.py:154} INFO - Started process (PID=110) to work on /home/airflow/.local/lib/python3.7/site-packages/airflow/example_dags/example_latest_only_with_trigger.py
[2022-11-17T14:10:29.994+0000] {processor.py:756} INFO - Processing file /home/airflow/.local/lib/python3.7/site-packages/airflow/example_dags/example_latest_only_with_trigger.py for tasks to queue
[2022-11-17T14:10:29.995+0000] {logging_mixin.py:137} INFO - [2022-11-17T14:10:29.995+0000] {dagbag.py:537} INFO - Filling up the DagBag from /home/airflow/.local/lib/python3.7/site-packages/airflow/example_dags/example_latest_only_with_trigger.py
[2022-11-17T14:10:30.005+0000] {processor.py:766} INFO - DAG(s) dict_keys(['latest_only_with_trigger']) retrieved from /home/airflow/.local/lib/python3.7/site-packages/airflow/example_dags/example_latest_only_with_trigger.py
[2022-11-17T14:10:30.030+0000] {logging_mixin.py:137} INFO - [2022-11-17T14:10:30.030+0000] {dag.py:2585} INFO - Sync 1 DAGs
[2022-11-17T14:10:30.046+0000] {logging_mixin.py:137} INFO - [2022-11-17T14:10:30.046+0000] {dag.py:3340} INFO - Setting next_dagrun for latest_only_with_trigger to 2022-11-17T10:10:30.045906+00:00, run_after=2022-11-17T14:10:30.045906+00:00
[2022-11-17T14:10:30.059+0000] {processor.py:176} INFO - Processing /home/airflow/.local/lib/python3.7/site-packages/airflow/example_dags/example_latest_only_with_trigger.py took 0.069 seconds
[2022-11-17T14:11:00.810+0000] {processor.py:154} INFO - Started process (PID=175) to work on /home/airflow/.local/lib/python3.7/site-packages/airflow/example_dags/example_latest_only_with_trigger.py
[2022-11-17T14:11:00.815+0000] {processor.py:756} INFO - Processing file /home/airflow/.local/lib/python3.7/site-packages/airflow/example_dags/example_latest_only_with_trigger.py for tasks to queue
[2022-11-17T14:11:00.816+0000] {logging_mixin.py:137} INFO - [2022-11-17T14:11:00.816+0000] {dagbag.py:537} INFO - Filling up the DagBag from /home/airflow/.local/lib/python3.7/site-packages/airflow/example_dags/example_latest_only_with_trigger.py
[2022-11-17T14:11:00.826+0000] {processor.py:766} INFO - DAG(s) dict_keys(['latest_only_with_trigger']) retrieved from /home/airflow/.local/lib/python3.7/site-packages/airflow/example_dags/example_latest_only_with_trigger.py
[2022-11-17T14:11:00.852+0000] {logging_mixin.py:137} INFO - [2022-11-17T14:11:00.852+0000] {dag.py:2585} INFO - Sync 1 DAGs
[2022-11-17T14:11:00.870+0000] {logging_mixin.py:137} INFO - [2022-11-17T14:11:00.870+0000] {dag.py:3340} INFO - Setting next_dagrun for latest_only_with_trigger to 2022-11-17T10:11:00.870014+00:00, run_after=2022-11-17T14:11:00.870014+00:00
[2022-11-17T14:11:00.883+0000] {processor.py:176} INFO - Processing /home/airflow/.local/lib/python3.7/site-packages/airflow/example_dags/example_latest_only_with_trigger.py took 0.075 seconds
[2022-11-17T14:11:31.123+0000] {processor.py:154} INFO - Started process (PID=239) to work on /home/airflow/.local/lib/python3.7/site-packages/airflow/example_dags/example_latest_only_with_trigger.py
[2022-11-17T14:11:31.125+0000] {processor.py:756} INFO - Processing file /home/airflow/.local/lib/python3.7/site-packages/airflow/example_dags/example_latest_only_with_trigger.py for tasks to queue
[2022-11-17T14:11:31.126+0000] {logging_mixin.py:137} INFO - [2022-11-17T14:11:31.126+0000] {dagbag.py:537} INFO - Filling up the DagBag from /home/airflow/.local/lib/python3.7/site-packages/airflow/example_dags/example_latest_only_with_trigger.py
[2022-11-17T14:11:31.136+0000] {processor.py:766} INFO - DAG(s) dict_keys(['latest_only_with_trigger']) retrieved from /home/airflow/.local/lib/python3.7/site-packages/airflow/example_dags/example_latest_only_with_trigger.py
[2022-11-17T14:11:31.165+0000] {logging_mixin.py:137} INFO - [2022-11-17T14:11:31.165+0000] {dag.py:2585} INFO - Sync 1 DAGs
[2022-11-17T14:11:31.180+0000] {logging_mixin.py:137} INFO - [2022-11-17T14:11:31.180+0000] {dag.py:3340} INFO - Setting next_dagrun for latest_only_with_trigger to 2022-11-17T10:11:31.180583+00:00, run_after=2022-11-17T14:11:31.180583+00:00
[2022-11-17T14:11:31.192+0000] {processor.py:176} INFO - Processing /home/airflow/.local/lib/python3.7/site-packages/airflow/example_dags/example_latest_only_with_trigger.py took 0.071 seconds
[2022-11-17T14:12:02.162+0000] {processor.py:154} INFO - Started process (PID=293) to work on /home/airflow/.local/lib/python3.7/site-packages/airflow/example_dags/example_latest_only_with_trigger.py
[2022-11-17T14:12:02.164+0000] {processor.py:756} INFO - Processing file /home/airflow/.local/lib/python3.7/site-packages/airflow/example_dags/example_latest_only_with_trigger.py for tasks to queue
[2022-11-17T14:12:02.165+0000] {logging_mixin.py:137} INFO - [2022-11-17T14:12:02.165+0000] {dagbag.py:537} INFO - Filling up the DagBag from /home/airflow/.local/lib/python3.7/site-packages/airflow/example_dags/example_latest_only_with_trigger.py
[2022-11-17T14:12:02.176+0000] {processor.py:766} INFO - DAG(s) dict_keys(['latest_only_with_trigger']) retrieved from /home/airflow/.local/lib/python3.7/site-packages/airflow/example_dags/example_latest_only_with_trigger.py
[2022-11-17T14:12:02.206+0000] {logging_mixin.py:137} INFO - [2022-11-17T14:12:02.206+0000] {dag.py:2585} INFO - Sync 1 DAGs
[2022-11-17T14:12:02.225+0000] {logging_mixin.py:137} INFO - [2022-11-17T14:12:02.225+0000] {dag.py:3340} INFO - Setting next_dagrun for latest_only_with_trigger to 2022-11-17T10:12:02.225165+00:00, run_after=2022-11-17T14:12:02.225165+00:00
[2022-11-17T14:12:02.243+0000] {processor.py:176} INFO - Processing /home/airflow/.local/lib/python3.7/site-packages/airflow/example_dags/example_latest_only_with_trigger.py took 0.084 seconds
