[2022-11-17T14:10:01.438+0000] {processor.py:154} INFO - Started process (PID=67) to work on /home/airflow/.local/lib/python3.7/site-packages/airflow/example_dags/example_bash_operator.py
[2022-11-17T14:10:01.443+0000] {processor.py:756} INFO - Processing file /home/airflow/.local/lib/python3.7/site-packages/airflow/example_dags/example_bash_operator.py for tasks to queue
[2022-11-17T14:10:01.445+0000] {logging_mixin.py:137} INFO - [2022-11-17T14:10:01.445+0000] {dagbag.py:537} INFO - Filling up the DagBag from /home/airflow/.local/lib/python3.7/site-packages/airflow/example_dags/example_bash_operator.py
[2022-11-17T14:10:01.551+0000] {processor.py:766} INFO - DAG(s) dict_keys(['example_bash_operator']) retrieved from /home/airflow/.local/lib/python3.7/site-packages/airflow/example_dags/example_bash_operator.py
[2022-11-17T14:10:01.664+0000] {logging_mixin.py:137} INFO - [2022-11-17T14:10:01.664+0000] {dag.py:2585} INFO - Sync 1 DAGs
[2022-11-17T14:10:01.788+0000] {logging_mixin.py:137} INFO - [2022-11-17T14:10:01.788+0000] {dag.py:3340} INFO - Setting next_dagrun for example_bash_operator to 2022-11-16T00:00:00+00:00, run_after=2022-11-17T00:00:00+00:00
[2022-11-17T14:10:01.836+0000] {processor.py:176} INFO - Processing /home/airflow/.local/lib/python3.7/site-packages/airflow/example_dags/example_bash_operator.py took 0.401 seconds
[2022-11-17T14:10:32.527+0000] {processor.py:154} INFO - Started process (PID=129) to work on /home/airflow/.local/lib/python3.7/site-packages/airflow/example_dags/example_bash_operator.py
[2022-11-17T14:10:32.528+0000] {processor.py:756} INFO - Processing file /home/airflow/.local/lib/python3.7/site-packages/airflow/example_dags/example_bash_operator.py for tasks to queue
[2022-11-17T14:10:32.529+0000] {logging_mixin.py:137} INFO - [2022-11-17T14:10:32.529+0000] {dagbag.py:537} INFO - Filling up the DagBag from /home/airflow/.local/lib/python3.7/site-packages/airflow/example_dags/example_bash_operator.py
[2022-11-17T14:10:32.542+0000] {processor.py:766} INFO - DAG(s) dict_keys(['example_bash_operator']) retrieved from /home/airflow/.local/lib/python3.7/site-packages/airflow/example_dags/example_bash_operator.py
[2022-11-17T14:10:32.568+0000] {logging_mixin.py:137} INFO - [2022-11-17T14:10:32.568+0000] {dag.py:2585} INFO - Sync 1 DAGs
[2022-11-17T14:10:32.583+0000] {logging_mixin.py:137} INFO - [2022-11-17T14:10:32.583+0000] {dag.py:3340} INFO - Setting next_dagrun for example_bash_operator to 2022-11-16T00:00:00+00:00, run_after=2022-11-17T00:00:00+00:00
[2022-11-17T14:10:32.593+0000] {processor.py:176} INFO - Processing /home/airflow/.local/lib/python3.7/site-packages/airflow/example_dags/example_bash_operator.py took 0.069 seconds
[2022-11-17T14:11:02.836+0000] {processor.py:154} INFO - Started process (PID=194) to work on /home/airflow/.local/lib/python3.7/site-packages/airflow/example_dags/example_bash_operator.py
[2022-11-17T14:11:02.838+0000] {processor.py:756} INFO - Processing file /home/airflow/.local/lib/python3.7/site-packages/airflow/example_dags/example_bash_operator.py for tasks to queue
[2022-11-17T14:11:02.840+0000] {logging_mixin.py:137} INFO - [2022-11-17T14:11:02.840+0000] {dagbag.py:537} INFO - Filling up the DagBag from /home/airflow/.local/lib/python3.7/site-packages/airflow/example_dags/example_bash_operator.py
[2022-11-17T14:11:02.854+0000] {processor.py:766} INFO - DAG(s) dict_keys(['example_bash_operator']) retrieved from /home/airflow/.local/lib/python3.7/site-packages/airflow/example_dags/example_bash_operator.py
[2022-11-17T14:11:02.893+0000] {logging_mixin.py:137} INFO - [2022-11-17T14:11:02.893+0000] {dag.py:2585} INFO - Sync 1 DAGs
[2022-11-17T14:11:02.914+0000] {logging_mixin.py:137} INFO - [2022-11-17T14:11:02.913+0000] {dag.py:3340} INFO - Setting next_dagrun for example_bash_operator to 2022-11-16T00:00:00+00:00, run_after=2022-11-17T00:00:00+00:00
[2022-11-17T14:11:02.928+0000] {processor.py:176} INFO - Processing /home/airflow/.local/lib/python3.7/site-packages/airflow/example_dags/example_bash_operator.py took 0.094 seconds
[2022-11-17T14:11:33.167+0000] {processor.py:154} INFO - Started process (PID=258) to work on /home/airflow/.local/lib/python3.7/site-packages/airflow/example_dags/example_bash_operator.py
[2022-11-17T14:11:33.170+0000] {processor.py:756} INFO - Processing file /home/airflow/.local/lib/python3.7/site-packages/airflow/example_dags/example_bash_operator.py for tasks to queue
[2022-11-17T14:11:33.171+0000] {logging_mixin.py:137} INFO - [2022-11-17T14:11:33.171+0000] {dagbag.py:537} INFO - Filling up the DagBag from /home/airflow/.local/lib/python3.7/site-packages/airflow/example_dags/example_bash_operator.py
[2022-11-17T14:11:33.184+0000] {processor.py:766} INFO - DAG(s) dict_keys(['example_bash_operator']) retrieved from /home/airflow/.local/lib/python3.7/site-packages/airflow/example_dags/example_bash_operator.py
[2022-11-17T14:11:33.214+0000] {logging_mixin.py:137} INFO - [2022-11-17T14:11:33.214+0000] {dag.py:2585} INFO - Sync 1 DAGs
[2022-11-17T14:11:33.231+0000] {logging_mixin.py:137} INFO - [2022-11-17T14:11:33.231+0000] {dag.py:3340} INFO - Setting next_dagrun for example_bash_operator to 2022-11-16T00:00:00+00:00, run_after=2022-11-17T00:00:00+00:00
[2022-11-17T14:11:33.245+0000] {processor.py:176} INFO - Processing /home/airflow/.local/lib/python3.7/site-packages/airflow/example_dags/example_bash_operator.py took 0.079 seconds
[2022-11-17T14:12:04.286+0000] {processor.py:154} INFO - Started process (PID=312) to work on /home/airflow/.local/lib/python3.7/site-packages/airflow/example_dags/example_bash_operator.py
[2022-11-17T14:12:04.288+0000] {processor.py:756} INFO - Processing file /home/airflow/.local/lib/python3.7/site-packages/airflow/example_dags/example_bash_operator.py for tasks to queue
[2022-11-17T14:12:04.289+0000] {logging_mixin.py:137} INFO - [2022-11-17T14:12:04.289+0000] {dagbag.py:537} INFO - Filling up the DagBag from /home/airflow/.local/lib/python3.7/site-packages/airflow/example_dags/example_bash_operator.py
[2022-11-17T14:12:04.303+0000] {processor.py:766} INFO - DAG(s) dict_keys(['example_bash_operator']) retrieved from /home/airflow/.local/lib/python3.7/site-packages/airflow/example_dags/example_bash_operator.py
[2022-11-17T14:12:04.334+0000] {logging_mixin.py:137} INFO - [2022-11-17T14:12:04.334+0000] {dag.py:2585} INFO - Sync 1 DAGs
[2022-11-17T14:12:04.355+0000] {logging_mixin.py:137} INFO - [2022-11-17T14:12:04.355+0000] {dag.py:3340} INFO - Setting next_dagrun for example_bash_operator to 2022-11-16T00:00:00+00:00, run_after=2022-11-17T00:00:00+00:00
[2022-11-17T14:12:04.370+0000] {processor.py:176} INFO - Processing /home/airflow/.local/lib/python3.7/site-packages/airflow/example_dags/example_bash_operator.py took 0.086 seconds
