[2022-11-17T14:10:00.587+0000] {processor.py:154} INFO - Started process (PID=58) to work on /home/airflow/.local/lib/python3.7/site-packages/airflow/example_dags/example_nested_branch_dag.py
[2022-11-17T14:10:00.589+0000] {processor.py:756} INFO - Processing file /home/airflow/.local/lib/python3.7/site-packages/airflow/example_dags/example_nested_branch_dag.py for tasks to queue
[2022-11-17T14:10:00.600+0000] {logging_mixin.py:137} INFO - [2022-11-17T14:10:00.600+0000] {dagbag.py:537} INFO - Filling up the DagBag from /home/airflow/.local/lib/python3.7/site-packages/airflow/example_dags/example_nested_branch_dag.py
[2022-11-17T14:10:00.641+0000] {processor.py:766} INFO - DAG(s) dict_keys(['example_nested_branch_dag']) retrieved from /home/airflow/.local/lib/python3.7/site-packages/airflow/example_dags/example_nested_branch_dag.py
[2022-11-17T14:10:00.674+0000] {logging_mixin.py:137} INFO - [2022-11-17T14:10:00.674+0000] {dag.py:2585} INFO - Sync 1 DAGs
[2022-11-17T14:10:00.704+0000] {logging_mixin.py:137} INFO - [2022-11-17T14:10:00.704+0000] {dag.py:3340} INFO - Setting next_dagrun for example_nested_branch_dag to 2022-11-16T00:00:00+00:00, run_after=2022-11-17T00:00:00+00:00
[2022-11-17T14:10:00.743+0000] {processor.py:176} INFO - Processing /home/airflow/.local/lib/python3.7/site-packages/airflow/example_dags/example_nested_branch_dag.py took 0.159 seconds
[2022-11-17T14:10:31.715+0000] {processor.py:154} INFO - Started process (PID=120) to work on /home/airflow/.local/lib/python3.7/site-packages/airflow/example_dags/example_nested_branch_dag.py
[2022-11-17T14:10:31.717+0000] {processor.py:756} INFO - Processing file /home/airflow/.local/lib/python3.7/site-packages/airflow/example_dags/example_nested_branch_dag.py for tasks to queue
[2022-11-17T14:10:31.721+0000] {logging_mixin.py:137} INFO - [2022-11-17T14:10:31.721+0000] {dagbag.py:537} INFO - Filling up the DagBag from /home/airflow/.local/lib/python3.7/site-packages/airflow/example_dags/example_nested_branch_dag.py
[2022-11-17T14:10:31.741+0000] {processor.py:766} INFO - DAG(s) dict_keys(['example_nested_branch_dag']) retrieved from /home/airflow/.local/lib/python3.7/site-packages/airflow/example_dags/example_nested_branch_dag.py
[2022-11-17T14:10:31.775+0000] {logging_mixin.py:137} INFO - [2022-11-17T14:10:31.775+0000] {dag.py:2585} INFO - Sync 1 DAGs
[2022-11-17T14:10:31.812+0000] {logging_mixin.py:137} INFO - [2022-11-17T14:10:31.812+0000] {dag.py:3340} INFO - Setting next_dagrun for example_nested_branch_dag to 2022-11-16T00:00:00+00:00, run_after=2022-11-17T00:00:00+00:00
[2022-11-17T14:10:31.835+0000] {processor.py:176} INFO - Processing /home/airflow/.local/lib/python3.7/site-packages/airflow/example_dags/example_nested_branch_dag.py took 0.124 seconds
[2022-11-17T14:11:02.402+0000] {processor.py:154} INFO - Started process (PID=185) to work on /home/airflow/.local/lib/python3.7/site-packages/airflow/example_dags/example_nested_branch_dag.py
[2022-11-17T14:11:02.405+0000] {processor.py:756} INFO - Processing file /home/airflow/.local/lib/python3.7/site-packages/airflow/example_dags/example_nested_branch_dag.py for tasks to queue
[2022-11-17T14:11:02.407+0000] {logging_mixin.py:137} INFO - [2022-11-17T14:11:02.406+0000] {dagbag.py:537} INFO - Filling up the DagBag from /home/airflow/.local/lib/python3.7/site-packages/airflow/example_dags/example_nested_branch_dag.py
[2022-11-17T14:11:02.428+0000] {processor.py:766} INFO - DAG(s) dict_keys(['example_nested_branch_dag']) retrieved from /home/airflow/.local/lib/python3.7/site-packages/airflow/example_dags/example_nested_branch_dag.py
[2022-11-17T14:11:02.454+0000] {logging_mixin.py:137} INFO - [2022-11-17T14:11:02.454+0000] {dag.py:2585} INFO - Sync 1 DAGs
[2022-11-17T14:11:02.470+0000] {logging_mixin.py:137} INFO - [2022-11-17T14:11:02.470+0000] {dag.py:3340} INFO - Setting next_dagrun for example_nested_branch_dag to 2022-11-16T00:00:00+00:00, run_after=2022-11-17T00:00:00+00:00
[2022-11-17T14:11:02.484+0000] {processor.py:176} INFO - Processing /home/airflow/.local/lib/python3.7/site-packages/airflow/example_dags/example_nested_branch_dag.py took 0.085 seconds
[2022-11-17T14:11:32.662+0000] {processor.py:154} INFO - Started process (PID=249) to work on /home/airflow/.local/lib/python3.7/site-packages/airflow/example_dags/example_nested_branch_dag.py
[2022-11-17T14:11:32.664+0000] {processor.py:756} INFO - Processing file /home/airflow/.local/lib/python3.7/site-packages/airflow/example_dags/example_nested_branch_dag.py for tasks to queue
[2022-11-17T14:11:32.666+0000] {logging_mixin.py:137} INFO - [2022-11-17T14:11:32.666+0000] {dagbag.py:537} INFO - Filling up the DagBag from /home/airflow/.local/lib/python3.7/site-packages/airflow/example_dags/example_nested_branch_dag.py
[2022-11-17T14:11:32.692+0000] {processor.py:766} INFO - DAG(s) dict_keys(['example_nested_branch_dag']) retrieved from /home/airflow/.local/lib/python3.7/site-packages/airflow/example_dags/example_nested_branch_dag.py
[2022-11-17T14:11:32.723+0000] {logging_mixin.py:137} INFO - [2022-11-17T14:11:32.723+0000] {dag.py:2585} INFO - Sync 1 DAGs
[2022-11-17T14:11:32.738+0000] {logging_mixin.py:137} INFO - [2022-11-17T14:11:32.738+0000] {dag.py:3340} INFO - Setting next_dagrun for example_nested_branch_dag to 2022-11-16T00:00:00+00:00, run_after=2022-11-17T00:00:00+00:00
[2022-11-17T14:11:32.749+0000] {processor.py:176} INFO - Processing /home/airflow/.local/lib/python3.7/site-packages/airflow/example_dags/example_nested_branch_dag.py took 0.092 seconds
[2022-11-17T14:12:03.753+0000] {processor.py:154} INFO - Started process (PID=303) to work on /home/airflow/.local/lib/python3.7/site-packages/airflow/example_dags/example_nested_branch_dag.py
[2022-11-17T14:12:03.756+0000] {processor.py:756} INFO - Processing file /home/airflow/.local/lib/python3.7/site-packages/airflow/example_dags/example_nested_branch_dag.py for tasks to queue
[2022-11-17T14:12:03.759+0000] {logging_mixin.py:137} INFO - [2022-11-17T14:12:03.759+0000] {dagbag.py:537} INFO - Filling up the DagBag from /home/airflow/.local/lib/python3.7/site-packages/airflow/example_dags/example_nested_branch_dag.py
[2022-11-17T14:12:03.791+0000] {processor.py:766} INFO - DAG(s) dict_keys(['example_nested_branch_dag']) retrieved from /home/airflow/.local/lib/python3.7/site-packages/airflow/example_dags/example_nested_branch_dag.py
[2022-11-17T14:12:03.828+0000] {logging_mixin.py:137} INFO - [2022-11-17T14:12:03.828+0000] {dag.py:2585} INFO - Sync 1 DAGs
[2022-11-17T14:12:03.878+0000] {logging_mixin.py:137} INFO - [2022-11-17T14:12:03.877+0000] {dag.py:3340} INFO - Setting next_dagrun for example_nested_branch_dag to 2022-11-16T00:00:00+00:00, run_after=2022-11-17T00:00:00+00:00
[2022-11-17T14:12:03.894+0000] {processor.py:176} INFO - Processing /home/airflow/.local/lib/python3.7/site-packages/airflow/example_dags/example_nested_branch_dag.py took 0.144 seconds
