[2022-11-17T14:10:00.672+0000] {processor.py:154} INFO - Started process (PID=59) to work on /home/airflow/.local/lib/python3.7/site-packages/airflow/example_dags/example_skip_dag.py
[2022-11-17T14:10:00.673+0000] {processor.py:756} INFO - Processing file /home/airflow/.local/lib/python3.7/site-packages/airflow/example_dags/example_skip_dag.py for tasks to queue
[2022-11-17T14:10:00.675+0000] {logging_mixin.py:137} INFO - [2022-11-17T14:10:00.675+0000] {dagbag.py:537} INFO - Filling up the DagBag from /home/airflow/.local/lib/python3.7/site-packages/airflow/example_dags/example_skip_dag.py
[2022-11-17T14:10:00.695+0000] {processor.py:766} INFO - DAG(s) dict_keys(['example_skip_dag']) retrieved from /home/airflow/.local/lib/python3.7/site-packages/airflow/example_dags/example_skip_dag.py
[2022-11-17T14:10:00.741+0000] {logging_mixin.py:137} INFO - [2022-11-17T14:10:00.741+0000] {dag.py:2585} INFO - Sync 1 DAGs
[2022-11-17T14:10:00.818+0000] {logging_mixin.py:137} INFO - [2022-11-17T14:10:00.818+0000] {dag.py:3340} INFO - Setting next_dagrun for example_skip_dag to 2022-11-16T14:10:00.818487+00:00, run_after=2022-11-17T14:10:00.818487+00:00
[2022-11-17T14:10:00.866+0000] {processor.py:176} INFO - Processing /home/airflow/.local/lib/python3.7/site-packages/airflow/example_dags/example_skip_dag.py took 0.197 seconds
[2022-11-17T14:10:31.723+0000] {processor.py:154} INFO - Started process (PID=121) to work on /home/airflow/.local/lib/python3.7/site-packages/airflow/example_dags/example_skip_dag.py
[2022-11-17T14:10:31.725+0000] {processor.py:756} INFO - Processing file /home/airflow/.local/lib/python3.7/site-packages/airflow/example_dags/example_skip_dag.py for tasks to queue
[2022-11-17T14:10:31.726+0000] {logging_mixin.py:137} INFO - [2022-11-17T14:10:31.726+0000] {dagbag.py:537} INFO - Filling up the DagBag from /home/airflow/.local/lib/python3.7/site-packages/airflow/example_dags/example_skip_dag.py
[2022-11-17T14:10:31.739+0000] {processor.py:766} INFO - DAG(s) dict_keys(['example_skip_dag']) retrieved from /home/airflow/.local/lib/python3.7/site-packages/airflow/example_dags/example_skip_dag.py
[2022-11-17T14:10:31.773+0000] {logging_mixin.py:137} INFO - [2022-11-17T14:10:31.773+0000] {dag.py:2585} INFO - Sync 1 DAGs
[2022-11-17T14:10:31.813+0000] {logging_mixin.py:137} INFO - [2022-11-17T14:10:31.813+0000] {dag.py:3340} INFO - Setting next_dagrun for example_skip_dag to 2022-11-16T14:10:31.812898+00:00, run_after=2022-11-17T14:10:31.812898+00:00
[2022-11-17T14:10:31.845+0000] {processor.py:176} INFO - Processing /home/airflow/.local/lib/python3.7/site-packages/airflow/example_dags/example_skip_dag.py took 0.125 seconds
[2022-11-17T14:11:02.406+0000] {processor.py:154} INFO - Started process (PID=186) to work on /home/airflow/.local/lib/python3.7/site-packages/airflow/example_dags/example_skip_dag.py
[2022-11-17T14:11:02.408+0000] {processor.py:756} INFO - Processing file /home/airflow/.local/lib/python3.7/site-packages/airflow/example_dags/example_skip_dag.py for tasks to queue
[2022-11-17T14:11:02.409+0000] {logging_mixin.py:137} INFO - [2022-11-17T14:11:02.409+0000] {dagbag.py:537} INFO - Filling up the DagBag from /home/airflow/.local/lib/python3.7/site-packages/airflow/example_dags/example_skip_dag.py
[2022-11-17T14:11:02.422+0000] {processor.py:766} INFO - DAG(s) dict_keys(['example_skip_dag']) retrieved from /home/airflow/.local/lib/python3.7/site-packages/airflow/example_dags/example_skip_dag.py
[2022-11-17T14:11:02.450+0000] {logging_mixin.py:137} INFO - [2022-11-17T14:11:02.450+0000] {dag.py:2585} INFO - Sync 1 DAGs
[2022-11-17T14:11:02.465+0000] {logging_mixin.py:137} INFO - [2022-11-17T14:11:02.465+0000] {dag.py:3340} INFO - Setting next_dagrun for example_skip_dag to 2022-11-16T14:11:02.465759+00:00, run_after=2022-11-17T14:11:02.465759+00:00
[2022-11-17T14:11:02.478+0000] {processor.py:176} INFO - Processing /home/airflow/.local/lib/python3.7/site-packages/airflow/example_dags/example_skip_dag.py took 0.076 seconds
[2022-11-17T14:11:32.668+0000] {processor.py:154} INFO - Started process (PID=250) to work on /home/airflow/.local/lib/python3.7/site-packages/airflow/example_dags/example_skip_dag.py
[2022-11-17T14:11:32.672+0000] {processor.py:756} INFO - Processing file /home/airflow/.local/lib/python3.7/site-packages/airflow/example_dags/example_skip_dag.py for tasks to queue
[2022-11-17T14:11:32.673+0000] {logging_mixin.py:137} INFO - [2022-11-17T14:11:32.673+0000] {dagbag.py:537} INFO - Filling up the DagBag from /home/airflow/.local/lib/python3.7/site-packages/airflow/example_dags/example_skip_dag.py
[2022-11-17T14:11:32.688+0000] {processor.py:766} INFO - DAG(s) dict_keys(['example_skip_dag']) retrieved from /home/airflow/.local/lib/python3.7/site-packages/airflow/example_dags/example_skip_dag.py
[2022-11-17T14:11:32.723+0000] {logging_mixin.py:137} INFO - [2022-11-17T14:11:32.723+0000] {dag.py:2585} INFO - Sync 1 DAGs
[2022-11-17T14:11:32.738+0000] {logging_mixin.py:137} INFO - [2022-11-17T14:11:32.737+0000] {dag.py:3340} INFO - Setting next_dagrun for example_skip_dag to 2022-11-16T14:11:32.737794+00:00, run_after=2022-11-17T14:11:32.737794+00:00
[2022-11-17T14:11:32.749+0000] {processor.py:176} INFO - Processing /home/airflow/.local/lib/python3.7/site-packages/airflow/example_dags/example_skip_dag.py took 0.084 seconds
[2022-11-17T14:12:03.761+0000] {processor.py:154} INFO - Started process (PID=304) to work on /home/airflow/.local/lib/python3.7/site-packages/airflow/example_dags/example_skip_dag.py
[2022-11-17T14:12:03.765+0000] {processor.py:756} INFO - Processing file /home/airflow/.local/lib/python3.7/site-packages/airflow/example_dags/example_skip_dag.py for tasks to queue
[2022-11-17T14:12:03.767+0000] {logging_mixin.py:137} INFO - [2022-11-17T14:12:03.766+0000] {dagbag.py:537} INFO - Filling up the DagBag from /home/airflow/.local/lib/python3.7/site-packages/airflow/example_dags/example_skip_dag.py
[2022-11-17T14:12:03.784+0000] {processor.py:766} INFO - DAG(s) dict_keys(['example_skip_dag']) retrieved from /home/airflow/.local/lib/python3.7/site-packages/airflow/example_dags/example_skip_dag.py
[2022-11-17T14:12:03.821+0000] {logging_mixin.py:137} INFO - [2022-11-17T14:12:03.821+0000] {dag.py:2585} INFO - Sync 1 DAGs
[2022-11-17T14:12:03.870+0000] {logging_mixin.py:137} INFO - [2022-11-17T14:12:03.870+0000] {dag.py:3340} INFO - Setting next_dagrun for example_skip_dag to 2022-11-16T14:12:03.869905+00:00, run_after=2022-11-17T14:12:03.869905+00:00
[2022-11-17T14:12:03.887+0000] {processor.py:176} INFO - Processing /home/airflow/.local/lib/python3.7/site-packages/airflow/example_dags/example_skip_dag.py took 0.130 seconds
