[2022-11-17T14:10:00.835+0000] {processor.py:154} INFO - Started process (PID=60) to work on /home/airflow/.local/lib/python3.7/site-packages/airflow/example_dags/example_python_operator.py
[2022-11-17T14:10:00.839+0000] {processor.py:756} INFO - Processing file /home/airflow/.local/lib/python3.7/site-packages/airflow/example_dags/example_python_operator.py for tasks to queue
[2022-11-17T14:10:00.842+0000] {logging_mixin.py:137} INFO - [2022-11-17T14:10:00.842+0000] {dagbag.py:537} INFO - Filling up the DagBag from /home/airflow/.local/lib/python3.7/site-packages/airflow/example_dags/example_python_operator.py
[2022-11-17T14:10:00.910+0000] {logging_mixin.py:137} INFO - [2022-11-17T14:10:00.906+0000] {taskmixin.py:205} WARNING - Dependency <Task(_PythonDecoratedOperator): print_the_context>, log_sql_query already registered for DAG: example_python_operator
[2022-11-17T14:10:00.912+0000] {logging_mixin.py:137} INFO - [2022-11-17T14:10:00.911+0000] {taskmixin.py:205} WARNING - Dependency <Task(_PythonDecoratedOperator): log_sql_query>, print_the_context already registered for DAG: example_python_operator
[2022-11-17T14:10:00.913+0000] {logging_mixin.py:137} INFO - [2022-11-17T14:10:00.913+0000] {taskmixin.py:205} WARNING - Dependency <Task(_PythonDecoratedOperator): print_the_context>, log_sql_query already registered for DAG: example_python_operator
[2022-11-17T14:10:00.914+0000] {logging_mixin.py:137} INFO - [2022-11-17T14:10:00.914+0000] {taskmixin.py:205} WARNING - Dependency <Task(_PythonDecoratedOperator): log_sql_query>, print_the_context already registered for DAG: example_python_operator
[2022-11-17T14:10:00.919+0000] {logging_mixin.py:137} INFO - [2022-11-17T14:10:00.919+0000] {taskmixin.py:205} WARNING - Dependency <Task(_PythonDecoratedOperator): print_the_context>, log_sql_query already registered for DAG: example_python_operator
[2022-11-17T14:10:00.921+0000] {logging_mixin.py:137} INFO - [2022-11-17T14:10:00.921+0000] {taskmixin.py:205} WARNING - Dependency <Task(_PythonDecoratedOperator): log_sql_query>, print_the_context already registered for DAG: example_python_operator
[2022-11-17T14:10:00.922+0000] {logging_mixin.py:137} INFO - [2022-11-17T14:10:00.922+0000] {taskmixin.py:205} WARNING - Dependency <Task(_PythonDecoratedOperator): print_the_context>, log_sql_query already registered for DAG: example_python_operator
[2022-11-17T14:10:00.923+0000] {logging_mixin.py:137} INFO - [2022-11-17T14:10:00.923+0000] {taskmixin.py:205} WARNING - Dependency <Task(_PythonDecoratedOperator): log_sql_query>, print_the_context already registered for DAG: example_python_operator
[2022-11-17T14:10:00.939+0000] {processor.py:766} INFO - DAG(s) dict_keys(['example_python_operator']) retrieved from /home/airflow/.local/lib/python3.7/site-packages/airflow/example_dags/example_python_operator.py
[2022-11-17T14:10:00.978+0000] {logging_mixin.py:137} INFO - [2022-11-17T14:10:00.978+0000] {dag.py:2585} INFO - Sync 1 DAGs
[2022-11-17T14:10:01.017+0000] {logging_mixin.py:137} INFO - [2022-11-17T14:10:01.017+0000] {dag.py:3340} INFO - Setting next_dagrun for example_python_operator to None, run_after=None
[2022-11-17T14:10:01.039+0000] {processor.py:176} INFO - Processing /home/airflow/.local/lib/python3.7/site-packages/airflow/example_dags/example_python_operator.py took 0.212 seconds
[2022-11-17T14:10:31.899+0000] {processor.py:154} INFO - Started process (PID=122) to work on /home/airflow/.local/lib/python3.7/site-packages/airflow/example_dags/example_python_operator.py
[2022-11-17T14:10:31.909+0000] {processor.py:756} INFO - Processing file /home/airflow/.local/lib/python3.7/site-packages/airflow/example_dags/example_python_operator.py for tasks to queue
[2022-11-17T14:10:31.912+0000] {logging_mixin.py:137} INFO - [2022-11-17T14:10:31.911+0000] {dagbag.py:537} INFO - Filling up the DagBag from /home/airflow/.local/lib/python3.7/site-packages/airflow/example_dags/example_python_operator.py
[2022-11-17T14:10:31.953+0000] {logging_mixin.py:137} INFO - [2022-11-17T14:10:31.953+0000] {taskmixin.py:205} WARNING - Dependency <Task(_PythonDecoratedOperator): print_the_context>, log_sql_query already registered for DAG: example_python_operator
[2022-11-17T14:10:31.957+0000] {logging_mixin.py:137} INFO - [2022-11-17T14:10:31.956+0000] {taskmixin.py:205} WARNING - Dependency <Task(_PythonDecoratedOperator): log_sql_query>, print_the_context already registered for DAG: example_python_operator
[2022-11-17T14:10:31.959+0000] {logging_mixin.py:137} INFO - [2022-11-17T14:10:31.959+0000] {taskmixin.py:205} WARNING - Dependency <Task(_PythonDecoratedOperator): print_the_context>, log_sql_query already registered for DAG: example_python_operator
[2022-11-17T14:10:31.960+0000] {logging_mixin.py:137} INFO - [2022-11-17T14:10:31.960+0000] {taskmixin.py:205} WARNING - Dependency <Task(_PythonDecoratedOperator): log_sql_query>, print_the_context already registered for DAG: example_python_operator
[2022-11-17T14:10:31.969+0000] {logging_mixin.py:137} INFO - [2022-11-17T14:10:31.969+0000] {taskmixin.py:205} WARNING - Dependency <Task(_PythonDecoratedOperator): print_the_context>, log_sql_query already registered for DAG: example_python_operator
[2022-11-17T14:10:31.979+0000] {logging_mixin.py:137} INFO - [2022-11-17T14:10:31.979+0000] {taskmixin.py:205} WARNING - Dependency <Task(_PythonDecoratedOperator): log_sql_query>, print_the_context already registered for DAG: example_python_operator
[2022-11-17T14:10:31.989+0000] {logging_mixin.py:137} INFO - [2022-11-17T14:10:31.989+0000] {taskmixin.py:205} WARNING - Dependency <Task(_PythonDecoratedOperator): print_the_context>, log_sql_query already registered for DAG: example_python_operator
[2022-11-17T14:10:31.994+0000] {logging_mixin.py:137} INFO - [2022-11-17T14:10:31.994+0000] {taskmixin.py:205} WARNING - Dependency <Task(_PythonDecoratedOperator): log_sql_query>, print_the_context already registered for DAG: example_python_operator
[2022-11-17T14:10:32.027+0000] {processor.py:766} INFO - DAG(s) dict_keys(['example_python_operator']) retrieved from /home/airflow/.local/lib/python3.7/site-packages/airflow/example_dags/example_python_operator.py
[2022-11-17T14:10:32.094+0000] {logging_mixin.py:137} INFO - [2022-11-17T14:10:32.093+0000] {dag.py:2585} INFO - Sync 1 DAGs
[2022-11-17T14:10:32.112+0000] {logging_mixin.py:137} INFO - [2022-11-17T14:10:32.111+0000] {dag.py:3340} INFO - Setting next_dagrun for example_python_operator to None, run_after=None
[2022-11-17T14:10:32.155+0000] {processor.py:176} INFO - Processing /home/airflow/.local/lib/python3.7/site-packages/airflow/example_dags/example_python_operator.py took 0.260 seconds
[2022-11-17T14:11:02.498+0000] {processor.py:154} INFO - Started process (PID=187) to work on /home/airflow/.local/lib/python3.7/site-packages/airflow/example_dags/example_python_operator.py
[2022-11-17T14:11:02.500+0000] {processor.py:756} INFO - Processing file /home/airflow/.local/lib/python3.7/site-packages/airflow/example_dags/example_python_operator.py for tasks to queue
[2022-11-17T14:11:02.501+0000] {logging_mixin.py:137} INFO - [2022-11-17T14:11:02.501+0000] {dagbag.py:537} INFO - Filling up the DagBag from /home/airflow/.local/lib/python3.7/site-packages/airflow/example_dags/example_python_operator.py
[2022-11-17T14:11:02.513+0000] {logging_mixin.py:137} INFO - [2022-11-17T14:11:02.513+0000] {taskmixin.py:205} WARNING - Dependency <Task(_PythonDecoratedOperator): print_the_context>, log_sql_query already registered for DAG: example_python_operator
[2022-11-17T14:11:02.513+0000] {logging_mixin.py:137} INFO - [2022-11-17T14:11:02.513+0000] {taskmixin.py:205} WARNING - Dependency <Task(_PythonDecoratedOperator): log_sql_query>, print_the_context already registered for DAG: example_python_operator
[2022-11-17T14:11:02.515+0000] {logging_mixin.py:137} INFO - [2022-11-17T14:11:02.514+0000] {taskmixin.py:205} WARNING - Dependency <Task(_PythonDecoratedOperator): print_the_context>, log_sql_query already registered for DAG: example_python_operator
[2022-11-17T14:11:02.516+0000] {logging_mixin.py:137} INFO - [2022-11-17T14:11:02.516+0000] {taskmixin.py:205} WARNING - Dependency <Task(_PythonDecoratedOperator): log_sql_query>, print_the_context already registered for DAG: example_python_operator
[2022-11-17T14:11:02.518+0000] {logging_mixin.py:137} INFO - [2022-11-17T14:11:02.518+0000] {taskmixin.py:205} WARNING - Dependency <Task(_PythonDecoratedOperator): print_the_context>, log_sql_query already registered for DAG: example_python_operator
[2022-11-17T14:11:02.518+0000] {logging_mixin.py:137} INFO - [2022-11-17T14:11:02.518+0000] {taskmixin.py:205} WARNING - Dependency <Task(_PythonDecoratedOperator): log_sql_query>, print_the_context already registered for DAG: example_python_operator
[2022-11-17T14:11:02.519+0000] {logging_mixin.py:137} INFO - [2022-11-17T14:11:02.519+0000] {taskmixin.py:205} WARNING - Dependency <Task(_PythonDecoratedOperator): print_the_context>, log_sql_query already registered for DAG: example_python_operator
[2022-11-17T14:11:02.520+0000] {logging_mixin.py:137} INFO - [2022-11-17T14:11:02.520+0000] {taskmixin.py:205} WARNING - Dependency <Task(_PythonDecoratedOperator): log_sql_query>, print_the_context already registered for DAG: example_python_operator
[2022-11-17T14:11:02.525+0000] {processor.py:766} INFO - DAG(s) dict_keys(['example_python_operator']) retrieved from /home/airflow/.local/lib/python3.7/site-packages/airflow/example_dags/example_python_operator.py
[2022-11-17T14:11:02.551+0000] {logging_mixin.py:137} INFO - [2022-11-17T14:11:02.550+0000] {dag.py:2585} INFO - Sync 1 DAGs
[2022-11-17T14:11:02.567+0000] {logging_mixin.py:137} INFO - [2022-11-17T14:11:02.567+0000] {dag.py:3340} INFO - Setting next_dagrun for example_python_operator to None, run_after=None
[2022-11-17T14:11:02.579+0000] {processor.py:176} INFO - Processing /home/airflow/.local/lib/python3.7/site-packages/airflow/example_dags/example_python_operator.py took 0.083 seconds
[2022-11-17T14:11:32.768+0000] {processor.py:154} INFO - Started process (PID=251) to work on /home/airflow/.local/lib/python3.7/site-packages/airflow/example_dags/example_python_operator.py
[2022-11-17T14:11:32.770+0000] {processor.py:756} INFO - Processing file /home/airflow/.local/lib/python3.7/site-packages/airflow/example_dags/example_python_operator.py for tasks to queue
[2022-11-17T14:11:32.771+0000] {logging_mixin.py:137} INFO - [2022-11-17T14:11:32.770+0000] {dagbag.py:537} INFO - Filling up the DagBag from /home/airflow/.local/lib/python3.7/site-packages/airflow/example_dags/example_python_operator.py
[2022-11-17T14:11:32.780+0000] {logging_mixin.py:137} INFO - [2022-11-17T14:11:32.780+0000] {taskmixin.py:205} WARNING - Dependency <Task(_PythonDecoratedOperator): print_the_context>, log_sql_query already registered for DAG: example_python_operator
[2022-11-17T14:11:32.781+0000] {logging_mixin.py:137} INFO - [2022-11-17T14:11:32.781+0000] {taskmixin.py:205} WARNING - Dependency <Task(_PythonDecoratedOperator): log_sql_query>, print_the_context already registered for DAG: example_python_operator
[2022-11-17T14:11:32.782+0000] {logging_mixin.py:137} INFO - [2022-11-17T14:11:32.782+0000] {taskmixin.py:205} WARNING - Dependency <Task(_PythonDecoratedOperator): print_the_context>, log_sql_query already registered for DAG: example_python_operator
[2022-11-17T14:11:32.783+0000] {logging_mixin.py:137} INFO - [2022-11-17T14:11:32.783+0000] {taskmixin.py:205} WARNING - Dependency <Task(_PythonDecoratedOperator): log_sql_query>, print_the_context already registered for DAG: example_python_operator
[2022-11-17T14:11:32.784+0000] {logging_mixin.py:137} INFO - [2022-11-17T14:11:32.783+0000] {taskmixin.py:205} WARNING - Dependency <Task(_PythonDecoratedOperator): print_the_context>, log_sql_query already registered for DAG: example_python_operator
[2022-11-17T14:11:32.784+0000] {logging_mixin.py:137} INFO - [2022-11-17T14:11:32.784+0000] {taskmixin.py:205} WARNING - Dependency <Task(_PythonDecoratedOperator): log_sql_query>, print_the_context already registered for DAG: example_python_operator
[2022-11-17T14:11:32.785+0000] {logging_mixin.py:137} INFO - [2022-11-17T14:11:32.785+0000] {taskmixin.py:205} WARNING - Dependency <Task(_PythonDecoratedOperator): print_the_context>, log_sql_query already registered for DAG: example_python_operator
[2022-11-17T14:11:32.786+0000] {logging_mixin.py:137} INFO - [2022-11-17T14:11:32.786+0000] {taskmixin.py:205} WARNING - Dependency <Task(_PythonDecoratedOperator): log_sql_query>, print_the_context already registered for DAG: example_python_operator
[2022-11-17T14:11:32.791+0000] {processor.py:766} INFO - DAG(s) dict_keys(['example_python_operator']) retrieved from /home/airflow/.local/lib/python3.7/site-packages/airflow/example_dags/example_python_operator.py
[2022-11-17T14:11:32.816+0000] {logging_mixin.py:137} INFO - [2022-11-17T14:11:32.816+0000] {dag.py:2585} INFO - Sync 1 DAGs
[2022-11-17T14:11:32.831+0000] {logging_mixin.py:137} INFO - [2022-11-17T14:11:32.830+0000] {dag.py:3340} INFO - Setting next_dagrun for example_python_operator to None, run_after=None
[2022-11-17T14:11:32.840+0000] {processor.py:176} INFO - Processing /home/airflow/.local/lib/python3.7/site-packages/airflow/example_dags/example_python_operator.py took 0.074 seconds
[2022-11-17T14:12:03.910+0000] {processor.py:154} INFO - Started process (PID=305) to work on /home/airflow/.local/lib/python3.7/site-packages/airflow/example_dags/example_python_operator.py
[2022-11-17T14:12:03.912+0000] {processor.py:756} INFO - Processing file /home/airflow/.local/lib/python3.7/site-packages/airflow/example_dags/example_python_operator.py for tasks to queue
[2022-11-17T14:12:03.913+0000] {logging_mixin.py:137} INFO - [2022-11-17T14:12:03.913+0000] {dagbag.py:537} INFO - Filling up the DagBag from /home/airflow/.local/lib/python3.7/site-packages/airflow/example_dags/example_python_operator.py
[2022-11-17T14:12:03.923+0000] {logging_mixin.py:137} INFO - [2022-11-17T14:12:03.923+0000] {taskmixin.py:205} WARNING - Dependency <Task(_PythonDecoratedOperator): print_the_context>, log_sql_query already registered for DAG: example_python_operator
[2022-11-17T14:12:03.925+0000] {logging_mixin.py:137} INFO - [2022-11-17T14:12:03.925+0000] {taskmixin.py:205} WARNING - Dependency <Task(_PythonDecoratedOperator): log_sql_query>, print_the_context already registered for DAG: example_python_operator
[2022-11-17T14:12:03.926+0000] {logging_mixin.py:137} INFO - [2022-11-17T14:12:03.926+0000] {taskmixin.py:205} WARNING - Dependency <Task(_PythonDecoratedOperator): print_the_context>, log_sql_query already registered for DAG: example_python_operator
[2022-11-17T14:12:03.928+0000] {logging_mixin.py:137} INFO - [2022-11-17T14:12:03.928+0000] {taskmixin.py:205} WARNING - Dependency <Task(_PythonDecoratedOperator): log_sql_query>, print_the_context already registered for DAG: example_python_operator
[2022-11-17T14:12:03.930+0000] {logging_mixin.py:137} INFO - [2022-11-17T14:12:03.930+0000] {taskmixin.py:205} WARNING - Dependency <Task(_PythonDecoratedOperator): print_the_context>, log_sql_query already registered for DAG: example_python_operator
[2022-11-17T14:12:03.931+0000] {logging_mixin.py:137} INFO - [2022-11-17T14:12:03.931+0000] {taskmixin.py:205} WARNING - Dependency <Task(_PythonDecoratedOperator): log_sql_query>, print_the_context already registered for DAG: example_python_operator
[2022-11-17T14:12:03.932+0000] {logging_mixin.py:137} INFO - [2022-11-17T14:12:03.932+0000] {taskmixin.py:205} WARNING - Dependency <Task(_PythonDecoratedOperator): print_the_context>, log_sql_query already registered for DAG: example_python_operator
[2022-11-17T14:12:03.933+0000] {logging_mixin.py:137} INFO - [2022-11-17T14:12:03.933+0000] {taskmixin.py:205} WARNING - Dependency <Task(_PythonDecoratedOperator): log_sql_query>, print_the_context already registered for DAG: example_python_operator
[2022-11-17T14:12:03.938+0000] {processor.py:766} INFO - DAG(s) dict_keys(['example_python_operator']) retrieved from /home/airflow/.local/lib/python3.7/site-packages/airflow/example_dags/example_python_operator.py
[2022-11-17T14:12:03.964+0000] {logging_mixin.py:137} INFO - [2022-11-17T14:12:03.964+0000] {dag.py:2585} INFO - Sync 1 DAGs
[2022-11-17T14:12:03.979+0000] {logging_mixin.py:137} INFO - [2022-11-17T14:12:03.979+0000] {dag.py:3340} INFO - Setting next_dagrun for example_python_operator to None, run_after=None
[2022-11-17T14:12:03.991+0000] {processor.py:176} INFO - Processing /home/airflow/.local/lib/python3.7/site-packages/airflow/example_dags/example_python_operator.py took 0.083 seconds
