[2022-11-17T14:10:00.143+0000] {processor.py:154} INFO - Started process (PID=54) to work on /home/airflow/.local/lib/python3.7/site-packages/airflow/example_dags/example_task_group.py
[2022-11-17T14:10:00.145+0000] {processor.py:756} INFO - Processing file /home/airflow/.local/lib/python3.7/site-packages/airflow/example_dags/example_task_group.py for tasks to queue
[2022-11-17T14:10:00.148+0000] {logging_mixin.py:137} INFO - [2022-11-17T14:10:00.148+0000] {dagbag.py:537} INFO - Filling up the DagBag from /home/airflow/.local/lib/python3.7/site-packages/airflow/example_dags/example_task_group.py
[2022-11-17T14:10:00.183+0000] {processor.py:766} INFO - DAG(s) dict_keys(['example_task_group']) retrieved from /home/airflow/.local/lib/python3.7/site-packages/airflow/example_dags/example_task_group.py
[2022-11-17T14:10:00.260+0000] {logging_mixin.py:137} INFO - [2022-11-17T14:10:00.260+0000] {dag.py:2585} INFO - Sync 1 DAGs
[2022-11-17T14:10:00.309+0000] {logging_mixin.py:137} INFO - [2022-11-17T14:10:00.308+0000] {dag.py:3340} INFO - Setting next_dagrun for example_task_group to 2022-11-16T14:10:00.307982+00:00, run_after=2022-11-17T14:10:00.307982+00:00
[2022-11-17T14:10:00.335+0000] {processor.py:176} INFO - Processing /home/airflow/.local/lib/python3.7/site-packages/airflow/example_dags/example_task_group.py took 0.197 seconds
[2022-11-17T14:10:30.426+0000] {processor.py:154} INFO - Started process (PID=116) to work on /home/airflow/.local/lib/python3.7/site-packages/airflow/example_dags/example_task_group.py
[2022-11-17T14:10:30.428+0000] {processor.py:756} INFO - Processing file /home/airflow/.local/lib/python3.7/site-packages/airflow/example_dags/example_task_group.py for tasks to queue
[2022-11-17T14:10:30.429+0000] {logging_mixin.py:137} INFO - [2022-11-17T14:10:30.429+0000] {dagbag.py:537} INFO - Filling up the DagBag from /home/airflow/.local/lib/python3.7/site-packages/airflow/example_dags/example_task_group.py
[2022-11-17T14:10:30.440+0000] {processor.py:766} INFO - DAG(s) dict_keys(['example_task_group']) retrieved from /home/airflow/.local/lib/python3.7/site-packages/airflow/example_dags/example_task_group.py
[2022-11-17T14:10:30.467+0000] {logging_mixin.py:137} INFO - [2022-11-17T14:10:30.467+0000] {dag.py:2585} INFO - Sync 1 DAGs
[2022-11-17T14:10:30.482+0000] {logging_mixin.py:137} INFO - [2022-11-17T14:10:30.482+0000] {dag.py:3340} INFO - Setting next_dagrun for example_task_group to 2022-11-16T14:10:30.482350+00:00, run_after=2022-11-17T14:10:30.482350+00:00
[2022-11-17T14:10:30.496+0000] {processor.py:176} INFO - Processing /home/airflow/.local/lib/python3.7/site-packages/airflow/example_dags/example_task_group.py took 0.072 seconds
[2022-11-17T14:11:01.181+0000] {processor.py:154} INFO - Started process (PID=181) to work on /home/airflow/.local/lib/python3.7/site-packages/airflow/example_dags/example_task_group.py
[2022-11-17T14:11:01.183+0000] {processor.py:756} INFO - Processing file /home/airflow/.local/lib/python3.7/site-packages/airflow/example_dags/example_task_group.py for tasks to queue
[2022-11-17T14:11:01.185+0000] {logging_mixin.py:137} INFO - [2022-11-17T14:11:01.184+0000] {dagbag.py:537} INFO - Filling up the DagBag from /home/airflow/.local/lib/python3.7/site-packages/airflow/example_dags/example_task_group.py
[2022-11-17T14:11:01.196+0000] {processor.py:766} INFO - DAG(s) dict_keys(['example_task_group']) retrieved from /home/airflow/.local/lib/python3.7/site-packages/airflow/example_dags/example_task_group.py
[2022-11-17T14:11:01.225+0000] {logging_mixin.py:137} INFO - [2022-11-17T14:11:01.225+0000] {dag.py:2585} INFO - Sync 1 DAGs
[2022-11-17T14:11:01.241+0000] {logging_mixin.py:137} INFO - [2022-11-17T14:11:01.241+0000] {dag.py:3340} INFO - Setting next_dagrun for example_task_group to 2022-11-16T14:11:01.241442+00:00, run_after=2022-11-17T14:11:01.241442+00:00
[2022-11-17T14:11:01.254+0000] {processor.py:176} INFO - Processing /home/airflow/.local/lib/python3.7/site-packages/airflow/example_dags/example_task_group.py took 0.075 seconds
[2022-11-17T14:11:31.437+0000] {processor.py:154} INFO - Started process (PID=245) to work on /home/airflow/.local/lib/python3.7/site-packages/airflow/example_dags/example_task_group.py
[2022-11-17T14:11:31.439+0000] {processor.py:756} INFO - Processing file /home/airflow/.local/lib/python3.7/site-packages/airflow/example_dags/example_task_group.py for tasks to queue
[2022-11-17T14:11:31.440+0000] {logging_mixin.py:137} INFO - [2022-11-17T14:11:31.440+0000] {dagbag.py:537} INFO - Filling up the DagBag from /home/airflow/.local/lib/python3.7/site-packages/airflow/example_dags/example_task_group.py
[2022-11-17T14:11:31.451+0000] {processor.py:766} INFO - DAG(s) dict_keys(['example_task_group']) retrieved from /home/airflow/.local/lib/python3.7/site-packages/airflow/example_dags/example_task_group.py
[2022-11-17T14:11:31.479+0000] {logging_mixin.py:137} INFO - [2022-11-17T14:11:31.479+0000] {dag.py:2585} INFO - Sync 1 DAGs
[2022-11-17T14:11:31.497+0000] {logging_mixin.py:137} INFO - [2022-11-17T14:11:31.497+0000] {dag.py:3340} INFO - Setting next_dagrun for example_task_group to 2022-11-16T14:11:31.497675+00:00, run_after=2022-11-17T14:11:31.497675+00:00
[2022-11-17T14:11:31.510+0000] {processor.py:176} INFO - Processing /home/airflow/.local/lib/python3.7/site-packages/airflow/example_dags/example_task_group.py took 0.075 seconds
[2022-11-17T14:12:02.527+0000] {processor.py:154} INFO - Started process (PID=299) to work on /home/airflow/.local/lib/python3.7/site-packages/airflow/example_dags/example_task_group.py
[2022-11-17T14:12:02.531+0000] {processor.py:756} INFO - Processing file /home/airflow/.local/lib/python3.7/site-packages/airflow/example_dags/example_task_group.py for tasks to queue
[2022-11-17T14:12:02.532+0000] {logging_mixin.py:137} INFO - [2022-11-17T14:12:02.532+0000] {dagbag.py:537} INFO - Filling up the DagBag from /home/airflow/.local/lib/python3.7/site-packages/airflow/example_dags/example_task_group.py
[2022-11-17T14:12:02.543+0000] {processor.py:766} INFO - DAG(s) dict_keys(['example_task_group']) retrieved from /home/airflow/.local/lib/python3.7/site-packages/airflow/example_dags/example_task_group.py
[2022-11-17T14:12:02.572+0000] {logging_mixin.py:137} INFO - [2022-11-17T14:12:02.572+0000] {dag.py:2585} INFO - Sync 1 DAGs
[2022-11-17T14:12:02.588+0000] {logging_mixin.py:137} INFO - [2022-11-17T14:12:02.588+0000] {dag.py:3340} INFO - Setting next_dagrun for example_task_group to 2022-11-16T14:12:02.587965+00:00, run_after=2022-11-17T14:12:02.587965+00:00
[2022-11-17T14:12:02.600+0000] {processor.py:176} INFO - Processing /home/airflow/.local/lib/python3.7/site-packages/airflow/example_dags/example_task_group.py took 0.075 seconds
