[2022-11-17T14:09:59.165+0000] {processor.py:154} INFO - Started process (PID=45) to work on /home/airflow/.local/lib/python3.7/site-packages/airflow/example_dags/example_branch_operator.py
[2022-11-17T14:09:59.167+0000] {processor.py:756} INFO - Processing file /home/airflow/.local/lib/python3.7/site-packages/airflow/example_dags/example_branch_operator.py for tasks to queue
[2022-11-17T14:09:59.168+0000] {logging_mixin.py:137} INFO - [2022-11-17T14:09:59.168+0000] {dagbag.py:537} INFO - Filling up the DagBag from /home/airflow/.local/lib/python3.7/site-packages/airflow/example_dags/example_branch_operator.py
[2022-11-17T14:09:59.187+0000] {processor.py:766} INFO - DAG(s) dict_keys(['example_branch_operator']) retrieved from /home/airflow/.local/lib/python3.7/site-packages/airflow/example_dags/example_branch_operator.py
[2022-11-17T14:09:59.220+0000] {logging_mixin.py:137} INFO - [2022-11-17T14:09:59.220+0000] {dag.py:2585} INFO - Sync 1 DAGs
[2022-11-17T14:09:59.249+0000] {logging_mixin.py:137} INFO - [2022-11-17T14:09:59.249+0000] {dag.py:3340} INFO - Setting next_dagrun for example_branch_operator to 2022-11-16T00:00:00+00:00, run_after=2022-11-17T00:00:00+00:00
[2022-11-17T14:09:59.279+0000] {processor.py:176} INFO - Processing /home/airflow/.local/lib/python3.7/site-packages/airflow/example_dags/example_branch_operator.py took 0.117 seconds
[2022-11-17T14:10:29.865+0000] {processor.py:154} INFO - Started process (PID=107) to work on /home/airflow/.local/lib/python3.7/site-packages/airflow/example_dags/example_branch_operator.py
[2022-11-17T14:10:29.867+0000] {processor.py:756} INFO - Processing file /home/airflow/.local/lib/python3.7/site-packages/airflow/example_dags/example_branch_operator.py for tasks to queue
[2022-11-17T14:10:29.868+0000] {logging_mixin.py:137} INFO - [2022-11-17T14:10:29.868+0000] {dagbag.py:537} INFO - Filling up the DagBag from /home/airflow/.local/lib/python3.7/site-packages/airflow/example_dags/example_branch_operator.py
[2022-11-17T14:10:29.881+0000] {processor.py:766} INFO - DAG(s) dict_keys(['example_branch_operator']) retrieved from /home/airflow/.local/lib/python3.7/site-packages/airflow/example_dags/example_branch_operator.py
[2022-11-17T14:10:29.920+0000] {logging_mixin.py:137} INFO - [2022-11-17T14:10:29.919+0000] {dag.py:2585} INFO - Sync 1 DAGs
[2022-11-17T14:10:29.936+0000] {logging_mixin.py:137} INFO - [2022-11-17T14:10:29.935+0000] {dag.py:3340} INFO - Setting next_dagrun for example_branch_operator to 2022-11-16T00:00:00+00:00, run_after=2022-11-17T00:00:00+00:00
[2022-11-17T14:10:29.949+0000] {processor.py:176} INFO - Processing /home/airflow/.local/lib/python3.7/site-packages/airflow/example_dags/example_branch_operator.py took 0.086 seconds
[2022-11-17T14:11:00.685+0000] {processor.py:154} INFO - Started process (PID=172) to work on /home/airflow/.local/lib/python3.7/site-packages/airflow/example_dags/example_branch_operator.py
[2022-11-17T14:11:00.688+0000] {processor.py:756} INFO - Processing file /home/airflow/.local/lib/python3.7/site-packages/airflow/example_dags/example_branch_operator.py for tasks to queue
[2022-11-17T14:11:00.689+0000] {logging_mixin.py:137} INFO - [2022-11-17T14:11:00.689+0000] {dagbag.py:537} INFO - Filling up the DagBag from /home/airflow/.local/lib/python3.7/site-packages/airflow/example_dags/example_branch_operator.py
[2022-11-17T14:11:00.702+0000] {processor.py:766} INFO - DAG(s) dict_keys(['example_branch_operator']) retrieved from /home/airflow/.local/lib/python3.7/site-packages/airflow/example_dags/example_branch_operator.py
[2022-11-17T14:11:00.728+0000] {logging_mixin.py:137} INFO - [2022-11-17T14:11:00.728+0000] {dag.py:2585} INFO - Sync 1 DAGs
[2022-11-17T14:11:00.744+0000] {logging_mixin.py:137} INFO - [2022-11-17T14:11:00.744+0000] {dag.py:3340} INFO - Setting next_dagrun for example_branch_operator to 2022-11-16T00:00:00+00:00, run_after=2022-11-17T00:00:00+00:00
[2022-11-17T14:11:00.756+0000] {processor.py:176} INFO - Processing /home/airflow/.local/lib/python3.7/site-packages/airflow/example_dags/example_branch_operator.py took 0.074 seconds
[2022-11-17T14:11:30.965+0000] {processor.py:154} INFO - Started process (PID=236) to work on /home/airflow/.local/lib/python3.7/site-packages/airflow/example_dags/example_branch_operator.py
[2022-11-17T14:11:30.967+0000] {processor.py:756} INFO - Processing file /home/airflow/.local/lib/python3.7/site-packages/airflow/example_dags/example_branch_operator.py for tasks to queue
[2022-11-17T14:11:30.968+0000] {logging_mixin.py:137} INFO - [2022-11-17T14:11:30.967+0000] {dagbag.py:537} INFO - Filling up the DagBag from /home/airflow/.local/lib/python3.7/site-packages/airflow/example_dags/example_branch_operator.py
[2022-11-17T14:11:30.978+0000] {processor.py:766} INFO - DAG(s) dict_keys(['example_branch_operator']) retrieved from /home/airflow/.local/lib/python3.7/site-packages/airflow/example_dags/example_branch_operator.py
[2022-11-17T14:11:31.005+0000] {logging_mixin.py:137} INFO - [2022-11-17T14:11:31.004+0000] {dag.py:2585} INFO - Sync 1 DAGs
[2022-11-17T14:11:31.021+0000] {logging_mixin.py:137} INFO - [2022-11-17T14:11:31.021+0000] {dag.py:3340} INFO - Setting next_dagrun for example_branch_operator to 2022-11-16T00:00:00+00:00, run_after=2022-11-17T00:00:00+00:00
[2022-11-17T14:11:31.037+0000] {processor.py:176} INFO - Processing /home/airflow/.local/lib/python3.7/site-packages/airflow/example_dags/example_branch_operator.py took 0.074 seconds
[2022-11-17T14:12:02.020+0000] {processor.py:154} INFO - Started process (PID=290) to work on /home/airflow/.local/lib/python3.7/site-packages/airflow/example_dags/example_branch_operator.py
[2022-11-17T14:12:02.025+0000] {processor.py:756} INFO - Processing file /home/airflow/.local/lib/python3.7/site-packages/airflow/example_dags/example_branch_operator.py for tasks to queue
[2022-11-17T14:12:02.028+0000] {logging_mixin.py:137} INFO - [2022-11-17T14:12:02.027+0000] {dagbag.py:537} INFO - Filling up the DagBag from /home/airflow/.local/lib/python3.7/site-packages/airflow/example_dags/example_branch_operator.py
[2022-11-17T14:12:02.048+0000] {processor.py:766} INFO - DAG(s) dict_keys(['example_branch_operator']) retrieved from /home/airflow/.local/lib/python3.7/site-packages/airflow/example_dags/example_branch_operator.py
[2022-11-17T14:12:02.084+0000] {logging_mixin.py:137} INFO - [2022-11-17T14:12:02.083+0000] {dag.py:2585} INFO - Sync 1 DAGs
[2022-11-17T14:12:02.101+0000] {logging_mixin.py:137} INFO - [2022-11-17T14:12:02.101+0000] {dag.py:3340} INFO - Setting next_dagrun for example_branch_operator to 2022-11-16T00:00:00+00:00, run_after=2022-11-17T00:00:00+00:00
[2022-11-17T14:12:02.115+0000] {processor.py:176} INFO - Processing /home/airflow/.local/lib/python3.7/site-packages/airflow/example_dags/example_branch_operator.py took 0.098 seconds
