[2022-11-17T14:10:00.020+0000] {processor.py:154} INFO - Started process (PID=53) to work on /home/airflow/.local/lib/python3.7/site-packages/airflow/example_dags/example_xcomargs.py
[2022-11-17T14:10:00.024+0000] {processor.py:756} INFO - Processing file /home/airflow/.local/lib/python3.7/site-packages/airflow/example_dags/example_xcomargs.py for tasks to queue
[2022-11-17T14:10:00.029+0000] {logging_mixin.py:137} INFO - [2022-11-17T14:10:00.028+0000] {dagbag.py:537} INFO - Filling up the DagBag from /home/airflow/.local/lib/python3.7/site-packages/airflow/example_dags/example_xcomargs.py
[2022-11-17T14:10:00.068+0000] {processor.py:766} INFO - DAG(s) dict_keys(['example_xcom_args', 'example_xcom_args_with_operators']) retrieved from /home/airflow/.local/lib/python3.7/site-packages/airflow/example_dags/example_xcomargs.py
[2022-11-17T14:10:00.145+0000] {logging_mixin.py:137} INFO - [2022-11-17T14:10:00.144+0000] {dag.py:2585} INFO - Sync 2 DAGs
[2022-11-17T14:10:00.231+0000] {logging_mixin.py:137} INFO - [2022-11-17T14:10:00.230+0000] {dag.py:3340} INFO - Setting next_dagrun for example_xcom_args to None, run_after=None
[2022-11-17T14:10:00.238+0000] {logging_mixin.py:137} INFO - [2022-11-17T14:10:00.238+0000] {dag.py:3340} INFO - Setting next_dagrun for example_xcom_args_with_operators to None, run_after=None
[2022-11-17T14:10:00.274+0000] {processor.py:176} INFO - Processing /home/airflow/.local/lib/python3.7/site-packages/airflow/example_dags/example_xcomargs.py took 0.260 seconds
[2022-11-17T14:10:30.333+0000] {processor.py:154} INFO - Started process (PID=115) to work on /home/airflow/.local/lib/python3.7/site-packages/airflow/example_dags/example_xcomargs.py
[2022-11-17T14:10:30.335+0000] {processor.py:756} INFO - Processing file /home/airflow/.local/lib/python3.7/site-packages/airflow/example_dags/example_xcomargs.py for tasks to queue
[2022-11-17T14:10:30.336+0000] {logging_mixin.py:137} INFO - [2022-11-17T14:10:30.336+0000] {dagbag.py:537} INFO - Filling up the DagBag from /home/airflow/.local/lib/python3.7/site-packages/airflow/example_dags/example_xcomargs.py
[2022-11-17T14:10:30.350+0000] {processor.py:766} INFO - DAG(s) dict_keys(['example_xcom_args_with_operators', 'example_xcom_args']) retrieved from /home/airflow/.local/lib/python3.7/site-packages/airflow/example_dags/example_xcomargs.py
[2022-11-17T14:10:30.375+0000] {logging_mixin.py:137} INFO - [2022-11-17T14:10:30.375+0000] {dag.py:2585} INFO - Sync 2 DAGs
[2022-11-17T14:10:30.390+0000] {logging_mixin.py:137} INFO - [2022-11-17T14:10:30.390+0000] {dag.py:3340} INFO - Setting next_dagrun for example_xcom_args to None, run_after=None
[2022-11-17T14:10:30.394+0000] {logging_mixin.py:137} INFO - [2022-11-17T14:10:30.394+0000] {dag.py:3340} INFO - Setting next_dagrun for example_xcom_args_with_operators to None, run_after=None
[2022-11-17T14:10:30.403+0000] {processor.py:176} INFO - Processing /home/airflow/.local/lib/python3.7/site-packages/airflow/example_dags/example_xcomargs.py took 0.072 seconds
[2022-11-17T14:11:01.084+0000] {processor.py:154} INFO - Started process (PID=180) to work on /home/airflow/.local/lib/python3.7/site-packages/airflow/example_dags/example_xcomargs.py
[2022-11-17T14:11:01.087+0000] {processor.py:756} INFO - Processing file /home/airflow/.local/lib/python3.7/site-packages/airflow/example_dags/example_xcomargs.py for tasks to queue
[2022-11-17T14:11:01.088+0000] {logging_mixin.py:137} INFO - [2022-11-17T14:11:01.088+0000] {dagbag.py:537} INFO - Filling up the DagBag from /home/airflow/.local/lib/python3.7/site-packages/airflow/example_dags/example_xcomargs.py
[2022-11-17T14:11:01.102+0000] {processor.py:766} INFO - DAG(s) dict_keys(['example_xcom_args_with_operators', 'example_xcom_args']) retrieved from /home/airflow/.local/lib/python3.7/site-packages/airflow/example_dags/example_xcomargs.py
[2022-11-17T14:11:01.130+0000] {logging_mixin.py:137} INFO - [2022-11-17T14:11:01.130+0000] {dag.py:2585} INFO - Sync 2 DAGs
[2022-11-17T14:11:01.145+0000] {logging_mixin.py:137} INFO - [2022-11-17T14:11:01.145+0000] {dag.py:3340} INFO - Setting next_dagrun for example_xcom_args to None, run_after=None
[2022-11-17T14:11:01.149+0000] {logging_mixin.py:137} INFO - [2022-11-17T14:11:01.149+0000] {dag.py:3340} INFO - Setting next_dagrun for example_xcom_args_with_operators to None, run_after=None
[2022-11-17T14:11:01.159+0000] {processor.py:176} INFO - Processing /home/airflow/.local/lib/python3.7/site-packages/airflow/example_dags/example_xcomargs.py took 0.077 seconds
[2022-11-17T14:11:31.337+0000] {processor.py:154} INFO - Started process (PID=244) to work on /home/airflow/.local/lib/python3.7/site-packages/airflow/example_dags/example_xcomargs.py
[2022-11-17T14:11:31.339+0000] {processor.py:756} INFO - Processing file /home/airflow/.local/lib/python3.7/site-packages/airflow/example_dags/example_xcomargs.py for tasks to queue
[2022-11-17T14:11:31.340+0000] {logging_mixin.py:137} INFO - [2022-11-17T14:11:31.340+0000] {dagbag.py:537} INFO - Filling up the DagBag from /home/airflow/.local/lib/python3.7/site-packages/airflow/example_dags/example_xcomargs.py
[2022-11-17T14:11:31.354+0000] {processor.py:766} INFO - DAG(s) dict_keys(['example_xcom_args_with_operators', 'example_xcom_args']) retrieved from /home/airflow/.local/lib/python3.7/site-packages/airflow/example_dags/example_xcomargs.py
[2022-11-17T14:11:31.383+0000] {logging_mixin.py:137} INFO - [2022-11-17T14:11:31.383+0000] {dag.py:2585} INFO - Sync 2 DAGs
[2022-11-17T14:11:31.398+0000] {logging_mixin.py:137} INFO - [2022-11-17T14:11:31.398+0000] {dag.py:3340} INFO - Setting next_dagrun for example_xcom_args to None, run_after=None
[2022-11-17T14:11:31.401+0000] {logging_mixin.py:137} INFO - [2022-11-17T14:11:31.401+0000] {dag.py:3340} INFO - Setting next_dagrun for example_xcom_args_with_operators to None, run_after=None
[2022-11-17T14:11:31.416+0000] {processor.py:176} INFO - Processing /home/airflow/.local/lib/python3.7/site-packages/airflow/example_dags/example_xcomargs.py took 0.081 seconds
[2022-11-17T14:12:02.446+0000] {processor.py:154} INFO - Started process (PID=298) to work on /home/airflow/.local/lib/python3.7/site-packages/airflow/example_dags/example_xcomargs.py
[2022-11-17T14:12:02.447+0000] {processor.py:756} INFO - Processing file /home/airflow/.local/lib/python3.7/site-packages/airflow/example_dags/example_xcomargs.py for tasks to queue
[2022-11-17T14:12:02.448+0000] {logging_mixin.py:137} INFO - [2022-11-17T14:12:02.448+0000] {dagbag.py:537} INFO - Filling up the DagBag from /home/airflow/.local/lib/python3.7/site-packages/airflow/example_dags/example_xcomargs.py
[2022-11-17T14:12:02.462+0000] {processor.py:766} INFO - DAG(s) dict_keys(['example_xcom_args_with_operators', 'example_xcom_args']) retrieved from /home/airflow/.local/lib/python3.7/site-packages/airflow/example_dags/example_xcomargs.py
[2022-11-17T14:12:02.489+0000] {logging_mixin.py:137} INFO - [2022-11-17T14:12:02.489+0000] {dag.py:2585} INFO - Sync 2 DAGs
[2022-11-17T14:12:02.504+0000] {logging_mixin.py:137} INFO - [2022-11-17T14:12:02.504+0000] {dag.py:3340} INFO - Setting next_dagrun for example_xcom_args to None, run_after=None
[2022-11-17T14:12:02.507+0000] {logging_mixin.py:137} INFO - [2022-11-17T14:12:02.507+0000] {dag.py:3340} INFO - Setting next_dagrun for example_xcom_args_with_operators to None, run_after=None
[2022-11-17T14:12:02.519+0000] {processor.py:176} INFO - Processing /home/airflow/.local/lib/python3.7/site-packages/airflow/example_dags/example_xcomargs.py took 0.076 seconds
