[2022-11-17T14:09:58.941+0000] {processor.py:154} INFO - Started process (PID=43) to work on /home/airflow/.local/lib/python3.7/site-packages/airflow/example_dags/example_branch_operator_decorator.py
[2022-11-17T14:09:58.943+0000] {processor.py:756} INFO - Processing file /home/airflow/.local/lib/python3.7/site-packages/airflow/example_dags/example_branch_operator_decorator.py for tasks to queue
[2022-11-17T14:09:58.944+0000] {logging_mixin.py:137} INFO - [2022-11-17T14:09:58.944+0000] {dagbag.py:537} INFO - Filling up the DagBag from /home/airflow/.local/lib/python3.7/site-packages/airflow/example_dags/example_branch_operator_decorator.py
[2022-11-17T14:09:59.005+0000] {processor.py:766} INFO - DAG(s) dict_keys(['example_branch_python_operator_decorator']) retrieved from /home/airflow/.local/lib/python3.7/site-packages/airflow/example_dags/example_branch_operator_decorator.py
[2022-11-17T14:09:59.038+0000] {logging_mixin.py:137} INFO - [2022-11-17T14:09:59.038+0000] {dag.py:2585} INFO - Sync 1 DAGs
[2022-11-17T14:09:59.085+0000] {logging_mixin.py:137} INFO - [2022-11-17T14:09:59.084+0000] {dag.py:3340} INFO - Setting next_dagrun for example_branch_python_operator_decorator to 2022-11-16T00:00:00+00:00, run_after=2022-11-17T00:00:00+00:00
[2022-11-17T14:09:59.130+0000] {processor.py:176} INFO - Processing /home/airflow/.local/lib/python3.7/site-packages/airflow/example_dags/example_branch_operator_decorator.py took 0.192 seconds
[2022-11-17T14:10:29.768+0000] {processor.py:154} INFO - Started process (PID=105) to work on /home/airflow/.local/lib/python3.7/site-packages/airflow/example_dags/example_branch_operator_decorator.py
[2022-11-17T14:10:29.770+0000] {processor.py:756} INFO - Processing file /home/airflow/.local/lib/python3.7/site-packages/airflow/example_dags/example_branch_operator_decorator.py for tasks to queue
[2022-11-17T14:10:29.771+0000] {logging_mixin.py:137} INFO - [2022-11-17T14:10:29.771+0000] {dagbag.py:537} INFO - Filling up the DagBag from /home/airflow/.local/lib/python3.7/site-packages/airflow/example_dags/example_branch_operator_decorator.py
[2022-11-17T14:10:29.788+0000] {processor.py:766} INFO - DAG(s) dict_keys(['example_branch_python_operator_decorator']) retrieved from /home/airflow/.local/lib/python3.7/site-packages/airflow/example_dags/example_branch_operator_decorator.py
[2022-11-17T14:10:29.818+0000] {logging_mixin.py:137} INFO - [2022-11-17T14:10:29.818+0000] {dag.py:2585} INFO - Sync 1 DAGs
[2022-11-17T14:10:29.834+0000] {logging_mixin.py:137} INFO - [2022-11-17T14:10:29.834+0000] {dag.py:3340} INFO - Setting next_dagrun for example_branch_python_operator_decorator to 2022-11-16T00:00:00+00:00, run_after=2022-11-17T00:00:00+00:00
[2022-11-17T14:10:29.846+0000] {processor.py:176} INFO - Processing /home/airflow/.local/lib/python3.7/site-packages/airflow/example_dags/example_branch_operator_decorator.py took 0.080 seconds
[2022-11-17T14:11:00.583+0000] {processor.py:154} INFO - Started process (PID=170) to work on /home/airflow/.local/lib/python3.7/site-packages/airflow/example_dags/example_branch_operator_decorator.py
[2022-11-17T14:11:00.586+0000] {processor.py:756} INFO - Processing file /home/airflow/.local/lib/python3.7/site-packages/airflow/example_dags/example_branch_operator_decorator.py for tasks to queue
[2022-11-17T14:11:00.587+0000] {logging_mixin.py:137} INFO - [2022-11-17T14:11:00.587+0000] {dagbag.py:537} INFO - Filling up the DagBag from /home/airflow/.local/lib/python3.7/site-packages/airflow/example_dags/example_branch_operator_decorator.py
[2022-11-17T14:11:00.604+0000] {processor.py:766} INFO - DAG(s) dict_keys(['example_branch_python_operator_decorator']) retrieved from /home/airflow/.local/lib/python3.7/site-packages/airflow/example_dags/example_branch_operator_decorator.py
[2022-11-17T14:11:00.633+0000] {logging_mixin.py:137} INFO - [2022-11-17T14:11:00.633+0000] {dag.py:2585} INFO - Sync 1 DAGs
[2022-11-17T14:11:00.649+0000] {logging_mixin.py:137} INFO - [2022-11-17T14:11:00.649+0000] {dag.py:3340} INFO - Setting next_dagrun for example_branch_python_operator_decorator to 2022-11-16T00:00:00+00:00, run_after=2022-11-17T00:00:00+00:00
[2022-11-17T14:11:00.663+0000] {processor.py:176} INFO - Processing /home/airflow/.local/lib/python3.7/site-packages/airflow/example_dags/example_branch_operator_decorator.py took 0.083 seconds
[2022-11-17T14:11:30.867+0000] {processor.py:154} INFO - Started process (PID=234) to work on /home/airflow/.local/lib/python3.7/site-packages/airflow/example_dags/example_branch_operator_decorator.py
[2022-11-17T14:11:30.869+0000] {processor.py:756} INFO - Processing file /home/airflow/.local/lib/python3.7/site-packages/airflow/example_dags/example_branch_operator_decorator.py for tasks to queue
[2022-11-17T14:11:30.870+0000] {logging_mixin.py:137} INFO - [2022-11-17T14:11:30.870+0000] {dagbag.py:537} INFO - Filling up the DagBag from /home/airflow/.local/lib/python3.7/site-packages/airflow/example_dags/example_branch_operator_decorator.py
[2022-11-17T14:11:30.885+0000] {processor.py:766} INFO - DAG(s) dict_keys(['example_branch_python_operator_decorator']) retrieved from /home/airflow/.local/lib/python3.7/site-packages/airflow/example_dags/example_branch_operator_decorator.py
[2022-11-17T14:11:30.911+0000] {logging_mixin.py:137} INFO - [2022-11-17T14:11:30.911+0000] {dag.py:2585} INFO - Sync 1 DAGs
[2022-11-17T14:11:30.928+0000] {logging_mixin.py:137} INFO - [2022-11-17T14:11:30.928+0000] {dag.py:3340} INFO - Setting next_dagrun for example_branch_python_operator_decorator to 2022-11-16T00:00:00+00:00, run_after=2022-11-17T00:00:00+00:00
[2022-11-17T14:11:30.943+0000] {processor.py:176} INFO - Processing /home/airflow/.local/lib/python3.7/site-packages/airflow/example_dags/example_branch_operator_decorator.py took 0.078 seconds
[2022-11-17T14:12:01.908+0000] {processor.py:154} INFO - Started process (PID=288) to work on /home/airflow/.local/lib/python3.7/site-packages/airflow/example_dags/example_branch_operator_decorator.py
[2022-11-17T14:12:01.910+0000] {processor.py:756} INFO - Processing file /home/airflow/.local/lib/python3.7/site-packages/airflow/example_dags/example_branch_operator_decorator.py for tasks to queue
[2022-11-17T14:12:01.911+0000] {logging_mixin.py:137} INFO - [2022-11-17T14:12:01.911+0000] {dagbag.py:537} INFO - Filling up the DagBag from /home/airflow/.local/lib/python3.7/site-packages/airflow/example_dags/example_branch_operator_decorator.py
[2022-11-17T14:12:01.930+0000] {processor.py:766} INFO - DAG(s) dict_keys(['example_branch_python_operator_decorator']) retrieved from /home/airflow/.local/lib/python3.7/site-packages/airflow/example_dags/example_branch_operator_decorator.py
[2022-11-17T14:12:01.959+0000] {logging_mixin.py:137} INFO - [2022-11-17T14:12:01.959+0000] {dag.py:2585} INFO - Sync 1 DAGs
[2022-11-17T14:12:01.978+0000] {logging_mixin.py:137} INFO - [2022-11-17T14:12:01.978+0000] {dag.py:3340} INFO - Setting next_dagrun for example_branch_python_operator_decorator to 2022-11-16T00:00:00+00:00, run_after=2022-11-17T00:00:00+00:00
[2022-11-17T14:12:01.992+0000] {processor.py:176} INFO - Processing /home/airflow/.local/lib/python3.7/site-packages/airflow/example_dags/example_branch_operator_decorator.py took 0.086 seconds
