[2022-11-17T14:09:58.134+0000] {processor.py:154} INFO - Started process (PID=35) to work on /home/airflow/.local/lib/python3.7/site-packages/airflow/example_dags/example_branch_python_dop_operator_3.py
[2022-11-17T14:09:58.136+0000] {processor.py:756} INFO - Processing file /home/airflow/.local/lib/python3.7/site-packages/airflow/example_dags/example_branch_python_dop_operator_3.py for tasks to queue
[2022-11-17T14:09:58.139+0000] {logging_mixin.py:137} INFO - [2022-11-17T14:09:58.139+0000] {dagbag.py:537} INFO - Filling up the DagBag from /home/airflow/.local/lib/python3.7/site-packages/airflow/example_dags/example_branch_python_dop_operator_3.py
[2022-11-17T14:09:58.175+0000] {processor.py:766} INFO - DAG(s) dict_keys(['example_branch_dop_operator_v3']) retrieved from /home/airflow/.local/lib/python3.7/site-packages/airflow/example_dags/example_branch_python_dop_operator_3.py
[2022-11-17T14:09:58.198+0000] {logging_mixin.py:137} INFO - [2022-11-17T14:09:58.198+0000] {dag.py:2585} INFO - Sync 1 DAGs
[2022-11-17T14:09:58.220+0000] {logging_mixin.py:137} INFO - [2022-11-17T14:09:58.220+0000] {dag.py:3340} INFO - Setting next_dagrun for example_branch_dop_operator_v3 to 2022-11-17T14:08:00+00:00, run_after=2022-11-17T14:09:00+00:00
[2022-11-17T14:09:58.244+0000] {processor.py:176} INFO - Processing /home/airflow/.local/lib/python3.7/site-packages/airflow/example_dags/example_branch_python_dop_operator_3.py took 0.113 seconds
[2022-11-17T14:10:29.200+0000] {processor.py:154} INFO - Started process (PID=97) to work on /home/airflow/.local/lib/python3.7/site-packages/airflow/example_dags/example_branch_python_dop_operator_3.py
[2022-11-17T14:10:29.204+0000] {processor.py:756} INFO - Processing file /home/airflow/.local/lib/python3.7/site-packages/airflow/example_dags/example_branch_python_dop_operator_3.py for tasks to queue
[2022-11-17T14:10:29.207+0000] {logging_mixin.py:137} INFO - [2022-11-17T14:10:29.207+0000] {dagbag.py:537} INFO - Filling up the DagBag from /home/airflow/.local/lib/python3.7/site-packages/airflow/example_dags/example_branch_python_dop_operator_3.py
[2022-11-17T14:10:29.238+0000] {processor.py:766} INFO - DAG(s) dict_keys(['example_branch_dop_operator_v3']) retrieved from /home/airflow/.local/lib/python3.7/site-packages/airflow/example_dags/example_branch_python_dop_operator_3.py
[2022-11-17T14:10:29.281+0000] {logging_mixin.py:137} INFO - [2022-11-17T14:10:29.281+0000] {dag.py:2585} INFO - Sync 1 DAGs
[2022-11-17T14:10:29.303+0000] {logging_mixin.py:137} INFO - [2022-11-17T14:10:29.303+0000] {dag.py:3340} INFO - Setting next_dagrun for example_branch_dop_operator_v3 to 2022-11-17T14:09:00+00:00, run_after=2022-11-17T14:10:00+00:00
[2022-11-17T14:10:29.315+0000] {processor.py:176} INFO - Processing /home/airflow/.local/lib/python3.7/site-packages/airflow/example_dags/example_branch_python_dop_operator_3.py took 0.119 seconds
[2022-11-17T14:10:59.945+0000] {processor.py:154} INFO - Started process (PID=162) to work on /home/airflow/.local/lib/python3.7/site-packages/airflow/example_dags/example_branch_python_dop_operator_3.py
[2022-11-17T14:10:59.947+0000] {processor.py:756} INFO - Processing file /home/airflow/.local/lib/python3.7/site-packages/airflow/example_dags/example_branch_python_dop_operator_3.py for tasks to queue
[2022-11-17T14:10:59.948+0000] {logging_mixin.py:137} INFO - [2022-11-17T14:10:59.948+0000] {dagbag.py:537} INFO - Filling up the DagBag from /home/airflow/.local/lib/python3.7/site-packages/airflow/example_dags/example_branch_python_dop_operator_3.py
[2022-11-17T14:10:59.972+0000] {processor.py:766} INFO - DAG(s) dict_keys(['example_branch_dop_operator_v3']) retrieved from /home/airflow/.local/lib/python3.7/site-packages/airflow/example_dags/example_branch_python_dop_operator_3.py
[2022-11-17T14:11:00.001+0000] {logging_mixin.py:137} INFO - [2022-11-17T14:11:00.001+0000] {dag.py:2585} INFO - Sync 1 DAGs
[2022-11-17T14:11:00.025+0000] {logging_mixin.py:137} INFO - [2022-11-17T14:11:00.025+0000] {dag.py:3340} INFO - Setting next_dagrun for example_branch_dop_operator_v3 to 2022-11-17T14:10:00+00:00, run_after=2022-11-17T14:11:00+00:00
[2022-11-17T14:11:00.066+0000] {processor.py:176} INFO - Processing /home/airflow/.local/lib/python3.7/site-packages/airflow/example_dags/example_branch_python_dop_operator_3.py took 0.122 seconds
[2022-11-17T14:11:30.179+0000] {processor.py:154} INFO - Started process (PID=226) to work on /home/airflow/.local/lib/python3.7/site-packages/airflow/example_dags/example_branch_python_dop_operator_3.py
[2022-11-17T14:11:30.181+0000] {processor.py:756} INFO - Processing file /home/airflow/.local/lib/python3.7/site-packages/airflow/example_dags/example_branch_python_dop_operator_3.py for tasks to queue
[2022-11-17T14:11:30.183+0000] {logging_mixin.py:137} INFO - [2022-11-17T14:11:30.183+0000] {dagbag.py:537} INFO - Filling up the DagBag from /home/airflow/.local/lib/python3.7/site-packages/airflow/example_dags/example_branch_python_dop_operator_3.py
[2022-11-17T14:11:30.202+0000] {processor.py:766} INFO - DAG(s) dict_keys(['example_branch_dop_operator_v3']) retrieved from /home/airflow/.local/lib/python3.7/site-packages/airflow/example_dags/example_branch_python_dop_operator_3.py
[2022-11-17T14:11:30.250+0000] {logging_mixin.py:137} INFO - [2022-11-17T14:11:30.249+0000] {dag.py:2585} INFO - Sync 1 DAGs
[2022-11-17T14:11:30.269+0000] {logging_mixin.py:137} INFO - [2022-11-17T14:11:30.269+0000] {dag.py:3340} INFO - Setting next_dagrun for example_branch_dop_operator_v3 to 2022-11-17T14:10:00+00:00, run_after=2022-11-17T14:11:00+00:00
[2022-11-17T14:11:30.281+0000] {processor.py:176} INFO - Processing /home/airflow/.local/lib/python3.7/site-packages/airflow/example_dags/example_branch_python_dop_operator_3.py took 0.105 seconds
[2022-11-17T14:12:01.212+0000] {processor.py:154} INFO - Started process (PID=280) to work on /home/airflow/.local/lib/python3.7/site-packages/airflow/example_dags/example_branch_python_dop_operator_3.py
[2022-11-17T14:12:01.224+0000] {processor.py:756} INFO - Processing file /home/airflow/.local/lib/python3.7/site-packages/airflow/example_dags/example_branch_python_dop_operator_3.py for tasks to queue
[2022-11-17T14:12:01.227+0000] {logging_mixin.py:137} INFO - [2022-11-17T14:12:01.227+0000] {dagbag.py:537} INFO - Filling up the DagBag from /home/airflow/.local/lib/python3.7/site-packages/airflow/example_dags/example_branch_python_dop_operator_3.py
[2022-11-17T14:12:01.255+0000] {processor.py:766} INFO - DAG(s) dict_keys(['example_branch_dop_operator_v3']) retrieved from /home/airflow/.local/lib/python3.7/site-packages/airflow/example_dags/example_branch_python_dop_operator_3.py
[2022-11-17T14:12:01.295+0000] {logging_mixin.py:137} INFO - [2022-11-17T14:12:01.295+0000] {dag.py:2585} INFO - Sync 1 DAGs
[2022-11-17T14:12:01.318+0000] {logging_mixin.py:137} INFO - [2022-11-17T14:12:01.318+0000] {dag.py:3340} INFO - Setting next_dagrun for example_branch_dop_operator_v3 to 2022-11-17T14:11:00+00:00, run_after=2022-11-17T14:12:00+00:00
[2022-11-17T14:12:01.330+0000] {processor.py:176} INFO - Processing /home/airflow/.local/lib/python3.7/site-packages/airflow/example_dags/example_branch_python_dop_operator_3.py took 0.120 seconds
