[2022-11-17T14:09:59.567+0000] {processor.py:154} INFO - Started process (PID=49) to work on /home/airflow/.local/lib/python3.7/site-packages/airflow/example_dags/example_short_circuit_decorator.py
[2022-11-17T14:09:59.570+0000] {processor.py:756} INFO - Processing file /home/airflow/.local/lib/python3.7/site-packages/airflow/example_dags/example_short_circuit_decorator.py for tasks to queue
[2022-11-17T14:09:59.574+0000] {logging_mixin.py:137} INFO - [2022-11-17T14:09:59.574+0000] {dagbag.py:537} INFO - Filling up the DagBag from /home/airflow/.local/lib/python3.7/site-packages/airflow/example_dags/example_short_circuit_decorator.py
[2022-11-17T14:09:59.618+0000] {processor.py:766} INFO - DAG(s) dict_keys(['example_short_circuit_decorator']) retrieved from /home/airflow/.local/lib/python3.7/site-packages/airflow/example_dags/example_short_circuit_decorator.py
[2022-11-17T14:09:59.659+0000] {logging_mixin.py:137} INFO - [2022-11-17T14:09:59.659+0000] {dag.py:2585} INFO - Sync 1 DAGs
[2022-11-17T14:09:59.691+0000] {logging_mixin.py:137} INFO - [2022-11-17T14:09:59.691+0000] {dag.py:3340} INFO - Setting next_dagrun for example_short_circuit_decorator to 2022-11-16T14:09:59.690960+00:00, run_after=2022-11-17T14:09:59.690960+00:00
[2022-11-17T14:09:59.708+0000] {processor.py:176} INFO - Processing /home/airflow/.local/lib/python3.7/site-packages/airflow/example_dags/example_short_circuit_decorator.py took 0.149 seconds
[2022-11-17T14:10:30.058+0000] {processor.py:154} INFO - Started process (PID=111) to work on /home/airflow/.local/lib/python3.7/site-packages/airflow/example_dags/example_short_circuit_decorator.py
[2022-11-17T14:10:30.060+0000] {processor.py:756} INFO - Processing file /home/airflow/.local/lib/python3.7/site-packages/airflow/example_dags/example_short_circuit_decorator.py for tasks to queue
[2022-11-17T14:10:30.062+0000] {logging_mixin.py:137} INFO - [2022-11-17T14:10:30.061+0000] {dagbag.py:537} INFO - Filling up the DagBag from /home/airflow/.local/lib/python3.7/site-packages/airflow/example_dags/example_short_circuit_decorator.py
[2022-11-17T14:10:30.078+0000] {processor.py:766} INFO - DAG(s) dict_keys(['example_short_circuit_decorator']) retrieved from /home/airflow/.local/lib/python3.7/site-packages/airflow/example_dags/example_short_circuit_decorator.py
[2022-11-17T14:10:30.103+0000] {logging_mixin.py:137} INFO - [2022-11-17T14:10:30.103+0000] {dag.py:2585} INFO - Sync 1 DAGs
[2022-11-17T14:10:30.118+0000] {logging_mixin.py:137} INFO - [2022-11-17T14:10:30.118+0000] {dag.py:3340} INFO - Setting next_dagrun for example_short_circuit_decorator to 2022-11-16T14:10:30.118214+00:00, run_after=2022-11-17T14:10:30.118214+00:00
[2022-11-17T14:10:30.130+0000] {processor.py:176} INFO - Processing /home/airflow/.local/lib/python3.7/site-packages/airflow/example_dags/example_short_circuit_decorator.py took 0.074 seconds
[2022-11-17T14:11:00.871+0000] {processor.py:154} INFO - Started process (PID=176) to work on /home/airflow/.local/lib/python3.7/site-packages/airflow/example_dags/example_short_circuit_decorator.py
[2022-11-17T14:11:00.875+0000] {processor.py:756} INFO - Processing file /home/airflow/.local/lib/python3.7/site-packages/airflow/example_dags/example_short_circuit_decorator.py for tasks to queue
[2022-11-17T14:11:00.876+0000] {logging_mixin.py:137} INFO - [2022-11-17T14:11:00.876+0000] {dagbag.py:537} INFO - Filling up the DagBag from /home/airflow/.local/lib/python3.7/site-packages/airflow/example_dags/example_short_circuit_decorator.py
[2022-11-17T14:11:00.893+0000] {processor.py:766} INFO - DAG(s) dict_keys(['example_short_circuit_decorator']) retrieved from /home/airflow/.local/lib/python3.7/site-packages/airflow/example_dags/example_short_circuit_decorator.py
[2022-11-17T14:11:00.926+0000] {logging_mixin.py:137} INFO - [2022-11-17T14:11:00.925+0000] {dag.py:2585} INFO - Sync 1 DAGs
[2022-11-17T14:11:00.943+0000] {logging_mixin.py:137} INFO - [2022-11-17T14:11:00.943+0000] {dag.py:3340} INFO - Setting next_dagrun for example_short_circuit_decorator to 2022-11-16T14:11:00.942919+00:00, run_after=2022-11-17T14:11:00.942919+00:00
[2022-11-17T14:11:00.956+0000] {processor.py:176} INFO - Processing /home/airflow/.local/lib/python3.7/site-packages/airflow/example_dags/example_short_circuit_decorator.py took 0.087 seconds
[2022-11-17T14:11:31.145+0000] {processor.py:154} INFO - Started process (PID=240) to work on /home/airflow/.local/lib/python3.7/site-packages/airflow/example_dags/example_short_circuit_decorator.py
[2022-11-17T14:11:31.147+0000] {processor.py:756} INFO - Processing file /home/airflow/.local/lib/python3.7/site-packages/airflow/example_dags/example_short_circuit_decorator.py for tasks to queue
[2022-11-17T14:11:31.149+0000] {logging_mixin.py:137} INFO - [2022-11-17T14:11:31.149+0000] {dagbag.py:537} INFO - Filling up the DagBag from /home/airflow/.local/lib/python3.7/site-packages/airflow/example_dags/example_short_circuit_decorator.py
[2022-11-17T14:11:31.165+0000] {processor.py:766} INFO - DAG(s) dict_keys(['example_short_circuit_decorator']) retrieved from /home/airflow/.local/lib/python3.7/site-packages/airflow/example_dags/example_short_circuit_decorator.py
[2022-11-17T14:11:31.191+0000] {logging_mixin.py:137} INFO - [2022-11-17T14:11:31.190+0000] {dag.py:2585} INFO - Sync 1 DAGs
[2022-11-17T14:11:31.206+0000] {logging_mixin.py:137} INFO - [2022-11-17T14:11:31.206+0000] {dag.py:3340} INFO - Setting next_dagrun for example_short_circuit_decorator to 2022-11-16T14:11:31.206377+00:00, run_after=2022-11-17T14:11:31.206377+00:00
[2022-11-17T14:11:31.219+0000] {processor.py:176} INFO - Processing /home/airflow/.local/lib/python3.7/site-packages/airflow/example_dags/example_short_circuit_decorator.py took 0.076 seconds
[2022-11-17T14:12:02.236+0000] {processor.py:154} INFO - Started process (PID=294) to work on /home/airflow/.local/lib/python3.7/site-packages/airflow/example_dags/example_short_circuit_decorator.py
[2022-11-17T14:12:02.238+0000] {processor.py:756} INFO - Processing file /home/airflow/.local/lib/python3.7/site-packages/airflow/example_dags/example_short_circuit_decorator.py for tasks to queue
[2022-11-17T14:12:02.239+0000] {logging_mixin.py:137} INFO - [2022-11-17T14:12:02.239+0000] {dagbag.py:537} INFO - Filling up the DagBag from /home/airflow/.local/lib/python3.7/site-packages/airflow/example_dags/example_short_circuit_decorator.py
[2022-11-17T14:12:02.261+0000] {processor.py:766} INFO - DAG(s) dict_keys(['example_short_circuit_decorator']) retrieved from /home/airflow/.local/lib/python3.7/site-packages/airflow/example_dags/example_short_circuit_decorator.py
[2022-11-17T14:12:02.292+0000] {logging_mixin.py:137} INFO - [2022-11-17T14:12:02.292+0000] {dag.py:2585} INFO - Sync 1 DAGs
[2022-11-17T14:12:02.308+0000] {logging_mixin.py:137} INFO - [2022-11-17T14:12:02.308+0000] {dag.py:3340} INFO - Setting next_dagrun for example_short_circuit_decorator to 2022-11-16T14:12:02.308100+00:00, run_after=2022-11-17T14:12:02.308100+00:00
[2022-11-17T14:12:02.321+0000] {processor.py:176} INFO - Processing /home/airflow/.local/lib/python3.7/site-packages/airflow/example_dags/example_short_circuit_decorator.py took 0.087 seconds
