[2022-11-17T14:09:58.419+0000] {processor.py:154} INFO - Started process (PID=38) to work on /home/airflow/.local/lib/python3.7/site-packages/airflow/example_dags/example_sla_dag.py
[2022-11-17T14:09:58.420+0000] {processor.py:756} INFO - Processing file /home/airflow/.local/lib/python3.7/site-packages/airflow/example_dags/example_sla_dag.py for tasks to queue
[2022-11-17T14:09:58.421+0000] {logging_mixin.py:137} INFO - [2022-11-17T14:09:58.421+0000] {dagbag.py:537} INFO - Filling up the DagBag from /home/airflow/.local/lib/python3.7/site-packages/airflow/example_dags/example_sla_dag.py
[2022-11-17T14:09:58.442+0000] {processor.py:766} INFO - DAG(s) dict_keys(['example_sla_dag']) retrieved from /home/airflow/.local/lib/python3.7/site-packages/airflow/example_dags/example_sla_dag.py
[2022-11-17T14:09:58.464+0000] {logging_mixin.py:137} INFO - [2022-11-17T14:09:58.464+0000] {dag.py:2585} INFO - Sync 1 DAGs
[2022-11-17T14:09:58.492+0000] {logging_mixin.py:137} INFO - [2022-11-17T14:09:58.492+0000] {dag.py:3340} INFO - Setting next_dagrun for example_sla_dag to 2022-11-17T14:06:00+00:00, run_after=2022-11-17T14:08:00+00:00
[2022-11-17T14:09:58.514+0000] {processor.py:176} INFO - Processing /home/airflow/.local/lib/python3.7/site-packages/airflow/example_dags/example_sla_dag.py took 0.100 seconds
[2022-11-17T14:10:29.422+0000] {processor.py:154} INFO - Started process (PID=100) to work on /home/airflow/.local/lib/python3.7/site-packages/airflow/example_dags/example_sla_dag.py
[2022-11-17T14:10:29.424+0000] {processor.py:756} INFO - Processing file /home/airflow/.local/lib/python3.7/site-packages/airflow/example_dags/example_sla_dag.py for tasks to queue
[2022-11-17T14:10:29.425+0000] {logging_mixin.py:137} INFO - [2022-11-17T14:10:29.425+0000] {dagbag.py:537} INFO - Filling up the DagBag from /home/airflow/.local/lib/python3.7/site-packages/airflow/example_dags/example_sla_dag.py
[2022-11-17T14:10:29.439+0000] {processor.py:766} INFO - DAG(s) dict_keys(['example_sla_dag']) retrieved from /home/airflow/.local/lib/python3.7/site-packages/airflow/example_dags/example_sla_dag.py
[2022-11-17T14:10:29.464+0000] {logging_mixin.py:137} INFO - [2022-11-17T14:10:29.464+0000] {dag.py:2585} INFO - Sync 1 DAGs
[2022-11-17T14:10:29.481+0000] {logging_mixin.py:137} INFO - [2022-11-17T14:10:29.481+0000] {dag.py:3340} INFO - Setting next_dagrun for example_sla_dag to 2022-11-17T14:08:00+00:00, run_after=2022-11-17T14:10:00+00:00
[2022-11-17T14:10:29.494+0000] {processor.py:176} INFO - Processing /home/airflow/.local/lib/python3.7/site-packages/airflow/example_dags/example_sla_dag.py took 0.074 seconds
[2022-11-17T14:11:00.212+0000] {processor.py:154} INFO - Started process (PID=165) to work on /home/airflow/.local/lib/python3.7/site-packages/airflow/example_dags/example_sla_dag.py
[2022-11-17T14:11:00.214+0000] {processor.py:756} INFO - Processing file /home/airflow/.local/lib/python3.7/site-packages/airflow/example_dags/example_sla_dag.py for tasks to queue
[2022-11-17T14:11:00.216+0000] {logging_mixin.py:137} INFO - [2022-11-17T14:11:00.216+0000] {dagbag.py:537} INFO - Filling up the DagBag from /home/airflow/.local/lib/python3.7/site-packages/airflow/example_dags/example_sla_dag.py
[2022-11-17T14:11:00.232+0000] {processor.py:766} INFO - DAG(s) dict_keys(['example_sla_dag']) retrieved from /home/airflow/.local/lib/python3.7/site-packages/airflow/example_dags/example_sla_dag.py
[2022-11-17T14:11:00.260+0000] {logging_mixin.py:137} INFO - [2022-11-17T14:11:00.260+0000] {dag.py:2585} INFO - Sync 1 DAGs
[2022-11-17T14:11:00.279+0000] {logging_mixin.py:137} INFO - [2022-11-17T14:11:00.279+0000] {dag.py:3340} INFO - Setting next_dagrun for example_sla_dag to 2022-11-17T14:08:00+00:00, run_after=2022-11-17T14:10:00+00:00
[2022-11-17T14:11:00.291+0000] {processor.py:176} INFO - Processing /home/airflow/.local/lib/python3.7/site-packages/airflow/example_dags/example_sla_dag.py took 0.082 seconds
[2022-11-17T14:11:30.391+0000] {processor.py:154} INFO - Started process (PID=229) to work on /home/airflow/.local/lib/python3.7/site-packages/airflow/example_dags/example_sla_dag.py
[2022-11-17T14:11:30.392+0000] {processor.py:756} INFO - Processing file /home/airflow/.local/lib/python3.7/site-packages/airflow/example_dags/example_sla_dag.py for tasks to queue
[2022-11-17T14:11:30.393+0000] {logging_mixin.py:137} INFO - [2022-11-17T14:11:30.393+0000] {dagbag.py:537} INFO - Filling up the DagBag from /home/airflow/.local/lib/python3.7/site-packages/airflow/example_dags/example_sla_dag.py
[2022-11-17T14:11:30.407+0000] {processor.py:766} INFO - DAG(s) dict_keys(['example_sla_dag']) retrieved from /home/airflow/.local/lib/python3.7/site-packages/airflow/example_dags/example_sla_dag.py
[2022-11-17T14:11:30.433+0000] {logging_mixin.py:137} INFO - [2022-11-17T14:11:30.433+0000] {dag.py:2585} INFO - Sync 1 DAGs
[2022-11-17T14:11:30.450+0000] {logging_mixin.py:137} INFO - [2022-11-17T14:11:30.450+0000] {dag.py:3340} INFO - Setting next_dagrun for example_sla_dag to 2022-11-17T14:08:00+00:00, run_after=2022-11-17T14:10:00+00:00
[2022-11-17T14:11:30.462+0000] {processor.py:176} INFO - Processing /home/airflow/.local/lib/python3.7/site-packages/airflow/example_dags/example_sla_dag.py took 0.073 seconds
[2022-11-17T14:12:01.477+0000] {processor.py:154} INFO - Started process (PID=283) to work on /home/airflow/.local/lib/python3.7/site-packages/airflow/example_dags/example_sla_dag.py
[2022-11-17T14:12:01.479+0000] {processor.py:756} INFO - Processing file /home/airflow/.local/lib/python3.7/site-packages/airflow/example_dags/example_sla_dag.py for tasks to queue
[2022-11-17T14:12:01.480+0000] {logging_mixin.py:137} INFO - [2022-11-17T14:12:01.480+0000] {dagbag.py:537} INFO - Filling up the DagBag from /home/airflow/.local/lib/python3.7/site-packages/airflow/example_dags/example_sla_dag.py
[2022-11-17T14:12:01.501+0000] {processor.py:766} INFO - DAG(s) dict_keys(['example_sla_dag']) retrieved from /home/airflow/.local/lib/python3.7/site-packages/airflow/example_dags/example_sla_dag.py
[2022-11-17T14:12:01.530+0000] {logging_mixin.py:137} INFO - [2022-11-17T14:12:01.530+0000] {dag.py:2585} INFO - Sync 1 DAGs
[2022-11-17T14:12:01.548+0000] {logging_mixin.py:137} INFO - [2022-11-17T14:12:01.548+0000] {dag.py:3340} INFO - Setting next_dagrun for example_sla_dag to 2022-11-17T14:10:00+00:00, run_after=2022-11-17T14:12:00+00:00
[2022-11-17T14:12:01.563+0000] {processor.py:176} INFO - Processing /home/airflow/.local/lib/python3.7/site-packages/airflow/example_dags/example_sla_dag.py took 0.089 seconds
