[2022-11-18T04:10:37.620+0000] {taskinstance.py:1165} INFO - Dependencies all met for <TaskInstance: spark_operator.spark-job manual__2022-11-18T04:10:36.149217+00:00 [queued]>
[2022-11-18T04:10:37.633+0000] {taskinstance.py:1165} INFO - Dependencies all met for <TaskInstance: spark_operator.spark-job manual__2022-11-18T04:10:36.149217+00:00 [queued]>
[2022-11-18T04:10:37.635+0000] {taskinstance.py:1362} INFO - 
--------------------------------------------------------------------------------
[2022-11-18T04:10:37.638+0000] {taskinstance.py:1363} INFO - Starting attempt 1 of 1
[2022-11-18T04:10:37.639+0000] {taskinstance.py:1364} INFO - 
--------------------------------------------------------------------------------
[2022-11-18T04:10:37.650+0000] {taskinstance.py:1383} INFO - Executing <Task(SparkSubmitOperator): spark-job> on 2022-11-18 04:10:36.149217+00:00
[2022-11-18T04:10:37.655+0000] {standard_task_runner.py:55} INFO - Started process 302 to run task
[2022-11-18T04:10:37.658+0000] {standard_task_runner.py:82} INFO - Running: ['***', 'tasks', 'run', 'spark_operator', 'spark-job', 'manual__2022-11-18T04:10:36.149217+00:00', '--job-id', '30', '--raw', '--subdir', 'DAGS_FOLDER/load_data_to_spark.py', '--cfg-path', '/tmp/tmpty929_6v']
[2022-11-18T04:10:37.659+0000] {standard_task_runner.py:83} INFO - Job 30: Subtask spark-job
[2022-11-18T04:10:37.700+0000] {task_command.py:376} INFO - Running <TaskInstance: spark_operator.spark-job manual__2022-11-18T04:10:36.149217+00:00 [running]> on host cbb625654163
[2022-11-18T04:10:37.740+0000] {taskinstance.py:1592} INFO - Exporting the following env vars:
AIRFLOW_CTX_DAG_OWNER=***
AIRFLOW_CTX_DAG_ID=spark_operator
AIRFLOW_CTX_TASK_ID=spark-job
AIRFLOW_CTX_EXECUTION_DATE=2022-11-18T04:10:36.149217+00:00
AIRFLOW_CTX_TRY_NUMBER=1
AIRFLOW_CTX_DAG_RUN_ID=manual__2022-11-18T04:10:36.149217+00:00
[2022-11-18T04:10:37.747+0000] {base.py:71} INFO - Using connection ID 'spark_local' for task execution.
[2022-11-18T04:10:37.748+0000] {spark_submit.py:334} INFO - Spark-Submit cmd: spark-submit --master spark://Posathorns-MacBook-Pro-4.local:7077 --name arrow-spark json_to_spark.py
[2022-11-18T04:10:37.768+0000] {spark_submit.py:485} INFO - /opt/spark/bin/load-spark-env.sh: line 68: ps: command not found
[2022-11-18T04:10:37.769+0000] {spark_submit.py:485} INFO - /opt/spark/bin/spark-class: line 71: /opt/homebrew/opt/openjdk/bin/java: No such file or directory
[2022-11-18T04:10:37.769+0000] {spark_submit.py:485} INFO - /opt/spark/bin/spark-class: line 96: CMD: bad array subscript
[2022-11-18T04:10:37.779+0000] {taskinstance.py:1851} ERROR - Task failed with exception
Traceback (most recent call last):
  File "/home/airflow/.local/lib/python3.7/site-packages/airflow/providers/apache/spark/operators/spark_submit.py", line 157, in execute
    self._hook.submit(self._application)
  File "/home/airflow/.local/lib/python3.7/site-packages/airflow/providers/apache/spark/hooks/spark_submit.py", line 417, in submit
    f"Cannot execute: {self._mask_cmd(spark_submit_cmd)}. Error code is: {returncode}."
airflow.exceptions.AirflowException: Cannot execute: spark-submit --master spark://Posathorns-MacBook-Pro-4.local:7077 --name arrow-spark json_to_spark.py. Error code is: 1.
[2022-11-18T04:10:37.784+0000] {taskinstance.py:1406} INFO - Marking task as FAILED. dag_id=spark_operator, task_id=spark-job, execution_date=20221118T041036, start_date=20221118T041037, end_date=20221118T041037
[2022-11-18T04:10:37.791+0000] {standard_task_runner.py:105} ERROR - Failed to execute job 30 for task spark-job (Cannot execute: spark-submit --master spark://Posathorns-MacBook-Pro-4.local:7077 --name arrow-spark json_to_spark.py. Error code is: 1.; 302)
[2022-11-18T04:10:37.833+0000] {local_task_job.py:159} INFO - Task exited with return code 1
[2022-11-18T04:10:37.845+0000] {taskinstance.py:2623} INFO - 0 downstream tasks scheduled from follow-on schedule check
