[2022-12-05T08:13:31.529+0000] {taskinstance.py:1165} INFO - Dependencies all met for <TaskInstance: traffy_fondue_data_analyst.model_processing manual__2022-12-05T08:13:16.392596+00:00 [queued]>
[2022-12-05T08:13:31.535+0000] {taskinstance.py:1165} INFO - Dependencies all met for <TaskInstance: traffy_fondue_data_analyst.model_processing manual__2022-12-05T08:13:16.392596+00:00 [queued]>
[2022-12-05T08:13:31.536+0000] {taskinstance.py:1362} INFO - 
--------------------------------------------------------------------------------
[2022-12-05T08:13:31.537+0000] {taskinstance.py:1363} INFO - Starting attempt 1 of 1
[2022-12-05T08:13:31.538+0000] {taskinstance.py:1364} INFO - 
--------------------------------------------------------------------------------
[2022-12-05T08:13:31.545+0000] {taskinstance.py:1383} INFO - Executing <Task(PythonOperator): model_processing> on 2022-12-05 08:13:16.392596+00:00
[2022-12-05T08:13:31.554+0000] {standard_task_runner.py:55} INFO - Started process 2565 to run task
[2022-12-05T08:13:31.556+0000] {standard_task_runner.py:82} INFO - Running: ['***', 'tasks', 'run', 'traffy_fondue_data_analyst', 'model_processing', 'manual__2022-12-05T08:13:16.392596+00:00', '--job-id', '163', '--raw', '--subdir', 'DAGS_FOLDER/data_tools_final_oprator.py', '--cfg-path', '/tmp/tmpxtsa5k3s']
[2022-12-05T08:13:31.559+0000] {standard_task_runner.py:83} INFO - Job 163: Subtask model_processing
[2022-12-05T08:13:31.598+0000] {task_command.py:376} INFO - Running <TaskInstance: traffy_fondue_data_analyst.model_processing manual__2022-12-05T08:13:16.392596+00:00 [running]> on host 0bd7e010c569
[2022-12-05T08:13:31.637+0000] {taskinstance.py:1592} INFO - Exporting the following env vars:
AIRFLOW_CTX_DAG_OWNER=***
AIRFLOW_CTX_DAG_ID=traffy_fondue_data_analyst
AIRFLOW_CTX_TASK_ID=model_processing
AIRFLOW_CTX_EXECUTION_DATE=2022-12-05T08:13:16.392596+00:00
AIRFLOW_CTX_TRY_NUMBER=1
AIRFLOW_CTX_DAG_RUN_ID=manual__2022-12-05T08:13:16.392596+00:00
[2022-12-05T08:13:55.189+0000] {logging_mixin.py:137} INFO -  LogisticRegression(random_state=42) 
[2022-12-05T08:13:55.190+0000] {logging_mixin.py:137} INFO - Train Accuracy Rate           = 0.9901
[2022-12-05T08:13:55.192+0000] {logging_mixin.py:137} INFO - Validataion Accuracy Rate    = 0.721
[2022-12-05T08:13:55.193+0000] {logging_mixin.py:137} INFO - Test Accuracy Rate      = 0.7219
[2022-12-05T08:13:57.249+0000] {logging_mixin.py:137} INFO - ['ทางเท้า' 'ความปลอดภัย' 'ทางเท้า' ... 'ป้าย' 'จราจร' 'ถนน']
[2022-12-05T08:13:57.251+0000] {python.py:177} INFO - Done. Returned value was: None
[2022-12-05T08:13:57.263+0000] {taskinstance.py:1406} INFO - Marking task as SUCCESS. dag_id=traffy_fondue_data_analyst, task_id=model_processing, execution_date=20221205T081316, start_date=20221205T081331, end_date=20221205T081357
[2022-12-05T08:13:57.341+0000] {local_task_job.py:159} INFO - Task exited with return code 0
[2022-12-05T08:13:57.357+0000] {taskinstance.py:2623} INFO - 0 downstream tasks scheduled from follow-on schedule check
