[2022-11-28T01:07:04.096+0000] {taskinstance.py:1165} INFO - Dependencies all met for <TaskInstance: python_operator_pyspark.load_data scheduled__2022-11-27T00:00:00+00:00 [queued]>
[2022-11-28T01:07:04.105+0000] {taskinstance.py:1165} INFO - Dependencies all met for <TaskInstance: python_operator_pyspark.load_data scheduled__2022-11-27T00:00:00+00:00 [queued]>
[2022-11-28T01:07:04.106+0000] {taskinstance.py:1362} INFO - 
--------------------------------------------------------------------------------
[2022-11-28T01:07:04.107+0000] {taskinstance.py:1363} INFO - Starting attempt 1 of 1
[2022-11-28T01:07:04.108+0000] {taskinstance.py:1364} INFO - 
--------------------------------------------------------------------------------
[2022-11-28T01:07:04.123+0000] {taskinstance.py:1383} INFO - Executing <Task(PythonOperator): load_data> on 2022-11-27 00:00:00+00:00
[2022-11-28T01:07:04.129+0000] {standard_task_runner.py:55} INFO - Started process 33776 to run task
[2022-11-28T01:07:04.135+0000] {standard_task_runner.py:82} INFO - Running: ['***', 'tasks', 'run', 'python_operator_pyspark', 'load_data', 'scheduled__2022-11-27T00:00:00+00:00', '--job-id', '104', '--raw', '--subdir', 'DAGS_FOLDER/load_data_to_spark_backup.py', '--cfg-path', '/tmp/tmpu0auft9q']
[2022-11-28T01:07:04.136+0000] {standard_task_runner.py:83} INFO - Job 104: Subtask load_data
[2022-11-28T01:07:04.201+0000] {task_command.py:376} INFO - Running <TaskInstance: python_operator_pyspark.load_data scheduled__2022-11-27T00:00:00+00:00 [running]> on host 71a129efd3d8
[2022-11-28T01:07:04.246+0000] {taskinstance.py:1592} INFO - Exporting the following env vars:
AIRFLOW_CTX_DAG_OWNER=***
AIRFLOW_CTX_DAG_ID=python_operator_pyspark
AIRFLOW_CTX_TASK_ID=load_data
AIRFLOW_CTX_EXECUTION_DATE=2022-11-27T00:00:00+00:00
AIRFLOW_CTX_TRY_NUMBER=1
AIRFLOW_CTX_DAG_RUN_ID=scheduled__2022-11-27T00:00:00+00:00
[2022-11-28T01:07:22.801+0000] {logging_mixin.py:137} INFO - +--------------------+-----------+--------------------+--------------------+------------+-----------------+----------+-------------+--------------------+--------------------+-------------+----+--------------+----------+--------------+-----------+--------------------+-------------------+-------+
|             address|after_photo|             comment|              coords|count_reopen|         district|message_id|          org|               photo|  problem_type_abdul|     province|star|         state|    status|   subdistrict|  ticket_id|           timestamp|               type|type_id|
+--------------------+-----------+--------------------+--------------------+------------+-----------------+----------+-------------+--------------------+--------------------+-------------+----+--------------+----------+--------------+-----------+--------------------+-------------------+-------+
|981 ซอย จุฬาลงกรณ...|           |ต้นไม้ต้นนี้มีแมล...|[100.52306, 13.74...|           0|          ปทุมวัน|    276064|กรุงเทพมหานคร|https://storage.g...|                  {}|กรุงเทพมหานคร|null|   รอรับเรื่อง|    report|       วังใหม่|2022-7TVCY3|2022-11-16 15:08:...|                   |      5|
|4/1 ซอย สุภาพงษ์ ...|           |ช่วยมาดูไฟด้วยไฟเสีย|[100.64700, 13.69...|           0|           ประเวศ|    276063|กรุงเทพมหานคร|https://storage.g...|          {แสงสว่าง}|กรุงเทพมหานคร|null|   รอรับเรื่อง|inprogress|       หนองบอน|2022-M4CD3R|2022-11-16 15:03:...|           แสงสว่าง|     12|
|20/1 บางบอน ๕ ซอย...|           |อยากรายงานปัญหา ถ...|[100.35344, 13.64...|           0|           บางบอน|    276061|กรุงเทพมหานคร|https://storage.g...|   {ถนน,ความปลอดภัย}|กรุงเทพมหานคร|null|   รอรับเรื่อง|    report|   บางบอนเหนือ|2022-L92K66|2022-11-16 14:57:...|    ถนน,ความปลอดภัย|     12|
|150 2 ถ. พัฒนาชนบ...|           |กลิ่นขยะ จากโรงงา...|[100.73182, 13.73...|           0|        ลาดกระบัง|    276060|กรุงเทพมหานคร|https://storage.g...|         {ความสะอาด}|กรุงเทพมหานคร|null|   รอรับเรื่อง|    report|คลองสองต้นนุ่น|2022-NX6R4K|2022-11-16 14:55:...|          ความสะอาด|      5|
|1379 ถ. จรัญสนิทว...|           |มีซากรถกระบะจอดทิ...|[100.51290, 13.81...|           0|          บางพลัด|    276059|กรุงเทพมหานคร|https://storage.g...|         {ถนน,สะพาน}|กรุงเทพมหานคร|null|   รอรับเรื่อง|    report|        บางอ้อ|2022-37BG3F|2022-11-16 14:52:...|          ถนน,สะพาน|      9|
|117 ถนนจักรพรรดิพ...|           |ไฟถนนจักรพรรดิพงษ...|[100.50955, 13.75...|           0|ป้อมปราบศัตรูพ่าย|    276058|กรุงเทพมหานคร|https://storage.g...|      {ถนน,แสงสว่าง}|กรุงเทพมหานคร|null|กำลังดำเนินการ|inprogress|     วัดโสมนัส|2022-F9RGKR|2022-11-16 14:45:...|       ถนน,แสงสว่าง|     14|
|191 ถนน สีลม แขวง...|           |ป้ายรถเมล์หน้าห้า...|[100.53470, 13.72...|           0|           บางรัก|    276057|กรุงเทพมหานคร|https://storage.g...|              {ป้าย}|กรุงเทพมหานคร|null|   รอรับเรื่อง|    report|          สีลม|2022-M9TB6G|2022-11-16 14:32:...|               ป้าย|      9|
|8 ถ. เจริญนคร แขว...|           |เคยแจ้งเทศกิจเขตค...|[100.50759, 13.71...|           0|          คลองสาน|    276056|กรุงเทพมหานคร|https://storage.g...|{ท่อระบายน้ำ,ทางเ...|กรุงเทพมหานคร|null|กำลังดำเนินการ|inprogress|   บางลำภูล่าง|2022-EGFWKX|2022-11-16 14:24:...|ท่อระบายน้ำ,ทางเท้า|      6|
|399400 ถ. บางแวก ...|           |ปัญหาคือโดนหมากัด...|[100.39386, 13.74...|           0|            บางแค|    276055|กรุงเทพมหานคร|https://storage.g...|        {สัตว์จรจัด}|กรุงเทพมหานคร|null|   รอรับเรื่อง|    report|        บางไผ่|2022-4AU4ZP|2022-11-16 14:19:...|         สัตว์จรจัด|     12|
|30/4 ถ. กรุงเกษม ...|           |            ไฟถนนดับ|[100.50243, 13.77...|           0|           พระนคร|    276053|กรุงเทพมหานคร|https://storage.g...|          {แสงสว่าง}|กรุงเทพมหานคร|null|   รอรับเรื่อง|    report|   วัดสามพระยา|2022-DP4MPF|2022-11-16 14:17:...|           แสงสว่าง|     12|
|981 ซอย จุฬาลงกรณ...|           |ต้นไม้ต้นนี้มีแมล...|[100.52306, 13.74...|           0|          ปทุมวัน|    276064|กรุงเทพมหานคร|https://storage.g...|                  {}|กรุงเทพมหานคร|null|   รอรับเรื่อง|    report|       วังใหม่|2022-7TVCY3|2022-11-16 15:08:...|                   |      5|
|4/1 ซอย สุภาพงษ์ ...|           |ช่วยมาดูไฟด้วยไฟเสีย|[100.64700, 13.69...|           0|           ประเวศ|    276063|กรุงเทพมหานคร|https://storage.g...|          {แสงสว่าง}|กรุงเทพมหานคร|null|   รอรับเรื่อง|inprogress|       หนองบอน|2022-M4CD3R|2022-11-16 15:03:...|           แสงสว่าง|     12|
|20/1 บางบอน ๕ ซอย...|           |อยากรายงานปัญหา ถ...|[100.35344, 13.64...|           0|           บางบอน|    276061|กรุงเทพมหานคร|https://storage.g...|   {ถนน,ความปลอดภัย}|กรุงเทพมหานคร|null|   รอรับเรื่อง|    report|   บางบอนเหนือ|2022-L92K66|2022-11-16 14:57:...|    ถนน,ความปลอดภัย|     12|
|150 2 ถ. พัฒนาชนบ...|           |กลิ่นขยะ จากโรงงา...|[100.73182, 13.73...|           0|        ลาดกระบัง|    276060|กรุงเทพมหานคร|https://storage.g...|         {ความสะอาด}|กรุงเทพมหานคร|null|   รอรับเรื่อง|    report|คลองสองต้นนุ่น|2022-NX6R4K|2022-11-16 14:55:...|          ความสะอาด|      5|
|1379 ถ. จรัญสนิทว...|           |มีซากรถกระบะจอดทิ...|[100.51290, 13.81...|           0|          บางพลัด|    276059|กรุงเทพมหานคร|https://storage.g...|         {ถนน,สะพาน}|กรุงเทพมหานคร|null|   รอรับเรื่อง|    report|        บางอ้อ|2022-37BG3F|2022-11-16 14:52:...|          ถนน,สะพาน|      9|
|117 ถนนจักรพรรดิพ...|           |ไฟถนนจักรพรรดิพงษ...|[100.50955, 13.75...|           0|ป้อมปราบศัตรูพ่าย|    276058|กรุงเทพมหานคร|https://storage.g...|      {ถนน,แสงสว่าง}|กรุงเทพมหานคร|null|กำลังดำเนินการ|inprogress|     วัดโสมนัส|2022-F9RGKR|2022-11-16 14:45:...|       ถนน,แสงสว่าง|     14|
|191 ถนน สีลม แขวง...|           |ป้ายรถเมล์หน้าห้า...|[100.53470, 13.72...|           0|           บางรัก|    276057|กรุงเทพมหานคร|https://storage.g...|              {ป้าย}|กรุงเทพมหานคร|null|   รอรับเรื่อง|    report|          สีลม|2022-M9TB6G|2022-11-16 14:32:...|               ป้าย|      9|
|8 ถ. เจริญนคร แขว...|           |เคยแจ้งเทศกิจเขตค...|[100.50759, 13.71...|           0|          คลองสาน|    276056|กรุงเทพมหานคร|https://storage.g...|{ท่อระบายน้ำ,ทางเ...|กรุงเทพมหานคร|null|กำลังดำเนินการ|inprogress|   บางลำภูล่าง|2022-EGFWKX|2022-11-16 14:24:...|ท่อระบายน้ำ,ทางเท้า|      6|
|399400 ถ. บางแวก ...|           |ปัญหาคือโดนหมากัด...|[100.39386, 13.74...|           0|            บางแค|    276055|กรุงเทพมหานคร|https://storage.g...|        {สัตว์จรจัด}|กรุงเทพมหานคร|null|   รอรับเรื่อง|    report|        บางไผ่|2022-4AU4ZP|2022-11-16 14:19:...|         สัตว์จรจัด|     12|
|30/4 ถ. กรุงเกษม ...|           |            ไฟถนนดับ|[100.50243, 13.77...|           0|           พระนคร|    276053|กรุงเทพมหานคร|https://storage.g...|          {แสงสว่าง}|กรุงเทพมหานคร|null|   รอรับเรื่อง|    report|   วัดสามพระยา|2022-DP4MPF|2022-11-16 14:17:...|           แสงสว่าง|     12|
+--------------------+-----------+--------------------+--------------------+------------+-----------------+----------+-------------+--------------------+--------------------+-------------+----+--------------+----------+--------------+-----------+--------------------+-------------------+-------+
[2022-11-28T01:07:22.809+0000] {python.py:177} INFO - Done. Returned value was: None
[2022-11-28T01:07:22.826+0000] {taskinstance.py:1406} INFO - Marking task as SUCCESS. dag_id=python_operator_pyspark, task_id=load_data, execution_date=20221127T000000, start_date=20221128T010704, end_date=20221128T010722
[2022-11-28T01:07:22.896+0000] {local_task_job.py:159} INFO - Task exited with return code 0
[2022-11-28T01:07:22.913+0000] {taskinstance.py:2623} INFO - 0 downstream tasks scheduled from follow-on schedule check
