[2022-11-20T01:04:13.739+0000] {processor.py:154} INFO - Started process (PID=39699) to work on /opt/airflow/dags/cp_webcheck_failed.py
[2022-11-20T01:04:13.752+0000] {processor.py:756} INFO - Processing file /opt/airflow/dags/cp_webcheck_failed.py for tasks to queue
[2022-11-20T01:04:13.754+0000] {logging_mixin.py:137} INFO - [2022-11-20T01:04:13.754+0000] {dagbag.py:537} INFO - Filling up the DagBag from /opt/airflow/dags/cp_webcheck_failed.py
[2022-11-20T01:04:13.785+0000] {processor.py:766} INFO - DAG(s) dict_keys(['cp_webcheck_failed']) retrieved from /opt/airflow/dags/cp_webcheck_failed.py
[2022-11-20T01:04:13.917+0000] {logging_mixin.py:137} INFO - [2022-11-20T01:04:13.916+0000] {dag.py:2585} INFO - Sync 1 DAGs
[2022-11-20T01:04:13.955+0000] {logging_mixin.py:137} INFO - [2022-11-20T01:04:13.955+0000] {dag.py:3340} INFO - Setting next_dagrun for cp_webcheck_failed to 2022-11-20T00:00:00+00:00, run_after=2022-11-21T00:00:00+00:00
[2022-11-20T01:04:13.990+0000] {processor.py:176} INFO - Processing /opt/airflow/dags/cp_webcheck_failed.py took 0.259 seconds
[2022-11-20T02:40:29.365+0000] {processor.py:154} INFO - Started process (PID=39722) to work on /opt/airflow/dags/cp_webcheck_failed.py
[2022-11-20T02:40:29.370+0000] {processor.py:756} INFO - Processing file /opt/airflow/dags/cp_webcheck_failed.py for tasks to queue
[2022-11-20T02:40:29.371+0000] {logging_mixin.py:137} INFO - [2022-11-20T02:40:29.371+0000] {dagbag.py:537} INFO - Filling up the DagBag from /opt/airflow/dags/cp_webcheck_failed.py
[2022-11-20T02:40:29.395+0000] {processor.py:766} INFO - DAG(s) dict_keys(['cp_webcheck_failed']) retrieved from /opt/airflow/dags/cp_webcheck_failed.py
[2022-11-20T02:40:29.496+0000] {logging_mixin.py:137} INFO - [2022-11-20T02:40:29.496+0000] {dag.py:2585} INFO - Sync 1 DAGs
[2022-11-20T02:40:29.537+0000] {logging_mixin.py:137} INFO - [2022-11-20T02:40:29.536+0000] {dag.py:3340} INFO - Setting next_dagrun for cp_webcheck_failed to 2022-11-20T00:00:00+00:00, run_after=2022-11-21T00:00:00+00:00
[2022-11-20T02:40:29.565+0000] {processor.py:176} INFO - Processing /opt/airflow/dags/cp_webcheck_failed.py took 0.209 seconds
[2022-11-20T04:05:24.985+0000] {processor.py:154} INFO - Started process (PID=39753) to work on /opt/airflow/dags/cp_webcheck_failed.py
[2022-11-20T04:05:24.987+0000] {processor.py:756} INFO - Processing file /opt/airflow/dags/cp_webcheck_failed.py for tasks to queue
[2022-11-20T04:05:24.990+0000] {logging_mixin.py:137} INFO - [2022-11-20T04:05:24.989+0000] {dagbag.py:537} INFO - Filling up the DagBag from /opt/airflow/dags/cp_webcheck_failed.py
[2022-11-20T04:05:25.020+0000] {processor.py:766} INFO - DAG(s) dict_keys(['cp_webcheck_failed']) retrieved from /opt/airflow/dags/cp_webcheck_failed.py
[2022-11-20T04:05:25.117+0000] {logging_mixin.py:137} INFO - [2022-11-20T04:05:25.117+0000] {dag.py:2585} INFO - Sync 1 DAGs
[2022-11-20T04:05:25.162+0000] {logging_mixin.py:137} INFO - [2022-11-20T04:05:25.161+0000] {dag.py:3340} INFO - Setting next_dagrun for cp_webcheck_failed to 2022-11-20T00:00:00+00:00, run_after=2022-11-21T00:00:00+00:00
[2022-11-20T04:05:25.194+0000] {processor.py:176} INFO - Processing /opt/airflow/dags/cp_webcheck_failed.py took 0.217 seconds
[2022-11-20T05:42:42.655+0000] {processor.py:154} INFO - Started process (PID=39784) to work on /opt/airflow/dags/cp_webcheck_failed.py
[2022-11-20T05:42:42.657+0000] {processor.py:756} INFO - Processing file /opt/airflow/dags/cp_webcheck_failed.py for tasks to queue
[2022-11-20T05:42:42.658+0000] {logging_mixin.py:137} INFO - [2022-11-20T05:42:42.658+0000] {dagbag.py:537} INFO - Filling up the DagBag from /opt/airflow/dags/cp_webcheck_failed.py
[2022-11-20T05:42:42.676+0000] {processor.py:766} INFO - DAG(s) dict_keys(['cp_webcheck_failed']) retrieved from /opt/airflow/dags/cp_webcheck_failed.py
[2022-11-20T05:42:42.721+0000] {logging_mixin.py:137} INFO - [2022-11-20T05:42:42.721+0000] {dag.py:2585} INFO - Sync 1 DAGs
[2022-11-20T05:42:42.740+0000] {logging_mixin.py:137} INFO - [2022-11-20T05:42:42.740+0000] {dag.py:3340} INFO - Setting next_dagrun for cp_webcheck_failed to 2022-11-20T00:00:00+00:00, run_after=2022-11-21T00:00:00+00:00
[2022-11-20T05:42:42.755+0000] {processor.py:176} INFO - Processing /opt/airflow/dags/cp_webcheck_failed.py took 0.103 seconds
[2022-11-20T07:06:57.346+0000] {processor.py:154} INFO - Started process (PID=39807) to work on /opt/airflow/dags/cp_webcheck_failed.py
[2022-11-20T07:06:57.348+0000] {processor.py:756} INFO - Processing file /opt/airflow/dags/cp_webcheck_failed.py for tasks to queue
[2022-11-20T07:06:57.349+0000] {logging_mixin.py:137} INFO - [2022-11-20T07:06:57.349+0000] {dagbag.py:537} INFO - Filling up the DagBag from /opt/airflow/dags/cp_webcheck_failed.py
[2022-11-20T07:06:57.362+0000] {processor.py:766} INFO - DAG(s) dict_keys(['cp_webcheck_failed']) retrieved from /opt/airflow/dags/cp_webcheck_failed.py
[2022-11-20T07:06:57.389+0000] {logging_mixin.py:137} INFO - [2022-11-20T07:06:57.389+0000] {dag.py:2585} INFO - Sync 1 DAGs
[2022-11-20T07:06:57.406+0000] {logging_mixin.py:137} INFO - [2022-11-20T07:06:57.406+0000] {dag.py:3340} INFO - Setting next_dagrun for cp_webcheck_failed to 2022-11-20T00:00:00+00:00, run_after=2022-11-21T00:00:00+00:00
[2022-11-20T07:06:57.416+0000] {processor.py:176} INFO - Processing /opt/airflow/dags/cp_webcheck_failed.py took 0.072 seconds
[2022-11-20T08:42:30.879+0000] {processor.py:154} INFO - Started process (PID=39839) to work on /opt/airflow/dags/cp_webcheck_failed.py
[2022-11-20T08:42:30.888+0000] {processor.py:756} INFO - Processing file /opt/airflow/dags/cp_webcheck_failed.py for tasks to queue
[2022-11-20T08:42:30.891+0000] {logging_mixin.py:137} INFO - [2022-11-20T08:42:30.891+0000] {dagbag.py:537} INFO - Filling up the DagBag from /opt/airflow/dags/cp_webcheck_failed.py
[2022-11-20T08:42:30.947+0000] {processor.py:766} INFO - DAG(s) dict_keys(['cp_webcheck_failed']) retrieved from /opt/airflow/dags/cp_webcheck_failed.py
[2022-11-20T08:42:31.099+0000] {logging_mixin.py:137} INFO - [2022-11-20T08:42:31.099+0000] {dag.py:2585} INFO - Sync 1 DAGs
[2022-11-20T08:42:31.130+0000] {logging_mixin.py:137} INFO - [2022-11-20T08:42:31.129+0000] {dag.py:3340} INFO - Setting next_dagrun for cp_webcheck_failed to 2022-11-20T00:00:00+00:00, run_after=2022-11-21T00:00:00+00:00
[2022-11-20T08:42:31.149+0000] {processor.py:176} INFO - Processing /opt/airflow/dags/cp_webcheck_failed.py took 0.277 seconds
[2022-11-20T10:02:34.354+0000] {processor.py:154} INFO - Started process (PID=39872) to work on /opt/airflow/dags/cp_webcheck_failed.py
[2022-11-20T10:02:34.356+0000] {processor.py:756} INFO - Processing file /opt/airflow/dags/cp_webcheck_failed.py for tasks to queue
[2022-11-20T10:02:34.358+0000] {logging_mixin.py:137} INFO - [2022-11-20T10:02:34.358+0000] {dagbag.py:537} INFO - Filling up the DagBag from /opt/airflow/dags/cp_webcheck_failed.py
[2022-11-20T10:02:34.404+0000] {processor.py:766} INFO - DAG(s) dict_keys(['cp_webcheck_failed']) retrieved from /opt/airflow/dags/cp_webcheck_failed.py
[2022-11-20T10:02:34.478+0000] {logging_mixin.py:137} INFO - [2022-11-20T10:02:34.478+0000] {dag.py:2585} INFO - Sync 1 DAGs
[2022-11-20T10:02:34.505+0000] {logging_mixin.py:137} INFO - [2022-11-20T10:02:34.505+0000] {dag.py:3340} INFO - Setting next_dagrun for cp_webcheck_failed to 2022-11-20T00:00:00+00:00, run_after=2022-11-21T00:00:00+00:00
[2022-11-20T10:02:34.544+0000] {processor.py:176} INFO - Processing /opt/airflow/dags/cp_webcheck_failed.py took 0.194 seconds
[2022-11-20T11:23:32.742+0000] {processor.py:154} INFO - Started process (PID=39904) to work on /opt/airflow/dags/cp_webcheck_failed.py
[2022-11-20T11:23:32.748+0000] {processor.py:756} INFO - Processing file /opt/airflow/dags/cp_webcheck_failed.py for tasks to queue
[2022-11-20T11:23:32.752+0000] {logging_mixin.py:137} INFO - [2022-11-20T11:23:32.752+0000] {dagbag.py:537} INFO - Filling up the DagBag from /opt/airflow/dags/cp_webcheck_failed.py
[2022-11-20T11:23:32.843+0000] {processor.py:766} INFO - DAG(s) dict_keys(['cp_webcheck_failed']) retrieved from /opt/airflow/dags/cp_webcheck_failed.py
[2022-11-20T11:23:32.958+0000] {logging_mixin.py:137} INFO - [2022-11-20T11:23:32.958+0000] {dag.py:2585} INFO - Sync 1 DAGs
[2022-11-20T11:23:33.001+0000] {logging_mixin.py:137} INFO - [2022-11-20T11:23:33.001+0000] {dag.py:3340} INFO - Setting next_dagrun for cp_webcheck_failed to 2022-11-20T00:00:00+00:00, run_after=2022-11-21T00:00:00+00:00
[2022-11-20T11:23:33.031+0000] {processor.py:176} INFO - Processing /opt/airflow/dags/cp_webcheck_failed.py took 0.295 seconds
[2022-11-20T13:01:05.034+0000] {processor.py:154} INFO - Started process (PID=39926) to work on /opt/airflow/dags/cp_webcheck_failed.py
[2022-11-20T13:01:05.036+0000] {processor.py:756} INFO - Processing file /opt/airflow/dags/cp_webcheck_failed.py for tasks to queue
[2022-11-20T13:01:05.038+0000] {logging_mixin.py:137} INFO - [2022-11-20T13:01:05.038+0000] {dagbag.py:537} INFO - Filling up the DagBag from /opt/airflow/dags/cp_webcheck_failed.py
[2022-11-20T13:01:05.061+0000] {processor.py:766} INFO - DAG(s) dict_keys(['cp_webcheck_failed']) retrieved from /opt/airflow/dags/cp_webcheck_failed.py
[2022-11-20T13:01:05.121+0000] {logging_mixin.py:137} INFO - [2022-11-20T13:01:05.121+0000] {dag.py:2585} INFO - Sync 1 DAGs
[2022-11-20T13:01:05.147+0000] {logging_mixin.py:137} INFO - [2022-11-20T13:01:05.147+0000] {dag.py:3340} INFO - Setting next_dagrun for cp_webcheck_failed to 2022-11-20T00:00:00+00:00, run_after=2022-11-21T00:00:00+00:00
[2022-11-20T13:01:05.166+0000] {processor.py:176} INFO - Processing /opt/airflow/dags/cp_webcheck_failed.py took 0.136 seconds
[2022-11-20T14:25:08.181+0000] {processor.py:154} INFO - Started process (PID=39958) to work on /opt/airflow/dags/cp_webcheck_failed.py
[2022-11-20T14:25:08.183+0000] {processor.py:756} INFO - Processing file /opt/airflow/dags/cp_webcheck_failed.py for tasks to queue
[2022-11-20T14:25:08.184+0000] {logging_mixin.py:137} INFO - [2022-11-20T14:25:08.184+0000] {dagbag.py:537} INFO - Filling up the DagBag from /opt/airflow/dags/cp_webcheck_failed.py
[2022-11-20T14:25:08.201+0000] {processor.py:766} INFO - DAG(s) dict_keys(['cp_webcheck_failed']) retrieved from /opt/airflow/dags/cp_webcheck_failed.py
[2022-11-20T14:25:08.228+0000] {logging_mixin.py:137} INFO - [2022-11-20T14:25:08.228+0000] {dag.py:2585} INFO - Sync 1 DAGs
[2022-11-20T14:25:08.243+0000] {logging_mixin.py:137} INFO - [2022-11-20T14:25:08.243+0000] {dag.py:3340} INFO - Setting next_dagrun for cp_webcheck_failed to 2022-11-20T00:00:00+00:00, run_after=2022-11-21T00:00:00+00:00
[2022-11-20T14:25:08.254+0000] {processor.py:176} INFO - Processing /opt/airflow/dags/cp_webcheck_failed.py took 0.076 seconds
[2022-11-20T16:06:21.021+0000] {processor.py:154} INFO - Started process (PID=39990) to work on /opt/airflow/dags/cp_webcheck_failed.py
[2022-11-20T16:06:21.023+0000] {processor.py:756} INFO - Processing file /opt/airflow/dags/cp_webcheck_failed.py for tasks to queue
[2022-11-20T16:06:21.025+0000] {logging_mixin.py:137} INFO - [2022-11-20T16:06:21.025+0000] {dagbag.py:537} INFO - Filling up the DagBag from /opt/airflow/dags/cp_webcheck_failed.py
[2022-11-20T16:06:21.050+0000] {processor.py:766} INFO - DAG(s) dict_keys(['cp_webcheck_failed']) retrieved from /opt/airflow/dags/cp_webcheck_failed.py
[2022-11-20T16:06:21.128+0000] {logging_mixin.py:137} INFO - [2022-11-20T16:06:21.127+0000] {dag.py:2585} INFO - Sync 1 DAGs
[2022-11-20T16:06:21.159+0000] {logging_mixin.py:137} INFO - [2022-11-20T16:06:21.159+0000] {dag.py:3340} INFO - Setting next_dagrun for cp_webcheck_failed to 2022-11-20T00:00:00+00:00, run_after=2022-11-21T00:00:00+00:00
[2022-11-20T16:06:21.188+0000] {processor.py:176} INFO - Processing /opt/airflow/dags/cp_webcheck_failed.py took 0.170 seconds
[2022-11-20T17:24:49.148+0000] {processor.py:154} INFO - Started process (PID=40022) to work on /opt/airflow/dags/cp_webcheck_failed.py
[2022-11-20T17:24:49.150+0000] {processor.py:756} INFO - Processing file /opt/airflow/dags/cp_webcheck_failed.py for tasks to queue
[2022-11-20T17:24:49.152+0000] {logging_mixin.py:137} INFO - [2022-11-20T17:24:49.152+0000] {dagbag.py:537} INFO - Filling up the DagBag from /opt/airflow/dags/cp_webcheck_failed.py
[2022-11-20T17:24:49.180+0000] {processor.py:766} INFO - DAG(s) dict_keys(['cp_webcheck_failed']) retrieved from /opt/airflow/dags/cp_webcheck_failed.py
[2022-11-20T17:24:49.216+0000] {logging_mixin.py:137} INFO - [2022-11-20T17:24:49.216+0000] {dag.py:2585} INFO - Sync 1 DAGs
[2022-11-20T17:24:49.233+0000] {logging_mixin.py:137} INFO - [2022-11-20T17:24:49.233+0000] {dag.py:3340} INFO - Setting next_dagrun for cp_webcheck_failed to 2022-11-20T00:00:00+00:00, run_after=2022-11-21T00:00:00+00:00
[2022-11-20T17:24:49.249+0000] {processor.py:176} INFO - Processing /opt/airflow/dags/cp_webcheck_failed.py took 0.103 seconds
[2022-11-20T17:51:30.005+0000] {processor.py:154} INFO - Started process (PID=40044) to work on /opt/airflow/dags/cp_webcheck_failed.py
[2022-11-20T17:51:30.007+0000] {processor.py:756} INFO - Processing file /opt/airflow/dags/cp_webcheck_failed.py for tasks to queue
[2022-11-20T17:51:30.008+0000] {logging_mixin.py:137} INFO - [2022-11-20T17:51:30.008+0000] {dagbag.py:537} INFO - Filling up the DagBag from /opt/airflow/dags/cp_webcheck_failed.py
[2022-11-20T17:51:30.020+0000] {processor.py:766} INFO - DAG(s) dict_keys(['cp_webcheck_failed']) retrieved from /opt/airflow/dags/cp_webcheck_failed.py
[2022-11-20T17:51:30.048+0000] {logging_mixin.py:137} INFO - [2022-11-20T17:51:30.048+0000] {dag.py:2585} INFO - Sync 1 DAGs
[2022-11-20T17:51:30.064+0000] {logging_mixin.py:137} INFO - [2022-11-20T17:51:30.064+0000] {dag.py:3340} INFO - Setting next_dagrun for cp_webcheck_failed to 2022-11-20T00:00:00+00:00, run_after=2022-11-21T00:00:00+00:00
[2022-11-20T17:51:30.074+0000] {processor.py:176} INFO - Processing /opt/airflow/dags/cp_webcheck_failed.py took 0.071 seconds
[2022-11-20T19:12:08.808+0000] {processor.py:154} INFO - Started process (PID=40078) to work on /opt/airflow/dags/cp_webcheck_failed.py
[2022-11-20T19:12:08.811+0000] {processor.py:756} INFO - Processing file /opt/airflow/dags/cp_webcheck_failed.py for tasks to queue
[2022-11-20T19:12:08.813+0000] {logging_mixin.py:137} INFO - [2022-11-20T19:12:08.813+0000] {dagbag.py:537} INFO - Filling up the DagBag from /opt/airflow/dags/cp_webcheck_failed.py
[2022-11-20T19:12:08.862+0000] {processor.py:766} INFO - DAG(s) dict_keys(['cp_webcheck_failed']) retrieved from /opt/airflow/dags/cp_webcheck_failed.py
[2022-11-20T19:12:08.924+0000] {logging_mixin.py:137} INFO - [2022-11-20T19:12:08.924+0000] {dag.py:2585} INFO - Sync 1 DAGs
[2022-11-20T19:12:08.957+0000] {logging_mixin.py:137} INFO - [2022-11-20T19:12:08.957+0000] {dag.py:3340} INFO - Setting next_dagrun for cp_webcheck_failed to 2022-11-20T00:00:00+00:00, run_after=2022-11-21T00:00:00+00:00
[2022-11-20T19:12:08.990+0000] {processor.py:176} INFO - Processing /opt/airflow/dags/cp_webcheck_failed.py took 0.186 seconds
[2022-11-20T20:26:13.086+0000] {processor.py:154} INFO - Started process (PID=40109) to work on /opt/airflow/dags/cp_webcheck_failed.py
[2022-11-20T20:26:13.092+0000] {processor.py:756} INFO - Processing file /opt/airflow/dags/cp_webcheck_failed.py for tasks to queue
[2022-11-20T20:26:13.110+0000] {logging_mixin.py:137} INFO - [2022-11-20T20:26:13.110+0000] {dagbag.py:537} INFO - Filling up the DagBag from /opt/airflow/dags/cp_webcheck_failed.py
[2022-11-20T20:26:13.139+0000] {processor.py:766} INFO - DAG(s) dict_keys(['cp_webcheck_failed']) retrieved from /opt/airflow/dags/cp_webcheck_failed.py
[2022-11-20T20:26:13.183+0000] {logging_mixin.py:137} INFO - [2022-11-20T20:26:13.183+0000] {dag.py:2585} INFO - Sync 1 DAGs
[2022-11-20T20:26:13.198+0000] {logging_mixin.py:137} INFO - [2022-11-20T20:26:13.198+0000] {dag.py:3340} INFO - Setting next_dagrun for cp_webcheck_failed to 2022-11-20T00:00:00+00:00, run_after=2022-11-21T00:00:00+00:00
[2022-11-20T20:26:13.210+0000] {processor.py:176} INFO - Processing /opt/airflow/dags/cp_webcheck_failed.py took 0.133 seconds
[2022-11-20T21:47:51.376+0000] {processor.py:154} INFO - Started process (PID=40131) to work on /opt/airflow/dags/cp_webcheck_failed.py
[2022-11-20T21:47:51.380+0000] {processor.py:756} INFO - Processing file /opt/airflow/dags/cp_webcheck_failed.py for tasks to queue
[2022-11-20T21:47:51.422+0000] {logging_mixin.py:137} INFO - [2022-11-20T21:47:51.421+0000] {dagbag.py:537} INFO - Filling up the DagBag from /opt/airflow/dags/cp_webcheck_failed.py
[2022-11-20T21:47:51.466+0000] {processor.py:766} INFO - DAG(s) dict_keys(['cp_webcheck_failed']) retrieved from /opt/airflow/dags/cp_webcheck_failed.py
[2022-11-20T21:47:51.549+0000] {logging_mixin.py:137} INFO - [2022-11-20T21:47:51.549+0000] {dag.py:2585} INFO - Sync 1 DAGs
[2022-11-20T21:47:51.580+0000] {logging_mixin.py:137} INFO - [2022-11-20T21:47:51.580+0000] {dag.py:3340} INFO - Setting next_dagrun for cp_webcheck_failed to 2022-11-20T00:00:00+00:00, run_after=2022-11-21T00:00:00+00:00
[2022-11-20T21:47:51.618+0000] {processor.py:176} INFO - Processing /opt/airflow/dags/cp_webcheck_failed.py took 0.247 seconds
[2022-11-20T23:24:36.825+0000] {processor.py:154} INFO - Started process (PID=40162) to work on /opt/airflow/dags/cp_webcheck_failed.py
[2022-11-20T23:24:36.829+0000] {processor.py:756} INFO - Processing file /opt/airflow/dags/cp_webcheck_failed.py for tasks to queue
[2022-11-20T23:24:36.831+0000] {logging_mixin.py:137} INFO - [2022-11-20T23:24:36.831+0000] {dagbag.py:537} INFO - Filling up the DagBag from /opt/airflow/dags/cp_webcheck_failed.py
[2022-11-20T23:24:36.857+0000] {processor.py:766} INFO - DAG(s) dict_keys(['cp_webcheck_failed']) retrieved from /opt/airflow/dags/cp_webcheck_failed.py
[2022-11-20T23:24:36.938+0000] {logging_mixin.py:137} INFO - [2022-11-20T23:24:36.938+0000] {dag.py:2585} INFO - Sync 1 DAGs
[2022-11-20T23:24:36.991+0000] {logging_mixin.py:137} INFO - [2022-11-20T23:24:36.990+0000] {dag.py:3340} INFO - Setting next_dagrun for cp_webcheck_failed to 2022-11-20T00:00:00+00:00, run_after=2022-11-21T00:00:00+00:00
[2022-11-20T23:24:37.017+0000] {processor.py:176} INFO - Processing /opt/airflow/dags/cp_webcheck_failed.py took 0.196 seconds
