[2022-11-20T01:04:12.821+0000] {processor.py:154} INFO - Started process (PID=39695) to work on /opt/airflow/dags/load_data_to_spark.py
[2022-11-20T01:04:12.835+0000] {processor.py:756} INFO - Processing file /opt/airflow/dags/load_data_to_spark.py for tasks to queue
[2022-11-20T01:04:12.851+0000] {logging_mixin.py:137} INFO - [2022-11-20T01:04:12.848+0000] {dagbag.py:537} INFO - Filling up the DagBag from /opt/airflow/dags/load_data_to_spark.py
[2022-11-20T01:04:12.993+0000] {processor.py:766} INFO - DAG(s) dict_keys(['spark_operator']) retrieved from /opt/airflow/dags/load_data_to_spark.py
[2022-11-20T01:04:13.459+0000] {logging_mixin.py:137} INFO - [2022-11-20T01:04:13.459+0000] {dag.py:2585} INFO - Sync 1 DAGs
[2022-11-20T01:04:13.576+0000] {logging_mixin.py:137} INFO - [2022-11-20T01:04:13.576+0000] {dag.py:3340} INFO - Setting next_dagrun for spark_operator to 2022-11-20T00:00:00+00:00, run_after=2022-11-21T00:00:00+00:00
[2022-11-20T01:04:13.650+0000] {processor.py:176} INFO - Processing /opt/airflow/dags/load_data_to_spark.py took 0.849 seconds
[2022-11-20T02:40:29.082+0000] {processor.py:154} INFO - Started process (PID=39720) to work on /opt/airflow/dags/load_data_to_spark.py
[2022-11-20T02:40:29.086+0000] {processor.py:756} INFO - Processing file /opt/airflow/dags/load_data_to_spark.py for tasks to queue
[2022-11-20T02:40:29.088+0000] {logging_mixin.py:137} INFO - [2022-11-20T02:40:29.088+0000] {dagbag.py:537} INFO - Filling up the DagBag from /opt/airflow/dags/load_data_to_spark.py
[2022-11-20T02:40:29.122+0000] {processor.py:766} INFO - DAG(s) dict_keys(['spark_operator']) retrieved from /opt/airflow/dags/load_data_to_spark.py
[2022-11-20T02:40:29.210+0000] {logging_mixin.py:137} INFO - [2022-11-20T02:40:29.210+0000] {dag.py:2585} INFO - Sync 1 DAGs
[2022-11-20T02:40:29.256+0000] {logging_mixin.py:137} INFO - [2022-11-20T02:40:29.256+0000] {dag.py:3340} INFO - Setting next_dagrun for spark_operator to 2022-11-20T00:00:00+00:00, run_after=2022-11-21T00:00:00+00:00
[2022-11-20T02:40:29.295+0000] {processor.py:176} INFO - Processing /opt/airflow/dags/load_data_to_spark.py took 0.221 seconds
[2022-11-20T04:05:24.720+0000] {processor.py:154} INFO - Started process (PID=39751) to work on /opt/airflow/dags/load_data_to_spark.py
[2022-11-20T04:05:24.727+0000] {processor.py:756} INFO - Processing file /opt/airflow/dags/load_data_to_spark.py for tasks to queue
[2022-11-20T04:05:24.729+0000] {logging_mixin.py:137} INFO - [2022-11-20T04:05:24.729+0000] {dagbag.py:537} INFO - Filling up the DagBag from /opt/airflow/dags/load_data_to_spark.py
[2022-11-20T04:05:24.786+0000] {processor.py:766} INFO - DAG(s) dict_keys(['spark_operator']) retrieved from /opt/airflow/dags/load_data_to_spark.py
[2022-11-20T04:05:24.855+0000] {logging_mixin.py:137} INFO - [2022-11-20T04:05:24.855+0000] {dag.py:2585} INFO - Sync 1 DAGs
[2022-11-20T04:05:24.896+0000] {logging_mixin.py:137} INFO - [2022-11-20T04:05:24.896+0000] {dag.py:3340} INFO - Setting next_dagrun for spark_operator to 2022-11-20T00:00:00+00:00, run_after=2022-11-21T00:00:00+00:00
[2022-11-20T04:05:24.922+0000] {processor.py:176} INFO - Processing /opt/airflow/dags/load_data_to_spark.py took 0.220 seconds
[2022-11-20T05:42:42.495+0000] {processor.py:154} INFO - Started process (PID=39780) to work on /opt/airflow/dags/load_data_to_spark.py
[2022-11-20T05:42:42.501+0000] {processor.py:756} INFO - Processing file /opt/airflow/dags/load_data_to_spark.py for tasks to queue
[2022-11-20T05:42:42.507+0000] {logging_mixin.py:137} INFO - [2022-11-20T05:42:42.507+0000] {dagbag.py:537} INFO - Filling up the DagBag from /opt/airflow/dags/load_data_to_spark.py
[2022-11-20T05:42:42.549+0000] {processor.py:766} INFO - DAG(s) dict_keys(['spark_operator']) retrieved from /opt/airflow/dags/load_data_to_spark.py
[2022-11-20T05:42:42.586+0000] {logging_mixin.py:137} INFO - [2022-11-20T05:42:42.586+0000] {dag.py:2585} INFO - Sync 1 DAGs
[2022-11-20T05:42:42.605+0000] {logging_mixin.py:137} INFO - [2022-11-20T05:42:42.605+0000] {dag.py:3340} INFO - Setting next_dagrun for spark_operator to 2022-11-20T00:00:00+00:00, run_after=2022-11-21T00:00:00+00:00
[2022-11-20T05:42:42.623+0000] {processor.py:176} INFO - Processing /opt/airflow/dags/load_data_to_spark.py took 0.131 seconds
[2022-11-20T07:06:57.160+0000] {processor.py:154} INFO - Started process (PID=39805) to work on /opt/airflow/dags/load_data_to_spark.py
[2022-11-20T07:06:57.163+0000] {processor.py:756} INFO - Processing file /opt/airflow/dags/load_data_to_spark.py for tasks to queue
[2022-11-20T07:06:57.164+0000] {logging_mixin.py:137} INFO - [2022-11-20T07:06:57.164+0000] {dagbag.py:537} INFO - Filling up the DagBag from /opt/airflow/dags/load_data_to_spark.py
[2022-11-20T07:06:57.201+0000] {processor.py:766} INFO - DAG(s) dict_keys(['spark_operator']) retrieved from /opt/airflow/dags/load_data_to_spark.py
[2022-11-20T07:06:57.271+0000] {logging_mixin.py:137} INFO - [2022-11-20T07:06:57.271+0000] {dag.py:2585} INFO - Sync 1 DAGs
[2022-11-20T07:06:57.301+0000] {logging_mixin.py:137} INFO - [2022-11-20T07:06:57.301+0000] {dag.py:3340} INFO - Setting next_dagrun for spark_operator to 2022-11-20T00:00:00+00:00, run_after=2022-11-21T00:00:00+00:00
[2022-11-20T07:06:57.322+0000] {processor.py:176} INFO - Processing /opt/airflow/dags/load_data_to_spark.py took 0.167 seconds
[2022-11-20T08:42:30.578+0000] {processor.py:154} INFO - Started process (PID=39837) to work on /opt/airflow/dags/load_data_to_spark.py
[2022-11-20T08:42:30.580+0000] {processor.py:756} INFO - Processing file /opt/airflow/dags/load_data_to_spark.py for tasks to queue
[2022-11-20T08:42:30.585+0000] {logging_mixin.py:137} INFO - [2022-11-20T08:42:30.585+0000] {dagbag.py:537} INFO - Filling up the DagBag from /opt/airflow/dags/load_data_to_spark.py
[2022-11-20T08:42:30.629+0000] {processor.py:766} INFO - DAG(s) dict_keys(['spark_operator']) retrieved from /opt/airflow/dags/load_data_to_spark.py
[2022-11-20T08:42:30.709+0000] {logging_mixin.py:137} INFO - [2022-11-20T08:42:30.708+0000] {dag.py:2585} INFO - Sync 1 DAGs
[2022-11-20T08:42:30.784+0000] {logging_mixin.py:137} INFO - [2022-11-20T08:42:30.784+0000] {dag.py:3340} INFO - Setting next_dagrun for spark_operator to 2022-11-20T00:00:00+00:00, run_after=2022-11-21T00:00:00+00:00
[2022-11-20T08:42:30.837+0000] {processor.py:176} INFO - Processing /opt/airflow/dags/load_data_to_spark.py took 0.263 seconds
[2022-11-20T10:02:34.058+0000] {processor.py:154} INFO - Started process (PID=39870) to work on /opt/airflow/dags/load_data_to_spark.py
[2022-11-20T10:02:34.061+0000] {processor.py:756} INFO - Processing file /opt/airflow/dags/load_data_to_spark.py for tasks to queue
[2022-11-20T10:02:34.063+0000] {logging_mixin.py:137} INFO - [2022-11-20T10:02:34.062+0000] {dagbag.py:537} INFO - Filling up the DagBag from /opt/airflow/dags/load_data_to_spark.py
[2022-11-20T10:02:34.109+0000] {processor.py:766} INFO - DAG(s) dict_keys(['spark_operator']) retrieved from /opt/airflow/dags/load_data_to_spark.py
[2022-11-20T10:02:34.203+0000] {logging_mixin.py:137} INFO - [2022-11-20T10:02:34.203+0000] {dag.py:2585} INFO - Sync 1 DAGs
[2022-11-20T10:02:34.275+0000] {logging_mixin.py:137} INFO - [2022-11-20T10:02:34.264+0000] {dag.py:3340} INFO - Setting next_dagrun for spark_operator to 2022-11-20T00:00:00+00:00, run_after=2022-11-21T00:00:00+00:00
[2022-11-20T10:02:34.302+0000] {processor.py:176} INFO - Processing /opt/airflow/dags/load_data_to_spark.py took 0.255 seconds
[2022-11-20T11:23:32.514+0000] {processor.py:154} INFO - Started process (PID=39900) to work on /opt/airflow/dags/load_data_to_spark.py
[2022-11-20T11:23:32.515+0000] {processor.py:756} INFO - Processing file /opt/airflow/dags/load_data_to_spark.py for tasks to queue
[2022-11-20T11:23:32.517+0000] {logging_mixin.py:137} INFO - [2022-11-20T11:23:32.516+0000] {dagbag.py:537} INFO - Filling up the DagBag from /opt/airflow/dags/load_data_to_spark.py
[2022-11-20T11:23:32.542+0000] {processor.py:766} INFO - DAG(s) dict_keys(['spark_operator']) retrieved from /opt/airflow/dags/load_data_to_spark.py
[2022-11-20T11:23:32.583+0000] {logging_mixin.py:137} INFO - [2022-11-20T11:23:32.583+0000] {dag.py:2585} INFO - Sync 1 DAGs
[2022-11-20T11:23:32.609+0000] {logging_mixin.py:137} INFO - [2022-11-20T11:23:32.608+0000] {dag.py:3340} INFO - Setting next_dagrun for spark_operator to 2022-11-20T00:00:00+00:00, run_after=2022-11-21T00:00:00+00:00
[2022-11-20T11:23:32.628+0000] {processor.py:176} INFO - Processing /opt/airflow/dags/load_data_to_spark.py took 0.117 seconds
[2022-11-20T13:01:04.832+0000] {processor.py:154} INFO - Started process (PID=39924) to work on /opt/airflow/dags/load_data_to_spark.py
[2022-11-20T13:01:04.834+0000] {processor.py:756} INFO - Processing file /opt/airflow/dags/load_data_to_spark.py for tasks to queue
[2022-11-20T13:01:04.836+0000] {logging_mixin.py:137} INFO - [2022-11-20T13:01:04.836+0000] {dagbag.py:537} INFO - Filling up the DagBag from /opt/airflow/dags/load_data_to_spark.py
[2022-11-20T13:01:04.873+0000] {processor.py:766} INFO - DAG(s) dict_keys(['spark_operator']) retrieved from /opt/airflow/dags/load_data_to_spark.py
[2022-11-20T13:01:04.936+0000] {logging_mixin.py:137} INFO - [2022-11-20T13:01:04.936+0000] {dag.py:2585} INFO - Sync 1 DAGs
[2022-11-20T13:01:04.964+0000] {logging_mixin.py:137} INFO - [2022-11-20T13:01:04.964+0000] {dag.py:3340} INFO - Setting next_dagrun for spark_operator to 2022-11-20T00:00:00+00:00, run_after=2022-11-21T00:00:00+00:00
[2022-11-20T13:01:04.992+0000] {processor.py:176} INFO - Processing /opt/airflow/dags/load_data_to_spark.py took 0.166 seconds
[2022-11-20T14:25:07.919+0000] {processor.py:154} INFO - Started process (PID=39956) to work on /opt/airflow/dags/load_data_to_spark.py
[2022-11-20T14:25:07.921+0000] {processor.py:756} INFO - Processing file /opt/airflow/dags/load_data_to_spark.py for tasks to queue
[2022-11-20T14:25:07.922+0000] {logging_mixin.py:137} INFO - [2022-11-20T14:25:07.922+0000] {dagbag.py:537} INFO - Filling up the DagBag from /opt/airflow/dags/load_data_to_spark.py
[2022-11-20T14:25:07.958+0000] {processor.py:766} INFO - DAG(s) dict_keys(['spark_operator']) retrieved from /opt/airflow/dags/load_data_to_spark.py
[2022-11-20T14:25:08.005+0000] {logging_mixin.py:137} INFO - [2022-11-20T14:25:08.005+0000] {dag.py:2585} INFO - Sync 1 DAGs
[2022-11-20T14:25:08.022+0000] {logging_mixin.py:137} INFO - [2022-11-20T14:25:08.022+0000] {dag.py:3340} INFO - Setting next_dagrun for spark_operator to 2022-11-20T00:00:00+00:00, run_after=2022-11-21T00:00:00+00:00
[2022-11-20T14:25:08.041+0000] {processor.py:176} INFO - Processing /opt/airflow/dags/load_data_to_spark.py took 0.126 seconds
[2022-11-20T16:06:20.781+0000] {processor.py:154} INFO - Started process (PID=39988) to work on /opt/airflow/dags/load_data_to_spark.py
[2022-11-20T16:06:20.787+0000] {processor.py:756} INFO - Processing file /opt/airflow/dags/load_data_to_spark.py for tasks to queue
[2022-11-20T16:06:20.788+0000] {logging_mixin.py:137} INFO - [2022-11-20T16:06:20.788+0000] {dagbag.py:537} INFO - Filling up the DagBag from /opt/airflow/dags/load_data_to_spark.py
[2022-11-20T16:06:20.830+0000] {processor.py:766} INFO - DAG(s) dict_keys(['spark_operator']) retrieved from /opt/airflow/dags/load_data_to_spark.py
[2022-11-20T16:06:20.910+0000] {logging_mixin.py:137} INFO - [2022-11-20T16:06:20.910+0000] {dag.py:2585} INFO - Sync 1 DAGs
[2022-11-20T16:06:20.945+0000] {logging_mixin.py:137} INFO - [2022-11-20T16:06:20.945+0000] {dag.py:3340} INFO - Setting next_dagrun for spark_operator to 2022-11-20T00:00:00+00:00, run_after=2022-11-21T00:00:00+00:00
[2022-11-20T16:06:20.971+0000] {processor.py:176} INFO - Processing /opt/airflow/dags/load_data_to_spark.py took 0.204 seconds
[2022-11-20T17:24:48.788+0000] {processor.py:154} INFO - Started process (PID=40020) to work on /opt/airflow/dags/load_data_to_spark.py
[2022-11-20T17:24:48.791+0000] {processor.py:756} INFO - Processing file /opt/airflow/dags/load_data_to_spark.py for tasks to queue
[2022-11-20T17:24:48.793+0000] {logging_mixin.py:137} INFO - [2022-11-20T17:24:48.793+0000] {dagbag.py:537} INFO - Filling up the DagBag from /opt/airflow/dags/load_data_to_spark.py
[2022-11-20T17:24:48.856+0000] {processor.py:766} INFO - DAG(s) dict_keys(['spark_operator']) retrieved from /opt/airflow/dags/load_data_to_spark.py
[2022-11-20T17:24:49.011+0000] {logging_mixin.py:137} INFO - [2022-11-20T17:24:49.010+0000] {dag.py:2585} INFO - Sync 1 DAGs
[2022-11-20T17:24:49.073+0000] {logging_mixin.py:137} INFO - [2022-11-20T17:24:49.073+0000] {dag.py:3340} INFO - Setting next_dagrun for spark_operator to 2022-11-20T00:00:00+00:00, run_after=2022-11-21T00:00:00+00:00
[2022-11-20T17:24:49.115+0000] {processor.py:176} INFO - Processing /opt/airflow/dags/load_data_to_spark.py took 0.344 seconds
[2022-11-20T17:51:29.420+0000] {processor.py:154} INFO - Started process (PID=40042) to work on /opt/airflow/dags/load_data_to_spark.py
[2022-11-20T17:51:29.424+0000] {processor.py:756} INFO - Processing file /opt/airflow/dags/load_data_to_spark.py for tasks to queue
[2022-11-20T17:51:29.426+0000] {logging_mixin.py:137} INFO - [2022-11-20T17:51:29.426+0000] {dagbag.py:537} INFO - Filling up the DagBag from /opt/airflow/dags/load_data_to_spark.py
[2022-11-20T17:51:29.480+0000] {processor.py:766} INFO - DAG(s) dict_keys(['spark_operator']) retrieved from /opt/airflow/dags/load_data_to_spark.py
[2022-11-20T17:51:29.561+0000] {logging_mixin.py:137} INFO - [2022-11-20T17:51:29.561+0000] {dag.py:2585} INFO - Sync 1 DAGs
[2022-11-20T17:51:29.600+0000] {logging_mixin.py:137} INFO - [2022-11-20T17:51:29.600+0000] {dag.py:3340} INFO - Setting next_dagrun for spark_operator to 2022-11-20T00:00:00+00:00, run_after=2022-11-21T00:00:00+00:00
[2022-11-20T17:51:29.669+0000] {processor.py:176} INFO - Processing /opt/airflow/dags/load_data_to_spark.py took 0.253 seconds
[2022-11-20T19:12:08.293+0000] {processor.py:154} INFO - Started process (PID=40076) to work on /opt/airflow/dags/load_data_to_spark.py
[2022-11-20T19:12:08.294+0000] {processor.py:756} INFO - Processing file /opt/airflow/dags/load_data_to_spark.py for tasks to queue
[2022-11-20T19:12:08.295+0000] {logging_mixin.py:137} INFO - [2022-11-20T19:12:08.295+0000] {dagbag.py:537} INFO - Filling up the DagBag from /opt/airflow/dags/load_data_to_spark.py
[2022-11-20T19:12:08.316+0000] {processor.py:766} INFO - DAG(s) dict_keys(['spark_operator']) retrieved from /opt/airflow/dags/load_data_to_spark.py
[2022-11-20T19:12:08.347+0000] {logging_mixin.py:137} INFO - [2022-11-20T19:12:08.347+0000] {dag.py:2585} INFO - Sync 1 DAGs
[2022-11-20T19:12:08.367+0000] {logging_mixin.py:137} INFO - [2022-11-20T19:12:08.367+0000] {dag.py:3340} INFO - Setting next_dagrun for spark_operator to 2022-11-20T00:00:00+00:00, run_after=2022-11-21T00:00:00+00:00
[2022-11-20T19:12:08.379+0000] {processor.py:176} INFO - Processing /opt/airflow/dags/load_data_to_spark.py took 0.090 seconds
[2022-11-20T20:26:12.875+0000] {processor.py:154} INFO - Started process (PID=40107) to work on /opt/airflow/dags/load_data_to_spark.py
[2022-11-20T20:26:12.878+0000] {processor.py:756} INFO - Processing file /opt/airflow/dags/load_data_to_spark.py for tasks to queue
[2022-11-20T20:26:12.879+0000] {logging_mixin.py:137} INFO - [2022-11-20T20:26:12.879+0000] {dagbag.py:537} INFO - Filling up the DagBag from /opt/airflow/dags/load_data_to_spark.py
[2022-11-20T20:26:12.913+0000] {processor.py:766} INFO - DAG(s) dict_keys(['spark_operator']) retrieved from /opt/airflow/dags/load_data_to_spark.py
[2022-11-20T20:26:12.976+0000] {logging_mixin.py:137} INFO - [2022-11-20T20:26:12.975+0000] {dag.py:2585} INFO - Sync 1 DAGs
[2022-11-20T20:26:13.011+0000] {logging_mixin.py:137} INFO - [2022-11-20T20:26:13.011+0000] {dag.py:3340} INFO - Setting next_dagrun for spark_operator to 2022-11-20T00:00:00+00:00, run_after=2022-11-21T00:00:00+00:00
[2022-11-20T20:26:13.035+0000] {processor.py:176} INFO - Processing /opt/airflow/dags/load_data_to_spark.py took 0.163 seconds
[2022-11-20T21:47:51.088+0000] {processor.py:154} INFO - Started process (PID=40129) to work on /opt/airflow/dags/load_data_to_spark.py
[2022-11-20T21:47:51.091+0000] {processor.py:756} INFO - Processing file /opt/airflow/dags/load_data_to_spark.py for tasks to queue
[2022-11-20T21:47:51.093+0000] {logging_mixin.py:137} INFO - [2022-11-20T21:47:51.093+0000] {dagbag.py:537} INFO - Filling up the DagBag from /opt/airflow/dags/load_data_to_spark.py
[2022-11-20T21:47:51.154+0000] {processor.py:766} INFO - DAG(s) dict_keys(['spark_operator']) retrieved from /opt/airflow/dags/load_data_to_spark.py
[2022-11-20T21:47:51.227+0000] {logging_mixin.py:137} INFO - [2022-11-20T21:47:51.226+0000] {dag.py:2585} INFO - Sync 1 DAGs
[2022-11-20T21:47:51.259+0000] {logging_mixin.py:137} INFO - [2022-11-20T21:47:51.259+0000] {dag.py:3340} INFO - Setting next_dagrun for spark_operator to 2022-11-20T00:00:00+00:00, run_after=2022-11-21T00:00:00+00:00
[2022-11-20T21:47:51.291+0000] {processor.py:176} INFO - Processing /opt/airflow/dags/load_data_to_spark.py took 0.208 seconds
[2022-11-20T23:24:36.521+0000] {processor.py:154} INFO - Started process (PID=40160) to work on /opt/airflow/dags/load_data_to_spark.py
[2022-11-20T23:24:36.529+0000] {processor.py:756} INFO - Processing file /opt/airflow/dags/load_data_to_spark.py for tasks to queue
[2022-11-20T23:24:36.535+0000] {logging_mixin.py:137} INFO - [2022-11-20T23:24:36.535+0000] {dagbag.py:537} INFO - Filling up the DagBag from /opt/airflow/dags/load_data_to_spark.py
[2022-11-20T23:24:36.606+0000] {processor.py:766} INFO - DAG(s) dict_keys(['spark_operator']) retrieved from /opt/airflow/dags/load_data_to_spark.py
[2022-11-20T23:24:36.685+0000] {logging_mixin.py:137} INFO - [2022-11-20T23:24:36.685+0000] {dag.py:2585} INFO - Sync 1 DAGs
[2022-11-20T23:24:36.719+0000] {logging_mixin.py:137} INFO - [2022-11-20T23:24:36.719+0000] {dag.py:3340} INFO - Setting next_dagrun for spark_operator to 2022-11-20T00:00:00+00:00, run_after=2022-11-21T00:00:00+00:00
[2022-11-20T23:24:36.762+0000] {processor.py:176} INFO - Processing /opt/airflow/dags/load_data_to_spark.py took 0.246 seconds
