[2022-12-05T10:37:12.979+0000] {taskinstance.py:1165} INFO - Dependencies all met for <TaskInstance: traffy_fondue_data_analyst.extract_data manual__2022-12-05T10:37:09.154332+00:00 [queued]>
[2022-12-05T10:37:12.985+0000] {taskinstance.py:1165} INFO - Dependencies all met for <TaskInstance: traffy_fondue_data_analyst.extract_data manual__2022-12-05T10:37:09.154332+00:00 [queued]>
[2022-12-05T10:37:12.986+0000] {taskinstance.py:1362} INFO - 
--------------------------------------------------------------------------------
[2022-12-05T10:37:12.987+0000] {taskinstance.py:1363} INFO - Starting attempt 1 of 1
[2022-12-05T10:37:12.987+0000] {taskinstance.py:1364} INFO - 
--------------------------------------------------------------------------------
[2022-12-05T10:37:12.994+0000] {taskinstance.py:1383} INFO - Executing <Task(PythonOperator): extract_data> on 2022-12-05 10:37:09.154332+00:00
[2022-12-05T10:37:13.002+0000] {standard_task_runner.py:55} INFO - Started process 1149 to run task
[2022-12-05T10:37:13.005+0000] {standard_task_runner.py:82} INFO - Running: ['***', 'tasks', 'run', 'traffy_fondue_data_analyst', 'extract_data', 'manual__2022-12-05T10:37:09.154332+00:00', '--job-id', '167', '--raw', '--subdir', 'DAGS_FOLDER/data_tools_final_oprator.py', '--cfg-path', '/tmp/tmp5tlocjfv']
[2022-12-05T10:37:13.007+0000] {standard_task_runner.py:83} INFO - Job 167: Subtask extract_data
[2022-12-05T10:37:13.052+0000] {task_command.py:376} INFO - Running <TaskInstance: traffy_fondue_data_analyst.extract_data manual__2022-12-05T10:37:09.154332+00:00 [running]> on host 804f865bf5b9
[2022-12-05T10:37:13.091+0000] {taskinstance.py:1592} INFO - Exporting the following env vars:
AIRFLOW_CTX_DAG_OWNER=***
AIRFLOW_CTX_DAG_ID=traffy_fondue_data_analyst
AIRFLOW_CTX_TASK_ID=extract_data
AIRFLOW_CTX_EXECUTION_DATE=2022-12-05T10:37:09.154332+00:00
AIRFLOW_CTX_TRY_NUMBER=1
AIRFLOW_CTX_DAG_RUN_ID=manual__2022-12-05T10:37:09.154332+00:00
[2022-12-05T10:37:13.470+0000] {logging_mixin.py:137} INFO - start extract data
[2022-12-05T10:37:21.588+0000] {logging_mixin.py:137} INFO - start call api data
[2022-12-05T10:37:29.992+0000] {logging_mixin.py:137} INFO - start call api data
[2022-12-05T10:37:37.848+0000] {logging_mixin.py:137} INFO - start call api data
[2022-12-05T10:37:45.667+0000] {logging_mixin.py:137} INFO - start call api data
[2022-12-05T10:37:53.618+0000] {logging_mixin.py:137} INFO - start call api data
[2022-12-05T10:38:01.310+0000] {logging_mixin.py:137} INFO - start call api data
[2022-12-05T10:38:09.426+0000] {logging_mixin.py:137} INFO - start call api data
[2022-12-05T10:38:17.246+0000] {logging_mixin.py:137} INFO - start call api data
[2022-12-05T10:38:25.564+0000] {logging_mixin.py:137} INFO - start call api data
[2022-12-05T10:38:39.643+0000] {logging_mixin.py:137} INFO - start call api data
[2022-12-05T10:38:47.844+0000] {logging_mixin.py:137} INFO - start call api data
[2022-12-05T10:38:48.814+0000] {python.py:177} INFO - Done. Returned value was: None
[2022-12-05T10:38:48.822+0000] {taskinstance.py:1406} INFO - Marking task as SUCCESS. dag_id=traffy_fondue_data_analyst, task_id=extract_data, execution_date=20221205T103709, start_date=20221205T103712, end_date=20221205T103848
[2022-12-05T10:38:48.847+0000] {local_task_job.py:159} INFO - Task exited with return code 0
[2022-12-05T10:38:48.862+0000] {taskinstance.py:2623} INFO - 1 downstream tasks scheduled from follow-on schedule check
