[2022-12-05T08:22:34.123+0000] {taskinstance.py:1165} INFO - Dependencies all met for <TaskInstance: traffy_fondue_data_analyst.extract_data manual__2022-12-05T08:22:31.023803+00:00 [queued]>
[2022-12-05T08:22:34.129+0000] {taskinstance.py:1165} INFO - Dependencies all met for <TaskInstance: traffy_fondue_data_analyst.extract_data manual__2022-12-05T08:22:31.023803+00:00 [queued]>
[2022-12-05T08:22:34.130+0000] {taskinstance.py:1362} INFO - 
--------------------------------------------------------------------------------
[2022-12-05T08:22:34.131+0000] {taskinstance.py:1363} INFO - Starting attempt 1 of 1
[2022-12-05T08:22:34.132+0000] {taskinstance.py:1364} INFO - 
--------------------------------------------------------------------------------
[2022-12-05T08:22:34.139+0000] {taskinstance.py:1383} INFO - Executing <Task(PythonOperator): extract_data> on 2022-12-05 08:22:31.023803+00:00
[2022-12-05T08:22:34.148+0000] {standard_task_runner.py:55} INFO - Started process 3031 to run task
[2022-12-05T08:22:34.151+0000] {standard_task_runner.py:82} INFO - Running: ['***', 'tasks', 'run', 'traffy_fondue_data_analyst', 'extract_data', 'manual__2022-12-05T08:22:31.023803+00:00', '--job-id', '164', '--raw', '--subdir', 'DAGS_FOLDER/data_tools_final_oprator.py', '--cfg-path', '/tmp/tmpoqqqowll']
[2022-12-05T08:22:34.154+0000] {standard_task_runner.py:83} INFO - Job 164: Subtask extract_data
[2022-12-05T08:22:34.196+0000] {task_command.py:376} INFO - Running <TaskInstance: traffy_fondue_data_analyst.extract_data manual__2022-12-05T08:22:31.023803+00:00 [running]> on host 0bd7e010c569
[2022-12-05T08:22:34.238+0000] {taskinstance.py:1592} INFO - Exporting the following env vars:
AIRFLOW_CTX_DAG_OWNER=***
AIRFLOW_CTX_DAG_ID=traffy_fondue_data_analyst
AIRFLOW_CTX_TASK_ID=extract_data
AIRFLOW_CTX_EXECUTION_DATE=2022-12-05T08:22:31.023803+00:00
AIRFLOW_CTX_TRY_NUMBER=1
AIRFLOW_CTX_DAG_RUN_ID=manual__2022-12-05T08:22:31.023803+00:00
[2022-12-05T08:22:34.733+0000] {logging_mixin.py:137} INFO - start extract data
[2022-12-05T08:22:35.497+0000] {logging_mixin.py:137} INFO - start call api data
[2022-12-05T08:22:36.152+0000] {logging_mixin.py:137} INFO - start call api data
[2022-12-05T08:22:36.676+0000] {logging_mixin.py:137} INFO - start call api data
[2022-12-05T08:22:37.222+0000] {logging_mixin.py:137} INFO - start call api data
[2022-12-05T08:22:37.738+0000] {logging_mixin.py:137} INFO - start call api data
[2022-12-05T08:22:38.333+0000] {logging_mixin.py:137} INFO - start call api data
[2022-12-05T08:22:39.285+0000] {logging_mixin.py:137} INFO - start call api data
[2022-12-05T08:22:39.893+0000] {logging_mixin.py:137} INFO - start call api data
[2022-12-05T08:22:40.393+0000] {logging_mixin.py:137} INFO - start call api data
[2022-12-05T08:22:40.920+0000] {logging_mixin.py:137} INFO - start call api data
[2022-12-05T08:22:41.530+0000] {logging_mixin.py:137} INFO - start call api data
[2022-12-05T08:22:42.509+0000] {python.py:177} INFO - Done. Returned value was: None
[2022-12-05T08:22:42.517+0000] {taskinstance.py:1406} INFO - Marking task as SUCCESS. dag_id=traffy_fondue_data_analyst, task_id=extract_data, execution_date=20221205T082231, start_date=20221205T082234, end_date=20221205T082242
[2022-12-05T08:22:42.564+0000] {local_task_job.py:159} INFO - Task exited with return code 0
[2022-12-05T08:22:42.577+0000] {taskinstance.py:2623} INFO - 1 downstream tasks scheduled from follow-on schedule check
