[2022-12-05T07:46:31.361+0000] {taskinstance.py:1165} INFO - Dependencies all met for <TaskInstance: traffy_fondue_data_analyst.model_processing manual__2022-12-05T07:46:14.534241+00:00 [queued]>
[2022-12-05T07:46:31.367+0000] {taskinstance.py:1165} INFO - Dependencies all met for <TaskInstance: traffy_fondue_data_analyst.model_processing manual__2022-12-05T07:46:14.534241+00:00 [queued]>
[2022-12-05T07:46:31.368+0000] {taskinstance.py:1362} INFO - 
--------------------------------------------------------------------------------
[2022-12-05T07:46:31.368+0000] {taskinstance.py:1363} INFO - Starting attempt 1 of 1
[2022-12-05T07:46:31.369+0000] {taskinstance.py:1364} INFO - 
--------------------------------------------------------------------------------
[2022-12-05T07:46:31.376+0000] {taskinstance.py:1383} INFO - Executing <Task(PythonOperator): model_processing> on 2022-12-05 07:46:14.534241+00:00
[2022-12-05T07:46:31.384+0000] {standard_task_runner.py:55} INFO - Started process 1186 to run task
[2022-12-05T07:46:31.387+0000] {standard_task_runner.py:82} INFO - Running: ['***', 'tasks', 'run', 'traffy_fondue_data_analyst', 'model_processing', 'manual__2022-12-05T07:46:14.534241+00:00', '--job-id', '157', '--raw', '--subdir', 'DAGS_FOLDER/data_tools_final._oprator.py', '--cfg-path', '/tmp/tmpv_ci_mlo']
[2022-12-05T07:46:31.388+0000] {standard_task_runner.py:83} INFO - Job 157: Subtask model_processing
[2022-12-05T07:46:31.428+0000] {task_command.py:376} INFO - Running <TaskInstance: traffy_fondue_data_analyst.model_processing manual__2022-12-05T07:46:14.534241+00:00 [running]> on host 0bd7e010c569
[2022-12-05T07:46:31.467+0000] {taskinstance.py:1592} INFO - Exporting the following env vars:
AIRFLOW_CTX_DAG_OWNER=***
AIRFLOW_CTX_DAG_ID=traffy_fondue_data_analyst
AIRFLOW_CTX_TASK_ID=model_processing
AIRFLOW_CTX_EXECUTION_DATE=2022-12-05T07:46:14.534241+00:00
AIRFLOW_CTX_TRY_NUMBER=1
AIRFLOW_CTX_DAG_RUN_ID=manual__2022-12-05T07:46:14.534241+00:00
[2022-12-05T07:46:33.192+0000] {warnings.py:110} WARNING - /home/***/.local/lib/python3.7/site-packages/sklearn/model_selection/_split.py:680: UserWarning: The least populated class in y has only 1 members, which is less than n_splits=5.
  UserWarning,

[2022-12-05T07:46:38.615+0000] {logging_mixin.py:137} INFO -  LogisticRegression(random_state=2022) 
[2022-12-05T07:46:38.616+0000] {logging_mixin.py:137} INFO - Train Accuracy Rate           = 0.9878
[2022-12-05T07:46:38.617+0000] {logging_mixin.py:137} INFO - Validataion Accuracy Rate    = 0.671
[2022-12-05T07:46:38.618+0000] {logging_mixin.py:137} INFO - Test Accuracy Rate      = 0.6868
[2022-12-05T07:46:38.620+0000] {logging_mixin.py:137} INFO - ['ความสะอาด' 'ทางเท้า' 'ถนน' 'ถนน' 'ถนน' 'สายไฟ' 'ความปลอดภัย' 'ถนน'
 'ทางเท้า' 'ความสะอาด' 'ถนน' 'ความสะอาด' 'ความสะอาด' 'ความสะอาด'
 'ท่อระบายน้ำ' 'ความสะอาด' 'น้ำท่วม' 'ความสะอาด' 'ความสะอาด' 'ความสะอาด'
 'ความสะอาด' 'ป้าย' 'ความสะอาด' 'สายไฟ' 'ท่อระบายน้ำ' 'จราจร'
 'ท่อระบายน้ำ' 'ความสะอาด' 'สัตว์จรจัด' 'ต้นไม้' 'ความสะอาด' 'ป้าย'
 'ท่อระบายน้ำ' 'ทางเท้า' 'ทางเท้า' 'ความสะอาด' 'ความสะอาด' 'ถนน'
 'ความสะอาด' 'ถนน' 'แสงสว่าง' 'ทางเท้า' 'ทางเท้า' 'จราจร' 'เสียงรบกวน'
 'ท่อระบายน้ำ' 'ทางเท้า' 'ทางเท้า' 'ต้นไม้' 'ความสะอาด' 'ทางเท้า' 'ป้าย'
 'ถนน' 'กีดขวาง' 'ถนน' 'ความสะอาด' 'ถนน' 'ป้าย' 'ทางเท้า' 'น้ำท่วม' 'ถนน'
 'ต้นไม้' 'ป้าย' 'ถนน' 'ความสะอาด' 'เสียงรบกวน' 'ป้าย' 'สายไฟ' 'ความสะอาด'
 'ความสะอาด' 'ความสะอาด' 'ทางเท้า' 'เสียงรบกวน' 'ป้าย' 'ความสะอาด'
 'ความสะอาด' 'ต้นไม้' 'ทางเท้า' 'ความสะอาด' 'เสียงรบกวน' 'ความสะอาด'
 'ป้าย' 'ต้นไม้' 'ต้นไม้' 'ความปลอดภัย' 'ความสะอาด' 'ความปลอดภัย' 'ถนน'
 'ทางเท้า' 'ถนน' 'ทางเท้า' 'เสียงรบกวน' 'ความสะอาด' 'ทางเท้า' 'ความสะอาด'
 'ความสะอาด' 'ป้าย' 'ความสะอาด' 'ความสะอาด' 'ป้าย' 'เสียงรบกวน' 'ถนน'
 'ถนน' 'ถนน' 'ความสะอาด' 'กีดขวาง' 'ความสะอาด' 'ถนน' 'ความสะอาด'
 'แสงสว่าง' 'ความสะอาด' 'ท่อระบายน้ำ' 'ความสะอาด' 'ทางเท้า' 'ความสะอาด'
 'ทางเท้า' 'กีดขวาง' 'ป้าย' 'ถนน' 'ต้นไม้' 'ความสะอาด' 'ความสะอาด' 'ถนน'
 'ต้นไม้' 'ความสะอาด' 'ถนน' 'ถนน' 'ถนน' 'ท่อระบายน้ำ' 'ถนน' 'ท่อระบายน้ำ'
 'ต้นไม้' 'ท่อระบายน้ำ' 'ความสะอาด' 'ความสะอาด' 'แสงสว่าง' 'ถนน' 'ถนน'
 'ทางเท้า' 'ความสะอาด' 'ความสะอาด' 'ความสะอาด' 'ถนน' 'ความสะอาด'
 'ความสะอาด' 'ความสะอาด' 'ท่อระบายน้ำ' 'กีดขวาง' 'เสียงรบกวน' 'น้ำท่วม'
 'ป้าย' 'ถนน' 'ความสะอาด' 'ป้าย' 'ป้าย' 'ทางเท้า' 'ความสะอาด' 'ทางเท้า'
 'ความสะอาด' 'ถนน' 'ความสะอาด' 'ถนน' 'ความสะอาด' 'น้ำท่วม' 'ความสะอาด'
 'ความสะอาด' 'ทางเท้า' 'ทางเท้า' 'ถนน' 'เสียงรบกวน' 'ความสะอาด' 'ป้าย'
 'ถนน' 'ต้นไม้' 'ทางเท้า' 'ถนน' 'ทางเท้า' 'น้ำท่วม' 'ป้าย' 'ความสะอาด'
 'ถนน' 'ความสะอาด' 'ถนน' 'ความสะอาด' 'ทางเท้า' 'ความสะอาด' 'ทางเท้า' 'ถนน'
 'เสียงรบกวน' 'น้ำท่วม' 'ถนน' 'ถนน' 'ถนน' 'ความสะอาด' 'ทางเท้า' 'ป้าย'
 'ความสะอาด' 'ความสะอาด' 'ถนน' 'เสียงรบกวน' 'ความสะอาด' 'ทางเท้า' 'ถนน'
 'ความสะอาด' 'ความสะอาด' 'ความสะอาด' 'น้ำท่วม' 'ทางเท้า' 'ทางเท้า'
 'ความสะอาด' 'ถนน' 'ความสะอาด' 'จราจร' 'ทางเท้า' 'ความสะอาด' 'ความสะอาด'
 'ทางเท้า' 'ถนน' 'ความสะอาด' 'ถนน' 'ถนน' 'ความสะอาด' 'ความสะอาด' 'ทางเท้า'
 'ความสะอาด' 'ทางเท้า' 'ความสะอาด' 'ถนน' 'น้ำท่วม' 'ความสะอาด' 'ความสะอาด'
 'ป้าย' 'เสียงรบกวน' 'ความสะอาด' 'ความสะอาด' 'ทางเท้า' 'ทางเท้า' 'ป้าย'
 'ป้าย' 'ความสะอาด' 'ความสะอาด' 'ป้าย' 'ความสะอาด' 'ความสะอาด' 'ถนน'
 'ความสะอาด' 'ป้าย' 'ท่อระบายน้ำ' 'ทางเท้า' 'ความสะอาด' 'ความปลอดภัย'
 'ป้าย' 'ความสะอาด' 'ความสะอาด' 'ทางเท้า' 'ถนน' 'ทางเท้า' 'ความสะอาด'
 'ความสะอาด' 'ทางเท้า' 'ป้าย' 'ทางเท้า' 'ทางเท้า' 'ความสะอาด' 'ความสะอาด'
 'ความสะอาด' 'ความสะอาด' 'ความสะอาด' 'ถนน' 'ต้นไม้' 'ทางเท้า' 'ความสะอาด'
 'ความสะอาด' 'ป้าย' 'ทางเท้า' 'แสงสว่าง' 'ความสะอาด' 'ความสะอาด'
 'ความสะอาด' 'ความสะอาด' 'ความสะอาด' 'เสียงรบกวน' 'ความสะอาด' 'ป้าย'
 'ต้นไม้' 'เสียงรบกวน' 'ความสะอาด' 'ถนน' 'ป้าย' 'ความสะอาด' 'ถนน'
 'ความสะอาด' 'ถนน' 'ถนน' 'ท่อระบายน้ำ' 'ความสะอาด' 'เสียงรบกวน'
 'ความสะอาด' 'ต้นไม้' 'ความสะอาด' 'ความสะอาด' 'ความสะอาด' 'ท่อระบายน้ำ'
 'ความสะอาด' 'ป้าย' 'ความสะอาด' 'ทางเท้า' 'ความสะอาด' 'ความปลอดภัย'
 'ต้นไม้' 'ทางเท้า' 'ต้นไม้' 'กีดขวาง' 'ท่อระบายน้ำ' 'ทางเท้า' 'ความสะอาด'
 'ความสะอาด' 'ป้าย' 'ทางเท้า' 'ความสะอาด' 'ต้นไม้' 'ความสะอาด' 'ทางเท้า'
 'ความสะอาด' 'ป้าย' 'ถนน' 'ความสะอาด' 'ต้นไม้' 'ทางเท้า' 'ถนน' 'ความสะอาด'
 'ความสะอาด' 'ถนน' 'ความสะอาด' 'ป้าย' 'ความสะอาด' 'สายไฟ' 'ความสะอาด'
 'ทางเท้า' 'ถนน' 'ถนน' 'ความสะอาด' 'ความสะอาด' 'ความสะอาด' 'ถนน'
 'ความสะอาด' 'ทางเท้า' 'ท่อระบายน้ำ' 'ทางเท้า' 'ทางเท้า' 'ความสะอาด'
 'ป้าย' 'ความสะอาด' 'น้ำท่วม' 'ทางเท้า' 'ความสะอาด' 'จราจร' 'ความสะอาด'
 'ความสะอาด' 'ป้าย' 'ถนน' 'กีดขวาง' 'กีดขวาง' 'ต้นไม้' 'ถนน' 'ความสะอาด'
 'ถนน' 'ทางเท้า' 'ท่อระบายน้ำ' 'ความสะอาด' 'ต้นไม้' 'ความสะอาด' 'ทางเท้า'
 'ถนน' 'ความสะอาด' 'ความสะอาด' 'ถนน' 'ต้นไม้' 'ถนน' 'กีดขวาง' 'ความสะอาด'
 'ถนน' 'ความสะอาด' 'ความสะอาด' 'ทางเท้า' 'ความสะอาด' 'ท่อระบายน้ำ'
 'ความสะอาด' 'ท่อระบายน้ำ' 'ทางเท้า' 'จราจร' 'แสงสว่าง' 'ถนน' 'ความสะอาด'
 'ท่อระบายน้ำ' 'ความสะอาด' 'น้ำท่วม' 'กีดขวาง' 'กีดขวาง' 'ถนน' 'ความสะอาด'
 'เสียงรบกวน' 'ทางเท้า' 'ป้าย' 'ป้าย' 'ความสะอาด' 'ความสะอาด'
 'ท่อระบายน้ำ' 'ถนน' 'ความสะอาด' 'ความสะอาด' 'ความสะอาด' 'ความปลอดภัย'
 'ความปลอดภัย' 'ความสะอาด' 'ท่อระบายน้ำ' 'ป้าย' 'ความสะอาด' 'ทางเท้า'
 'เสียงรบกวน' 'ความสะอาด' 'ความปลอดภัย' 'ความสะอาด' 'ความสะอาด'
 'สัตว์จรจัด' 'ความสะอาด' 'ความสะอาด' 'ทางเท้า' 'เสียงรบกวน' 'กีดขวาง'
 'ความปลอดภัย' 'ความสะอาด' 'ความสะอาด' 'ท่อระบายน้ำ' 'ทางเท้า' 'ถนน'
 'ป้าย' 'ทางเท้า' 'ถนน' 'ทางเท้า' 'ทางเท้า' 'ต้นไม้' 'ห้องน้ำ' 'ทางเท้า'
 'ท่อระบายน้ำ' 'ทางเท้า' 'ความสะอาด' 'น้ำท่วม' 'ป้าย' 'ความสะอาด'
 'ความปลอดภัย' 'ความสะอาด' 'ต้นไม้' 'ป้าย' 'ทางเท้า' 'ถนน' 'จราจร'
 'ความสะอาด' 'ถนน' 'ทางเท้า' 'ท่อระบายน้ำ' 'ถนน' 'ความสะอาด']
[2022-12-05T07:46:38.621+0000] {python.py:177} INFO - Done. Returned value was: None
[2022-12-05T07:46:38.630+0000] {taskinstance.py:1406} INFO - Marking task as SUCCESS. dag_id=traffy_fondue_data_analyst, task_id=model_processing, execution_date=20221205T074614, start_date=20221205T074631, end_date=20221205T074638
[2022-12-05T07:46:38.701+0000] {local_task_job.py:159} INFO - Task exited with return code 0
[2022-12-05T07:46:38.714+0000] {taskinstance.py:2623} INFO - 0 downstream tasks scheduled from follow-on schedule check
