[2022-12-05T08:12:09.878+0000] {taskinstance.py:1165} INFO - Dependencies all met for <TaskInstance: traffy_fondue_data_analyst.extract_data manual__2022-12-05T08:10:24.784477+00:00 [queued]>
[2022-12-05T08:12:09.884+0000] {taskinstance.py:1165} INFO - Dependencies all met for <TaskInstance: traffy_fondue_data_analyst.extract_data manual__2022-12-05T08:10:24.784477+00:00 [queued]>
[2022-12-05T08:12:09.885+0000] {taskinstance.py:1362} INFO - 
--------------------------------------------------------------------------------
[2022-12-05T08:12:09.886+0000] {taskinstance.py:1363} INFO - Starting attempt 2 of 2
[2022-12-05T08:12:09.887+0000] {taskinstance.py:1364} INFO - 
--------------------------------------------------------------------------------
[2022-12-05T08:12:09.896+0000] {taskinstance.py:1383} INFO - Executing <Task(PythonOperator): extract_data> on 2022-12-05 08:10:24.784477+00:00
[2022-12-05T08:12:09.906+0000] {standard_task_runner.py:55} INFO - Started process 2489 to run task
[2022-12-05T08:12:09.908+0000] {standard_task_runner.py:82} INFO - Running: ['***', 'tasks', 'run', 'traffy_fondue_data_analyst', 'extract_data', 'manual__2022-12-05T08:10:24.784477+00:00', '--job-id', '160', '--raw', '--subdir', 'DAGS_FOLDER/data_tools_final_oprator.py', '--cfg-path', '/tmp/tmpmqbzptxu']
[2022-12-05T08:12:09.910+0000] {standard_task_runner.py:83} INFO - Job 160: Subtask extract_data
[2022-12-05T08:12:09.951+0000] {task_command.py:376} INFO - Running <TaskInstance: traffy_fondue_data_analyst.extract_data manual__2022-12-05T08:10:24.784477+00:00 [running]> on host 0bd7e010c569
[2022-12-05T08:12:09.990+0000] {taskinstance.py:1592} INFO - Exporting the following env vars:
AIRFLOW_CTX_DAG_OWNER=***
AIRFLOW_CTX_DAG_ID=traffy_fondue_data_analyst
AIRFLOW_CTX_TASK_ID=extract_data
AIRFLOW_CTX_EXECUTION_DATE=2022-12-05T08:10:24.784477+00:00
AIRFLOW_CTX_TRY_NUMBER=2
AIRFLOW_CTX_DAG_RUN_ID=manual__2022-12-05T08:10:24.784477+00:00
[2022-12-05T08:12:10.371+0000] {logging_mixin.py:137} INFO - start extract data
[2022-12-05T08:12:10.898+0000] {logging_mixin.py:137} INFO - start call api data
[2022-12-05T08:12:11.435+0000] {logging_mixin.py:137} INFO - start call api data
[2022-12-05T08:12:11.924+0000] {logging_mixin.py:137} INFO - start call api data
[2022-12-05T08:12:12.568+0000] {logging_mixin.py:137} INFO - start call api data
[2022-12-05T08:12:13.088+0000] {logging_mixin.py:137} INFO - start call api data
[2022-12-05T08:12:13.589+0000] {logging_mixin.py:137} INFO - start call api data
[2022-12-05T08:12:14.140+0000] {logging_mixin.py:137} INFO - start call api data
[2022-12-05T08:12:14.658+0000] {logging_mixin.py:137} INFO - start call api data
[2022-12-05T08:12:15.192+0000] {logging_mixin.py:137} INFO - start call api data
[2022-12-05T08:12:15.922+0000] {logging_mixin.py:137} INFO - start call api data
[2022-12-05T08:12:16.434+0000] {logging_mixin.py:137} INFO - start call api data
[2022-12-05T08:12:18.446+0000] {python.py:177} INFO - Done. Returned value was: None
[2022-12-05T08:12:18.453+0000] {taskinstance.py:1406} INFO - Marking task as SUCCESS. dag_id=traffy_fondue_data_analyst, task_id=extract_data, execution_date=20221205T081024, start_date=20221205T081209, end_date=20221205T081218
[2022-12-05T08:12:18.505+0000] {local_task_job.py:159} INFO - Task exited with return code 0
[2022-12-05T08:12:18.518+0000] {taskinstance.py:2623} INFO - 1 downstream tasks scheduled from follow-on schedule check
