[2022-12-05T08:10:28.059+0000] {taskinstance.py:1165} INFO - Dependencies all met for <TaskInstance: traffy_fondue_data_analyst.extract_data manual__2022-12-05T08:10:24.784477+00:00 [queued]>
[2022-12-05T08:10:28.066+0000] {taskinstance.py:1165} INFO - Dependencies all met for <TaskInstance: traffy_fondue_data_analyst.extract_data manual__2022-12-05T08:10:24.784477+00:00 [queued]>
[2022-12-05T08:10:28.067+0000] {taskinstance.py:1362} INFO - 
--------------------------------------------------------------------------------
[2022-12-05T08:10:28.068+0000] {taskinstance.py:1363} INFO - Starting attempt 1 of 1
[2022-12-05T08:10:28.069+0000] {taskinstance.py:1364} INFO - 
--------------------------------------------------------------------------------
[2022-12-05T08:10:28.078+0000] {taskinstance.py:1383} INFO - Executing <Task(PythonOperator): extract_data> on 2022-12-05 08:10:24.784477+00:00
[2022-12-05T08:10:28.086+0000] {standard_task_runner.py:55} INFO - Started process 2394 to run task
[2022-12-05T08:10:28.089+0000] {standard_task_runner.py:82} INFO - Running: ['***', 'tasks', 'run', 'traffy_fondue_data_analyst', 'extract_data', 'manual__2022-12-05T08:10:24.784477+00:00', '--job-id', '158', '--raw', '--subdir', 'DAGS_FOLDER/data_tools_final_oprator.py', '--cfg-path', '/tmp/tmpz8yq7eo9']
[2022-12-05T08:10:28.091+0000] {standard_task_runner.py:83} INFO - Job 158: Subtask extract_data
[2022-12-05T08:10:28.139+0000] {task_command.py:376} INFO - Running <TaskInstance: traffy_fondue_data_analyst.extract_data manual__2022-12-05T08:10:24.784477+00:00 [running]> on host 0bd7e010c569
[2022-12-05T08:10:28.198+0000] {taskinstance.py:1592} INFO - Exporting the following env vars:
AIRFLOW_CTX_DAG_OWNER=***
AIRFLOW_CTX_DAG_ID=traffy_fondue_data_analyst
AIRFLOW_CTX_TASK_ID=extract_data
AIRFLOW_CTX_EXECUTION_DATE=2022-12-05T08:10:24.784477+00:00
AIRFLOW_CTX_TRY_NUMBER=1
AIRFLOW_CTX_DAG_RUN_ID=manual__2022-12-05T08:10:24.784477+00:00
[2022-12-05T08:10:28.615+0000] {logging_mixin.py:137} INFO - start extract data
[2022-12-05T08:10:29.127+0000] {logging_mixin.py:137} INFO - start call api data
[2022-12-05T08:10:29.627+0000] {logging_mixin.py:137} INFO - start call api data
[2022-12-05T08:10:30.188+0000] {logging_mixin.py:137} INFO - start call api data
[2022-12-05T08:10:30.693+0000] {logging_mixin.py:137} INFO - start call api data
[2022-12-05T08:10:31.222+0000] {logging_mixin.py:137} INFO - start call api data
[2022-12-05T08:10:31.720+0000] {logging_mixin.py:137} INFO - start call api data
[2022-12-05T08:10:32.238+0000] {logging_mixin.py:137} INFO - start call api data
[2022-12-05T08:10:32.804+0000] {logging_mixin.py:137} INFO - start call api data
[2022-12-05T08:10:33.309+0000] {logging_mixin.py:137} INFO - start call api data
[2022-12-05T08:10:33.825+0000] {logging_mixin.py:137} INFO - start call api data
[2022-12-05T08:10:34.352+0000] {logging_mixin.py:137} INFO - start call api data
[2022-12-05T08:10:36.281+0000] {python.py:177} INFO - Done. Returned value was: None
[2022-12-05T08:10:36.288+0000] {taskinstance.py:1406} INFO - Marking task as SUCCESS. dag_id=traffy_fondue_data_analyst, task_id=extract_data, execution_date=20221205T081024, start_date=20221205T081028, end_date=20221205T081036
[2022-12-05T08:10:36.321+0000] {local_task_job.py:159} INFO - Task exited with return code 0
[2022-12-05T08:10:36.334+0000] {taskinstance.py:2623} INFO - 1 downstream tasks scheduled from follow-on schedule check
