[2022-12-05T07:25:15.916+0000] {taskinstance.py:1165} INFO - Dependencies all met for <TaskInstance: traffy_fondue_data_analyst.extract_data scheduled__2022-12-04T00:00:00+00:00 [queued]>
[2022-12-05T07:25:15.923+0000] {taskinstance.py:1165} INFO - Dependencies all met for <TaskInstance: traffy_fondue_data_analyst.extract_data scheduled__2022-12-04T00:00:00+00:00 [queued]>
[2022-12-05T07:25:15.925+0000] {taskinstance.py:1362} INFO - 
--------------------------------------------------------------------------------
[2022-12-05T07:25:15.926+0000] {taskinstance.py:1363} INFO - Starting attempt 1 of 1
[2022-12-05T07:25:15.926+0000] {taskinstance.py:1364} INFO - 
--------------------------------------------------------------------------------
[2022-12-05T07:25:15.935+0000] {taskinstance.py:1383} INFO - Executing <Task(PythonOperator): extract_data> on 2022-12-04 00:00:00+00:00
[2022-12-05T07:25:15.944+0000] {standard_task_runner.py:55} INFO - Started process 82 to run task
[2022-12-05T07:25:15.947+0000] {standard_task_runner.py:82} INFO - Running: ['***', 'tasks', 'run', 'traffy_fondue_data_analyst', 'extract_data', 'scheduled__2022-12-04T00:00:00+00:00', '--job-id', '152', '--raw', '--subdir', 'DAGS_FOLDER/data_tools_final._oprator.py', '--cfg-path', '/tmp/tmp8s6cff_k']
[2022-12-05T07:25:15.950+0000] {standard_task_runner.py:83} INFO - Job 152: Subtask extract_data
[2022-12-05T07:25:15.996+0000] {task_command.py:376} INFO - Running <TaskInstance: traffy_fondue_data_analyst.extract_data scheduled__2022-12-04T00:00:00+00:00 [running]> on host 0bd7e010c569
[2022-12-05T07:25:16.041+0000] {taskinstance.py:1592} INFO - Exporting the following env vars:
AIRFLOW_CTX_DAG_OWNER=***
AIRFLOW_CTX_DAG_ID=traffy_fondue_data_analyst
AIRFLOW_CTX_TASK_ID=extract_data
AIRFLOW_CTX_EXECUTION_DATE=2022-12-04T00:00:00+00:00
AIRFLOW_CTX_TRY_NUMBER=1
AIRFLOW_CTX_DAG_RUN_ID=scheduled__2022-12-04T00:00:00+00:00
[2022-12-05T07:25:16.495+0000] {logging_mixin.py:137} INFO - start extract data
[2022-12-05T07:25:24.401+0000] {logging_mixin.py:137} INFO - start call api data
[2022-12-05T07:25:32.739+0000] {logging_mixin.py:137} INFO - start call api data
[2022-12-05T07:25:45.824+0000] {logging_mixin.py:137} INFO - start call api data
[2022-12-05T07:25:54.204+0000] {logging_mixin.py:137} INFO - start call api data
[2022-12-05T07:26:02.416+0000] {logging_mixin.py:137} INFO - start call api data
[2022-12-05T07:26:10.481+0000] {logging_mixin.py:137} INFO - start call api data
[2022-12-05T07:26:22.813+0000] {logging_mixin.py:137} INFO - start call api data
[2022-12-05T07:26:30.702+0000] {logging_mixin.py:137} INFO - start call api data
[2022-12-05T07:26:39.106+0000] {logging_mixin.py:137} INFO - start call api data
[2022-12-05T07:26:54.817+0000] {logging_mixin.py:137} INFO - start call api data
[2022-12-05T07:27:03.031+0000] {logging_mixin.py:137} INFO - start call api data
[2022-12-05T07:27:04.911+0000] {python.py:177} INFO - Done. Returned value was: None
[2022-12-05T07:27:04.919+0000] {taskinstance.py:1406} INFO - Marking task as SUCCESS. dag_id=traffy_fondue_data_analyst, task_id=extract_data, execution_date=20221204T000000, start_date=20221205T072515, end_date=20221205T072704
[2022-12-05T07:27:04.966+0000] {local_task_job.py:159} INFO - Task exited with return code 0
[2022-12-05T07:27:04.980+0000] {taskinstance.py:2623} INFO - 1 downstream tasks scheduled from follow-on schedule check
