[2022-12-04T07:16:09.886+0000] {taskinstance.py:1165} INFO - Dependencies all met for <TaskInstance: traffy_fondue_data_analyst.extract_data scheduled__2022-12-03T00:00:00+00:00 [queued]>
[2022-12-04T07:16:09.893+0000] {taskinstance.py:1165} INFO - Dependencies all met for <TaskInstance: traffy_fondue_data_analyst.extract_data scheduled__2022-12-03T00:00:00+00:00 [queued]>
[2022-12-04T07:16:09.894+0000] {taskinstance.py:1362} INFO - 
--------------------------------------------------------------------------------
[2022-12-04T07:16:09.895+0000] {taskinstance.py:1363} INFO - Starting attempt 1 of 1
[2022-12-04T07:16:09.895+0000] {taskinstance.py:1364} INFO - 
--------------------------------------------------------------------------------
[2022-12-04T07:16:09.903+0000] {taskinstance.py:1383} INFO - Executing <Task(PythonOperator): extract_data> on 2022-12-03 00:00:00+00:00
[2022-12-04T07:16:09.908+0000] {standard_task_runner.py:55} INFO - Started process 2957 to run task
[2022-12-04T07:16:09.912+0000] {standard_task_runner.py:82} INFO - Running: ['***', 'tasks', 'run', 'traffy_fondue_data_analyst', 'extract_data', 'scheduled__2022-12-03T00:00:00+00:00', '--job-id', '137', '--raw', '--subdir', 'DAGS_FOLDER/data_tools_final._oprator.py', '--cfg-path', '/tmp/tmpfypu2zju']
[2022-12-04T07:16:09.913+0000] {standard_task_runner.py:83} INFO - Job 137: Subtask extract_data
[2022-12-04T07:16:09.951+0000] {task_command.py:376} INFO - Running <TaskInstance: traffy_fondue_data_analyst.extract_data scheduled__2022-12-03T00:00:00+00:00 [running]> on host 71a129efd3d8
[2022-12-04T07:16:09.990+0000] {taskinstance.py:1592} INFO - Exporting the following env vars:
AIRFLOW_CTX_DAG_OWNER=***
AIRFLOW_CTX_DAG_ID=traffy_fondue_data_analyst
AIRFLOW_CTX_TASK_ID=extract_data
AIRFLOW_CTX_EXECUTION_DATE=2022-12-03T00:00:00+00:00
AIRFLOW_CTX_TRY_NUMBER=1
AIRFLOW_CTX_DAG_RUN_ID=scheduled__2022-12-03T00:00:00+00:00
[2022-12-04T07:16:10.661+0000] {logging_mixin.py:137} INFO - start extract data
[2022-12-04T07:16:11.782+0000] {logging_mixin.py:137} INFO - start call api data
[2022-12-04T07:16:12.834+0000] {logging_mixin.py:137} INFO - start call api data
[2022-12-04T07:16:13.980+0000] {logging_mixin.py:137} INFO - start call api data
[2022-12-04T07:16:16.549+0000] {logging_mixin.py:137} INFO - start call api data
[2022-12-04T07:16:17.901+0000] {logging_mixin.py:137} INFO - start call api data
[2022-12-04T07:16:18.806+0000] {logging_mixin.py:137} INFO - start call api data
[2022-12-04T07:16:19.808+0000] {logging_mixin.py:137} INFO - start call api data
[2022-12-04T07:16:20.504+0000] {logging_mixin.py:137} INFO - start call api data
[2022-12-04T07:16:21.550+0000] {logging_mixin.py:137} INFO - start call api data
[2022-12-04T07:16:22.278+0000] {logging_mixin.py:137} INFO - start call api data
[2022-12-04T07:16:22.969+0000] {logging_mixin.py:137} INFO - start call api data
[2022-12-04T07:16:25.143+0000] {python.py:177} INFO - Done. Returned value was: None
[2022-12-04T07:16:25.154+0000] {taskinstance.py:1406} INFO - Marking task as SUCCESS. dag_id=traffy_fondue_data_analyst, task_id=extract_data, execution_date=20221203T000000, start_date=20221204T071609, end_date=20221204T071625
[2022-12-04T07:16:25.208+0000] {local_task_job.py:159} INFO - Task exited with return code 0
[2022-12-04T07:16:25.221+0000] {taskinstance.py:2623} INFO - 0 downstream tasks scheduled from follow-on schedule check
