[2022-12-05T10:41:34.376+0000] {taskinstance.py:1165} INFO - Dependencies all met for <TaskInstance: traffy_fondue_data_analyst.extract_data manual__2022-12-05T10:41:30.816280+00:00 [queued]>
[2022-12-05T10:41:34.382+0000] {taskinstance.py:1165} INFO - Dependencies all met for <TaskInstance: traffy_fondue_data_analyst.extract_data manual__2022-12-05T10:41:30.816280+00:00 [queued]>
[2022-12-05T10:41:34.383+0000] {taskinstance.py:1362} INFO - 
--------------------------------------------------------------------------------
[2022-12-05T10:41:34.383+0000] {taskinstance.py:1363} INFO - Starting attempt 1 of 1
[2022-12-05T10:41:34.384+0000] {taskinstance.py:1364} INFO - 
--------------------------------------------------------------------------------
[2022-12-05T10:41:34.391+0000] {taskinstance.py:1383} INFO - Executing <Task(PythonOperator): extract_data> on 2022-12-05 10:41:30.816280+00:00
[2022-12-05T10:41:34.401+0000] {standard_task_runner.py:55} INFO - Started process 1377 to run task
[2022-12-05T10:41:34.404+0000] {standard_task_runner.py:82} INFO - Running: ['***', 'tasks', 'run', 'traffy_fondue_data_analyst', 'extract_data', 'manual__2022-12-05T10:41:30.816280+00:00', '--job-id', '169', '--raw', '--subdir', 'DAGS_FOLDER/data_tools_final_oprator.py', '--cfg-path', '/tmp/tmplifd3rd3']
[2022-12-05T10:41:34.406+0000] {standard_task_runner.py:83} INFO - Job 169: Subtask extract_data
[2022-12-05T10:41:34.448+0000] {task_command.py:376} INFO - Running <TaskInstance: traffy_fondue_data_analyst.extract_data manual__2022-12-05T10:41:30.816280+00:00 [running]> on host 804f865bf5b9
[2022-12-05T10:41:34.489+0000] {taskinstance.py:1592} INFO - Exporting the following env vars:
AIRFLOW_CTX_DAG_OWNER=***
AIRFLOW_CTX_DAG_ID=traffy_fondue_data_analyst
AIRFLOW_CTX_TASK_ID=extract_data
AIRFLOW_CTX_EXECUTION_DATE=2022-12-05T10:41:30.816280+00:00
AIRFLOW_CTX_TRY_NUMBER=1
AIRFLOW_CTX_DAG_RUN_ID=manual__2022-12-05T10:41:30.816280+00:00
[2022-12-05T10:41:34.889+0000] {logging_mixin.py:137} INFO - start extract data
[2022-12-05T10:41:35.427+0000] {logging_mixin.py:137} INFO - start call api data
[2022-12-05T10:41:35.980+0000] {logging_mixin.py:137} INFO - start call api data
[2022-12-05T10:41:36.600+0000] {logging_mixin.py:137} INFO - start call api data
[2022-12-05T10:41:37.131+0000] {logging_mixin.py:137} INFO - start call api data
[2022-12-05T10:41:37.777+0000] {logging_mixin.py:137} INFO - start call api data
[2022-12-05T10:41:38.275+0000] {logging_mixin.py:137} INFO - start call api data
[2022-12-05T10:41:38.849+0000] {logging_mixin.py:137} INFO - start call api data
[2022-12-05T10:41:39.352+0000] {logging_mixin.py:137} INFO - start call api data
[2022-12-05T10:41:39.938+0000] {logging_mixin.py:137} INFO - start call api data
[2022-12-05T10:41:40.456+0000] {logging_mixin.py:137} INFO - start call api data
[2022-12-05T10:41:40.976+0000] {logging_mixin.py:137} INFO - start call api data
[2022-12-05T10:41:41.973+0000] {python.py:177} INFO - Done. Returned value was: None
[2022-12-05T10:41:41.981+0000] {taskinstance.py:1406} INFO - Marking task as SUCCESS. dag_id=traffy_fondue_data_analyst, task_id=extract_data, execution_date=20221205T104130, start_date=20221205T104134, end_date=20221205T104141
[2022-12-05T10:41:42.032+0000] {local_task_job.py:159} INFO - Task exited with return code 0
[2022-12-05T10:41:42.045+0000] {taskinstance.py:2623} INFO - 1 downstream tasks scheduled from follow-on schedule check
